-------------------------------------------------------------------------------
Test set: starter.CucumberTestSuite
-------------------------------------------------------------------------------
Tests run: 21, Failures: 3, Errors: 0, Skipped: 0, Time elapsed: 198.5 s <<< FAILURE! -- in starter.CucumberTestSuite
Validar que se cumplan los requerimientos del usuario para la funcionalidad "Registro de Usuario".Validar que si no se introduce un email con el formato correcto, no se habilite el boton registrar -- Time elapsed: 5.625 s <<< FAILURE!
java.lang.AssertionError: 

Expected: <false>
     but: was <true>
	at net.serenitybdd.screenplay.ErrorTally.throwSummaryExceptionFrom(ErrorTally.java:38)
	at net.serenitybdd.screenplay.ErrorTally.reportAnyErrors(ErrorTally.java:32)
	at net.serenitybdd.screenplay.Actor.should(Actor.java:397)
	at starter.stepdefinations.registroDeUsuario.ValidationUserRequirementsSteps.validateSignUpButtonState(ValidationUserRequirementsSteps.java:50)
	at ✽.comprueba el estado del botón registrar(file:///D:/Proyectos%20Programacion/Prueba-T-cinca---Inlaze/src/test/resources/features/01.RegistroDeUsuarios/RegistroDeUsuarios.feature:38)

Validar que se cumplan los requerimientos del usuario para la funcionalidad "Registro de Usuario".Validar que si se introduce un email ya registrado, se presente un mensaje de error y no permita registrar al usuario -- Time elapsed: 16.62 s <<< FAILURE!
java.lang.AssertionError: 

Expected: an element that is visible
     but: no matching element found by [Mensaje Usuario no se pudo registrar located with: xpath: /html/body/app-root/app-toasts-container/div/app-toast[3]/div/div[2]]
	at net.serenitybdd.screenplay.ErrorTally.throwSummaryExceptionFrom(ErrorTally.java:38)
	at net.serenitybdd.screenplay.ErrorTally.reportAnyErrors(ErrorTally.java:32)
	at net.serenitybdd.screenplay.Actor.should(Actor.java:397)
	at net.serenitybdd.screenplay.waits.WaitUntilBuilder$1.performAs(WaitUntilBuilder.java:29)
	at net.serenitybdd.screenplay.Actor.performTask(Actor.java:299)
	at net.serenitybdd.screenplay.Actor.perform(Actor.java:274)
	at net.serenitybdd.screenplay.Actor.performSilently(Actor.java:254)
	at net.serenitybdd.screenplay.Actor.attemptsTo(Actor.java:211)
	at net.serenitybdd.screenplay.Actor.attemptsTo(Actor.java:222)
	at starter.stepdefinations.registroDeUsuario.ValidateErrorRegisterUserSteps.validateErrorRegisterUser(ValidateErrorRegisterUserSteps.java:27)
	at ✽.el sistema muestra un mensaje de error(file:///D:/Proyectos%20Programacion/Prueba-T-cinca---Inlaze/src/test/resources/features/01.RegistroDeUsuarios/RegistroDeUsuarios.feature:49)

Validar que se cumplan los requerimientos del usuario para la funcionalidad "Registro de Usuario".Validar que si no secumplen todas las condiciones para los campos "Contraseña" y "Confirmar contraseña", no se habilite el boton registrar #4 -- Time elapsed: 5.474 s <<< FAILURE!
java.lang.AssertionError: 

Expected: <false>
     but: was <true>
	at net.serenitybdd.screenplay.ErrorTally.throwSummaryExceptionFrom(ErrorTally.java:38)
	at net.serenitybdd.screenplay.ErrorTally.reportAnyErrors(ErrorTally.java:32)
	at net.serenitybdd.screenplay.Actor.should(Actor.java:397)
	at starter.stepdefinations.registroDeUsuario.ValidationUserRequirementsSteps.validateSignUpButtonState(ValidationUserRequirementsSteps.java:50)
	at ✽.comprueba el estado del botón registrar(file:///D:/Proyectos%20Programacion/Prueba-T-cinca---Inlaze/src/test/resources/features/01.RegistroDeUsuarios/RegistroDeUsuarios.feature:58)

