<?xml version="1.0" encoding="UTF-8"?>
<testsuite xmlns:xsi="http://www.w3.org/2001/XMLSchema-instance" xsi:noNamespaceSchemaLocation="https://maven.apache.org/surefire/maven-failsafe-plugin/xsd/failsafe-test-report-3.0.xsd" version="3.0" name="starter.CucumberTestSuite" time="198.542" tests="21" errors="0" skipped="0" failures="3">
  <properties>
    <property name="java.specification.version" value="16"/>
    <property name="sun.cpu.isalist" value="amd64"/>
    <property name="sun.jnu.encoding" value="Cp1252"/>
    <property name="java.class.path" value="D:\Proyectos Programacion\Prueba-T-cinca---Inlaze\target\test-classes;D:\Proyectos Programacion\Prueba-T-cinca---Inlaze\target\PruebaTecnicaInlaze-1.0-SNAPSHOT.jar;C:\Users\Esteban\.m2\repository\net\serenity-bdd\serenity-core\4.1.0\serenity-core-4.1.0.jar;C:\Users\Esteban\.m2\repository\net\serenity-bdd\serenity-model\4.1.0\serenity-model-4.1.0.jar;C:\Users\Esteban\.m2\repository\org\apache\commons\commons-text\1.11.0\commons-text-1.11.0.jar;C:\Users\Esteban\.m2\repository\commons-net\commons-net\3.10.0\commons-net-3.10.0.jar;C:\Users\Esteban\.m2\repository\com\google\guava\guava\32.1.3-jre\guava-32.1.3-jre.jar;C:\Users\Esteban\.m2\repository\com\google\guava\failureaccess\1.0.1\failureaccess-1.0.1.jar;C:\Users\Esteban\.m2\repository\com\google\guava\listenablefuture\9999.0-empty-to-avoid-conflict-with-guava\listenablefuture-9999.0-empty-to-avoid-conflict-with-guava.jar;C:\Users\Esteban\.m2\repository\com\google\code\findbugs\jsr305\3.0.2\jsr305-3.0.2.jar;C:\Users\Esteban\.m2\repository\org\checkerframework\checker-qual\3.37.0\checker-qual-3.37.0.jar;C:\Users\Esteban\.m2\repository\com\google\errorprone\error_prone_annotations\2.21.1\error_prone_annotations-2.21.1.jar;C:\Users\Esteban\.m2\repository\com\google\j2objc\j2objc-annotations\2.8\j2objc-annotations-2.8.jar;C:\Users\Esteban\.m2\repository\org\jsoup\jsoup\1.15.4\jsoup-1.15.4.jar;C:\Users\Esteban\.m2\repository\com\thoughtworks\xstream\xstream\1.4.20\xstream-1.4.20.jar;C:\Users\Esteban\.m2\repository\io\github\x-stream\mxparser\1.2.2\mxparser-1.2.2.jar;C:\Users\Esteban\.m2\repository\xmlpull\xmlpull\1.1.3.1\xmlpull-1.1.3.1.jar;C:\Users\Esteban\.m2\repository\com\typesafe\config\1.4.3\config-1.4.3.jar;C:\Users\Esteban\.m2\repository\org\imgscalr\imgscalr-lib\4.2\imgscalr-lib-4.2.jar;C:\Users\Esteban\.m2\repository\org\awaitility\awaitility\4.2.0\awaitility-4.2.0.jar;C:\Users\Esteban\.m2\repository\org\freemarker\freemarker\2.3.32\freemarker-2.3.32.jar;C:\Users\Esteban\.m2\repository\io\github\classgraph\classgraph\4.8.157\classgraph-4.8.157.jar;C:\Users\Esteban\.m2\repository\com\github\ben-manes\caffeine\caffeine\2.9.2\caffeine-2.9.2.jar;C:\Users\Esteban\.m2\repository\org\ehcache\ehcache\3.10.8\ehcache-3.10.8.jar;C:\Users\Esteban\.m2\repository\javax\cache\cache-api\1.1.0\cache-api-1.1.0.jar;C:\Users\Esteban\.m2\repository\net\sourceforge\jexcelapi\jxl\2.6.12\jxl-2.6.12.jar;C:\Users\Esteban\.m2\repository\net\bytebuddy\byte-buddy-agent\1.14.10\byte-buddy-agent-1.14.10.jar;C:\Users\Esteban\.m2\repository\org\objenesis\objenesis\3.3\objenesis-3.3.jar;C:\Users\Esteban\.m2\repository\com\vladsch\flexmark\flexmark-all\0.64.8\flexmark-all-0.64.8.jar;C:\Users\Esteban\.m2\repository\com\vladsch\flexmark\flexmark\0.64.8\flexmark-0.64.8.jar;C:\Users\Esteban\.m2\repository\com\vladsch\flexmark\flexmark-ext-abbreviation\0.64.8\flexmark-ext-abbreviation-0.64.8.jar;C:\Users\Esteban\.m2\repository\com\vladsch\flexmark\flexmark-ext-admonition\0.64.8\flexmark-ext-admonition-0.64.8.jar;C:\Users\Esteban\.m2\repository\com\vladsch\flexmark\flexmark-ext-anchorlink\0.64.8\flexmark-ext-anchorlink-0.64.8.jar;C:\Users\Esteban\.m2\repository\com\vladsch\flexmark\flexmark-ext-aside\0.64.8\flexmark-ext-aside-0.64.8.jar;C:\Users\Esteban\.m2\repository\com\vladsch\flexmark\flexmark-ext-attributes\0.64.8\flexmark-ext-attributes-0.64.8.jar;C:\Users\Esteban\.m2\repository\com\vladsch\flexmark\flexmark-ext-autolink\0.64.8\flexmark-ext-autolink-0.64.8.jar;C:\Users\Esteban\.m2\repository\org\nibor\autolink\autolink\0.6.0\autolink-0.6.0.jar;C:\Users\Esteban\.m2\repository\com\vladsch\flexmark\flexmark-ext-definition\0.64.8\flexmark-ext-definition-0.64.8.jar;C:\Users\Esteban\.m2\repository\com\vladsch\flexmark\flexmark-ext-emoji\0.64.8\flexmark-ext-emoji-0.64.8.jar;C:\Users\Esteban\.m2\repository\com\vladsch\flexmark\flexmark-ext-enumerated-reference\0.64.8\flexmark-ext-enumerated-reference-0.64.8.jar;C:\Users\Esteban\.m2\repository\com\vladsch\flexmark\flexmark-ext-escaped-character\0.64.8\flexmark-ext-escaped-character-0.64.8.jar;C:\Users\Esteban\.m2\repository\com\vladsch\flexmark\flexmark-ext-footnotes\0.64.8\flexmark-ext-footnotes-0.64.8.jar;C:\Users\Esteban\.m2\repository\com\vladsch\flexmark\flexmark-ext-gfm-issues\0.64.8\flexmark-ext-gfm-issues-0.64.8.jar;C:\Users\Esteban\.m2\repository\com\vladsch\flexmark\flexmark-ext-gfm-strikethrough\0.64.8\flexmark-ext-gfm-strikethrough-0.64.8.jar;C:\Users\Esteban\.m2\repository\com\vladsch\flexmark\flexmark-ext-gfm-tasklist\0.64.8\flexmark-ext-gfm-tasklist-0.64.8.jar;C:\Users\Esteban\.m2\repository\com\vladsch\flexmark\flexmark-ext-gfm-users\0.64.8\flexmark-ext-gfm-users-0.64.8.jar;C:\Users\Esteban\.m2\repository\com\vladsch\flexmark\flexmark-ext-gitlab\0.64.8\flexmark-ext-gitlab-0.64.8.jar;C:\Users\Esteban\.m2\repository\com\vladsch\flexmark\flexmark-ext-jekyll-front-matter\0.64.8\flexmark-ext-jekyll-front-matter-0.64.8.jar;C:\Users\Esteban\.m2\repository\com\vladsch\flexmark\flexmark-ext-jekyll-tag\0.64.8\flexmark-ext-jekyll-tag-0.64.8.jar;C:\Users\Esteban\.m2\repository\com\vladsch\flexmark\flexmark-ext-media-tags\0.64.8\flexmark-ext-media-tags-0.64.8.jar;C:\Users\Esteban\.m2\repository\com\vladsch\flexmark\flexmark-ext-macros\0.64.8\flexmark-ext-macros-0.64.8.jar;C:\Users\Esteban\.m2\repository\com\vladsch\flexmark\flexmark-ext-ins\0.64.8\flexmark-ext-ins-0.64.8.jar;C:\Users\Esteban\.m2\repository\com\vladsch\flexmark\flexmark-ext-xwiki-macros\0.64.8\flexmark-ext-xwiki-macros-0.64.8.jar;C:\Users\Esteban\.m2\repository\com\vladsch\flexmark\flexmark-ext-superscript\0.64.8\flexmark-ext-superscript-0.64.8.jar;C:\Users\Esteban\.m2\repository\com\vladsch\flexmark\flexmark-ext-toc\0.64.8\flexmark-ext-toc-0.64.8.jar;C:\Users\Esteban\.m2\repository\com\vladsch\flexmark\flexmark-ext-typographic\0.64.8\flexmark-ext-typographic-0.64.8.jar;C:\Users\Esteban\.m2\repository\com\vladsch\flexmark\flexmark-ext-wikilink\0.64.8\flexmark-ext-wikilink-0.64.8.jar;C:\Users\Esteban\.m2\repository\com\vladsch\flexmark\flexmark-ext-yaml-front-matter\0.64.8\flexmark-ext-yaml-front-matter-0.64.8.jar;C:\Users\Esteban\.m2\repository\com\vladsch\flexmark\flexmark-ext-youtube-embedded\0.64.8\flexmark-ext-youtube-embedded-0.64.8.jar;C:\Users\Esteban\.m2\repository\com\vladsch\flexmark\flexmark-html2md-converter\0.64.8\flexmark-html2md-converter-0.64.8.jar;C:\Users\Esteban\.m2\repository\com\vladsch\flexmark\flexmark-jira-converter\0.64.8\flexmark-jira-converter-0.64.8.jar;C:\Users\Esteban\.m2\repository\com\vladsch\flexmark\flexmark-pdf-converter\0.64.8\flexmark-pdf-converter-0.64.8.jar;C:\Users\Esteban\.m2\repository\com\openhtmltopdf\openhtmltopdf-core\1.0.10\openhtmltopdf-core-1.0.10.jar;C:\Users\Esteban\.m2\repository\com\openhtmltopdf\openhtmltopdf-pdfbox\1.0.10\openhtmltopdf-pdfbox-1.0.10.jar;C:\Users\Esteban\.m2\repository\org\apache\pdfbox\pdfbox\2.0.24\pdfbox-2.0.24.jar;C:\Users\Esteban\.m2\repository\org\apache\pdfbox\fontbox\2.0.24\fontbox-2.0.24.jar;C:\Users\Esteban\.m2\repository\org\apache\pdfbox\xmpbox\2.0.24\xmpbox-2.0.24.jar;C:\Users\Esteban\.m2\repository\de\rototor\pdfbox\graphics2d\0.32\graphics2d-0.32.jar;C:\Users\Esteban\.m2\repository\com\openhtmltopdf\openhtmltopdf-rtl-support\1.0.10\openhtmltopdf-rtl-support-1.0.10.jar;C:\Users\Esteban\.m2\repository\com\vladsch\flexmark\flexmark-profile-pegdown\0.64.8\flexmark-profile-pegdown-0.64.8.jar;C:\Users\Esteban\.m2\repository\com\vladsch\flexmark\flexmark-util-ast\0.64.8\flexmark-util-ast-0.64.8.jar;C:\Users\Esteban\.m2\repository\com\vladsch\flexmark\flexmark-util-builder\0.64.8\flexmark-util-builder-0.64.8.jar;C:\Users\Esteban\.m2\repository\com\vladsch\flexmark\flexmark-util-collection\0.64.8\flexmark-util-collection-0.64.8.jar;C:\Users\Esteban\.m2\repository\com\vladsch\flexmark\flexmark-util-data\0.64.8\flexmark-util-data-0.64.8.jar;C:\Users\Esteban\.m2\repository\com\vladsch\flexmark\flexmark-util-dependency\0.64.8\flexmark-util-dependency-0.64.8.jar;C:\Users\Esteban\.m2\repository\com\vladsch\flexmark\flexmark-util-format\0.64.8\flexmark-util-format-0.64.8.jar;C:\Users\Esteban\.m2\repository\com\vladsch\flexmark\flexmark-util-html\0.64.8\flexmark-util-html-0.64.8.jar;C:\Users\Esteban\.m2\repository\com\vladsch\flexmark\flexmark-util-misc\0.64.8\flexmark-util-misc-0.64.8.jar;C:\Users\Esteban\.m2\repository\com\vladsch\flexmark\flexmark-util-options\0.64.8\flexmark-util-options-0.64.8.jar;C:\Users\Esteban\.m2\repository\com\vladsch\flexmark\flexmark-util-sequence\0.64.8\flexmark-util-sequence-0.64.8.jar;C:\Users\Esteban\.m2\repository\com\vladsch\flexmark\flexmark-util-visitor\0.64.8\flexmark-util-visitor-0.64.8.jar;C:\Users\Esteban\.m2\repository\com\vladsch\flexmark\flexmark-youtrack-converter\0.64.8\flexmark-youtrack-converter-0.64.8.jar;C:\Users\Esteban\.m2\repository\com\vladsch\flexmark\flexmark-ext-resizable-image\0.64.8\flexmark-ext-resizable-image-0.64.8.jar;C:\Users\Esteban\.m2\repository\com\vladsch\flexmark\flexmark-ext-tables\0.64.8\flexmark-ext-tables-0.64.8.jar;C:\Users\Esteban\.m2\repository\com\vladsch\flexmark\flexmark-util\0.64.8\flexmark-util-0.64.8.jar;C:\Users\Esteban\.m2\repository\net\serenity-bdd\serenity-reports\4.1.0\serenity-reports-4.1.0.jar;C:\Users\Esteban\.m2\repository\net\serenity-bdd\serenity-stats\4.1.0\serenity-stats-4.1.0.jar;C:\Users\Esteban\.m2\repository\net\serenity-bdd\serenity-reports-configuration\4.1.0\serenity-reports-configuration-4.1.0.jar;C:\Users\Esteban\.m2\repository\com\ibm\icu\icu4j\72.1\icu4j-72.1.jar;C:\Users\Esteban\.m2\repository\es\nitaur\markdown\txtmark\0.16\txtmark-0.16.jar;C:\Users\Esteban\.m2\repository\net\serenity-bdd\serenity-report-resources\4.1.0\serenity-report-resources-4.1.0.jar;C:\Users\Esteban\.m2\repository\com\google\code\gson\gson\2.10.1\gson-2.10.1.jar;C:\Users\Esteban\.m2\repository\com\fasterxml\jackson\core\jackson-core\2.16.0\jackson-core-2.16.0.jar;C:\Users\Esteban\.m2\repository\com\fasterxml\jackson\core\jackson-databind\2.16.0\jackson-databind-2.16.0.jar;C:\Users\Esteban\.m2\repository\com\fasterxml\jackson\core\jackson-annotations\2.16.0\jackson-annotations-2.16.0.jar;C:\Users\Esteban\.m2\repository\commons-codec\commons-codec\1.16.0\commons-codec-1.16.0.jar;C:\Users\Esteban\.m2\repository\commons-io\commons-io\2.15.1\commons-io-2.15.1.jar;C:\Users\Esteban\.m2\repository\org\apache\httpcomponents\httpclient\4.5.13\httpclient-4.5.13.jar;C:\Users\Esteban\.m2\repository\org\apache\httpcomponents\httpcore\4.4.13\httpcore-4.4.13.jar;C:\Users\Esteban\.m2\repository\commons-logging\commons-logging\1.2\commons-logging-1.2.jar;C:\Users\Esteban\.m2\repository\org\seleniumhq\selenium\selenium-java\4.16.1\selenium-java-4.16.1.jar;C:\Users\Esteban\.m2\repository\org\seleniumhq\selenium\selenium-devtools-v118\4.16.1\selenium-devtools-v118-4.16.1.jar;C:\Users\Esteban\.m2\repository\org\seleniumhq\selenium\selenium-devtools-v119\4.16.1\selenium-devtools-v119-4.16.1.jar;C:\Users\Esteban\.m2\repository\org\seleniumhq\selenium\selenium-devtools-v120\4.16.1\selenium-devtools-v120-4.16.1.jar;C:\Users\Esteban\.m2\repository\org\seleniumhq\selenium\selenium-devtools-v85\4.16.1\selenium-devtools-v85-4.16.1.jar;C:\Users\Esteban\.m2\repository\org\seleniumhq\selenium\selenium-remote-driver\4.16.1\selenium-remote-driver-4.16.1.jar;C:\Users\Esteban\.m2\repository\io\opentelemetry\opentelemetry-api\1.28.0\opentelemetry-api-1.28.0.jar;C:\Users\Esteban\.m2\repository\io\opentelemetry\opentelemetry-context\1.28.0\opentelemetry-context-1.28.0.jar;C:\Users\Esteban\.m2\repository\io\opentelemetry\opentelemetry-exporter-logging\1.28.0\opentelemetry-exporter-logging-1.28.0.jar;C:\Users\Esteban\.m2\repository\io\opentelemetry\opentelemetry-sdk-metrics\1.28.0\opentelemetry-sdk-metrics-1.28.0.jar;C:\Users\Esteban\.m2\repository\io\opentelemetry\opentelemetry-extension-incubator\1.28.0-alpha\opentelemetry-extension-incubator-1.28.0-alpha.jar;C:\Users\Esteban\.m2\repository\io\opentelemetry\opentelemetry-sdk-logs\1.28.0\opentelemetry-sdk-logs-1.28.0.jar;C:\Users\Esteban\.m2\repository\io\opentelemetry\opentelemetry-sdk-common\1.28.0\opentelemetry-sdk-common-1.28.0.jar;C:\Users\Esteban\.m2\repository\io\opentelemetry\opentelemetry-sdk-extension-autoconfigure-spi\1.28.0\opentelemetry-sdk-extension-autoconfigure-spi-1.28.0.jar;C:\Users\Esteban\.m2\repository\io\opentelemetry\opentelemetry-sdk-extension-autoconfigure\1.28.0\opentelemetry-sdk-extension-autoconfigure-1.28.0.jar;C:\Users\Esteban\.m2\repository\io\opentelemetry\opentelemetry-api-events\1.28.0-alpha\opentelemetry-api-events-1.28.0-alpha.jar;C:\Users\Esteban\.m2\repository\io\opentelemetry\opentelemetry-sdk-trace\1.28.0\opentelemetry-sdk-trace-1.28.0.jar;C:\Users\Esteban\.m2\repository\io\opentelemetry\opentelemetry-sdk\1.28.0\opentelemetry-sdk-1.28.0.jar;C:\Users\Esteban\.m2\repository\io\opentelemetry\opentelemetry-semconv\1.28.0-alpha\opentelemetry-semconv-1.28.0-alpha.jar;C:\Users\Esteban\.m2\repository\org\seleniumhq\selenium\selenium-os\4.16.1\selenium-os-4.16.1.jar;C:\Users\Esteban\.m2\repository\org\apache\commons\commons-exec\1.3\commons-exec-1.3.jar;C:\Users\Esteban\.m2\repository\org\seleniumhq\selenium\selenium-safari-driver\4.16.1\selenium-safari-driver-4.16.1.jar;C:\Users\Esteban\.m2\repository\org\seleniumhq\selenium\selenium-api\4.16.1\selenium-api-4.16.1.jar;C:\Users\Esteban\.m2\repository\org\seleniumhq\selenium\selenium-support\4.16.1\selenium-support-4.16.1.jar;C:\Users\Esteban\.m2\repository\com\google\auto\service\auto-service-annotations\1.1.1\auto-service-annotations-1.1.1.jar;C:\Users\Esteban\.m2\repository\org\seleniumhq\selenium\selenium-json\4.16.1\selenium-json-4.16.1.jar;C:\Users\Esteban\.m2\repository\org\seleniumhq\selenium\selenium-chrome-driver\4.16.1\selenium-chrome-driver-4.16.1.jar;C:\Users\Esteban\.m2\repository\org\seleniumhq\selenium\selenium-chromium-driver\4.16.1\selenium-chromium-driver-4.16.1.jar;C:\Users\Esteban\.m2\repository\org\seleniumhq\selenium\selenium-manager\4.16.1\selenium-manager-4.16.1.jar;C:\Users\Esteban\.m2\repository\org\seleniumhq\selenium\selenium-firefox-driver\4.16.1\selenium-firefox-driver-4.16.1.jar;C:\Users\Esteban\.m2\repository\org\seleniumhq\selenium\selenium-http\4.16.1\selenium-http-4.16.1.jar;C:\Users\Esteban\.m2\repository\dev\failsafe\failsafe\3.3.2\failsafe-3.3.2.jar;C:\Users\Esteban\.m2\repository\org\seleniumhq\selenium\selenium-edge-driver\4.16.1\selenium-edge-driver-4.16.1.jar;C:\Users\Esteban\.m2\repository\org\seleniumhq\selenium\selenium-ie-driver\4.16.1\selenium-ie-driver-4.16.1.jar;C:\Users\Esteban\.m2\repository\org\htmlunit\htmlunit\3.9.0\htmlunit-3.9.0.jar;C:\Users\Esteban\.m2\repository\org\apache\httpcomponents\httpmime\4.5.14\httpmime-4.5.14.jar;C:\Users\Esteban\.m2\repository\org\htmlunit\htmlunit-core-js\3.9.0\htmlunit-core-js-3.9.0.jar;C:\Users\Esteban\.m2\repository\org\htmlunit\neko-htmlunit\3.9.0\neko-htmlunit-3.9.0.jar;C:\Users\Esteban\.m2\repository\org\htmlunit\htmlunit-cssparser\3.9.0\htmlunit-cssparser-3.9.0.jar;C:\Users\Esteban\.m2\repository\org\htmlunit\htmlunit-xpath\3.9.0\htmlunit-xpath-3.9.0.jar;C:\Users\Esteban\.m2\repository\org\htmlunit\htmlunit-csp\3.9.0\htmlunit-csp-3.9.0.jar;C:\Users\Esteban\.m2\repository\org\eclipse\jetty\websocket\websocket-client\9.4.53.v20231009\websocket-client-9.4.53.v20231009.jar;C:\Users\Esteban\.m2\repository\org\eclipse\jetty\jetty-client\9.4.53.v20231009\jetty-client-9.4.53.v20231009.jar;C:\Users\Esteban\.m2\repository\org\eclipse\jetty\jetty-http\9.4.53.v20231009\jetty-http-9.4.53.v20231009.jar;C:\Users\Esteban\.m2\repository\org\eclipse\jetty\jetty-util\9.4.53.v20231009\jetty-util-9.4.53.v20231009.jar;C:\Users\Esteban\.m2\repository\org\eclipse\jetty\jetty-io\9.4.53.v20231009\jetty-io-9.4.53.v20231009.jar;C:\Users\Esteban\.m2\repository\org\eclipse\jetty\websocket\websocket-common\9.4.53.v20231009\websocket-common-9.4.53.v20231009.jar;C:\Users\Esteban\.m2\repository\org\eclipse\jetty\websocket\websocket-api\9.4.53.v20231009\websocket-api-9.4.53.v20231009.jar;C:\Users\Esteban\.m2\repository\org\seleniumhq\selenium\htmlunit3-driver\4.16.0\htmlunit3-driver-4.16.0.jar;C:\Users\Esteban\.m2\repository\io\appium\java-client\9.0.0\java-client-9.0.0.jar;C:\Users\Esteban\.m2\repository\org\apache\groovy\groovy\4.0.13\groovy-4.0.13.jar;C:\Users\Esteban\.m2\repository\net\sf\opencsv\opencsv\2.1\opencsv-2.1.jar;C:\Users\Esteban\.m2\repository\org\apache\commons\commons-lang3\3.14.0\commons-lang3-3.14.0.jar;C:\Users\Esteban\.m2\repository\org\apache\commons\commons-compress\1.25.0\commons-compress-1.25.0.jar;C:\Users\Esteban\.m2\repository\org\fluentlenium\fluentlenium-core\0.10.2\fluentlenium-core-0.10.2.jar;C:\Users\Esteban\.m2\repository\com\jhlabs\filters\2.0.235\filters-2.0.235.jar;C:\Users\Esteban\.m2\repository\com\paulhammant\ngwebdriver\1.1.6\ngwebdriver-1.1.6.jar;C:\Users\Esteban\.m2\repository\joda-time\joda-time\2.12.5\joda-time-2.12.5.jar;C:\Users\Esteban\.m2\repository\org\hamcrest\hamcrest\2.2\hamcrest-2.2.jar;C:\Users\Esteban\.m2\repository\com\google\jimfs\jimfs\1.3.0\jimfs-1.3.0.jar;C:\Users\Esteban\.m2\repository\org\mockito\mockito-core\3.3.3\mockito-core-3.3.3.jar;C:\Users\Esteban\.m2\repository\javax\xml\bind\jaxb-api\2.3.1\jaxb-api-2.3.1.jar;C:\Users\Esteban\.m2\repository\javax\activation\javax.activation-api\1.2.0\javax.activation-api-1.2.0.jar;C:\Users\Esteban\.m2\repository\com\sun\xml\bind\jaxb-core\2.3.0.1\jaxb-core-2.3.0.1.jar;C:\Users\Esteban\.m2\repository\com\sun\xml\bind\jaxb-impl\2.3.3\jaxb-impl-2.3.3.jar;C:\Users\Esteban\.m2\repository\jakarta\xml\bind\jakarta.xml.bind-api\2.3.3\jakarta.xml.bind-api-2.3.3.jar;C:\Users\Esteban\.m2\repository\com\sun\activation\jakarta.activation\1.2.2\jakarta.activation-1.2.2.jar;C:\Users\Esteban\.m2\repository\javax\activation\activation\1.1.1\activation-1.1.1.jar;C:\Users\Esteban\.m2\repository\io\github\bonigarcia\webdrivermanager\5.8.0\webdrivermanager-5.8.0.jar;C:\Users\Esteban\.m2\repository\org\slf4j\slf4j-api\2.0.12\slf4j-api-2.0.12.jar;C:\Users\Esteban\.m2\repository\com\github\docker-java\docker-java\3.3.6\docker-java-3.3.6.jar;C:\Users\Esteban\.m2\repository\com\github\docker-java\docker-java-core\3.3.6\docker-java-core-3.3.6.jar;C:\Users\Esteban\.m2\repository\com\github\docker-java\docker-java-api\3.3.6\docker-java-api-3.3.6.jar;C:\Users\Esteban\.m2\repository\org\bouncycastle\bcpkix-jdk18on\1.76\bcpkix-jdk18on-1.76.jar;C:\Users\Esteban\.m2\repository\org\bouncycastle\bcprov-jdk18on\1.76\bcprov-jdk18on-1.76.jar;C:\Users\Esteban\.m2\repository\org\bouncycastle\bcutil-jdk18on\1.76\bcutil-jdk18on-1.76.jar;C:\Users\Esteban\.m2\repository\org\slf4j\jcl-over-slf4j\1.7.30\jcl-over-slf4j-1.7.30.jar;C:\Users\Esteban\.m2\repository\com\github\docker-java\docker-java-transport-httpclient5\3.3.6\docker-java-transport-httpclient5-3.3.6.jar;C:\Users\Esteban\.m2\repository\com\github\docker-java\docker-java-transport\3.3.6\docker-java-transport-3.3.6.jar;C:\Users\Esteban\.m2\repository\net\java\dev\jna\jna\5.13.0\jna-5.13.0.jar;C:\Users\Esteban\.m2\repository\org\brotli\dec\0.1.2\dec-0.1.2.jar;C:\Users\Esteban\.m2\repository\org\apache\httpcomponents\client5\httpclient5\5.2.1\httpclient5-5.2.1.jar;C:\Users\Esteban\.m2\repository\org\apache\httpcomponents\core5\httpcore5\5.2\httpcore5-5.2.jar;C:\Users\Esteban\.m2\repository\org\apache\httpcomponents\core5\httpcore5-h2\5.2\httpcore5-h2-5.2.jar;C:\Users\Esteban\.m2\repository\net\serenity-bdd\serenity-cucumber\4.1.0\serenity-cucumber-4.1.0.jar;C:\Users\Esteban\.m2\repository\io\cucumber\cucumber-core\7.15.0\cucumber-core-7.15.0.jar;C:\Users\Esteban\.m2\repository\io\cucumber\cucumber-gherkin\7.15.0\cucumber-gherkin-7.15.0.jar;C:\Users\Esteban\.m2\repository\io\cucumber\cucumber-gherkin-messages\7.15.0\cucumber-gherkin-messages-7.15.0.jar;C:\Users\Esteban\.m2\repository\io\cucumber\gherkin\26.2.0\gherkin-26.2.0.jar;C:\Users\Esteban\.m2\repository\io\cucumber\messages\22.0.0\messages-22.0.0.jar;C:\Users\Esteban\.m2\repository\io\cucumber\tag-expressions\6.0.0\tag-expressions-6.0.0.jar;C:\Users\Esteban\.m2\repository\io\cucumber\cucumber-expressions\17.0.1\cucumber-expressions-17.0.1.jar;C:\Users\Esteban\.m2\repository\io\cucumber\datatable\7.15.0\datatable-7.15.0.jar;C:\Users\Esteban\.m2\repository\io\cucumber\cucumber-plugin\7.15.0\cucumber-plugin-7.15.0.jar;C:\Users\Esteban\.m2\repository\io\cucumber\docstring\7.15.0\docstring-7.15.0.jar;C:\Users\Esteban\.m2\repository\io\cucumber\html-formatter\20.4.0\html-formatter-20.4.0.jar;C:\Users\Esteban\.m2\repository\io\cucumber\junit-xml-formatter\0.2.0\junit-xml-formatter-0.2.0.jar;C:\Users\Esteban\.m2\repository\io\cucumber\ci-environment\10.0.0\ci-environment-10.0.0.jar;C:\Users\Esteban\.m2\repository\io\cucumber\cucumber-java\7.15.0\cucumber-java-7.15.0.jar;C:\Users\Esteban\.m2\repository\io\cucumber\cucumber-junit\7.15.0\cucumber-junit-7.15.0.jar;C:\Users\Esteban\.m2\repository\org\apache\commons\commons-csv\1.5\commons-csv-1.5.jar;C:\Users\Esteban\.m2\repository\net\serenity-bdd\serenity-screenplay\4.1.0\serenity-screenplay-4.1.0.jar;C:\Users\Esteban\.m2\repository\net\serenity-bdd\serenity-screenplay-webdriver\4.1.0\serenity-screenplay-webdriver-4.1.0.jar;C:\Users\Esteban\.m2\repository\net\serenity-bdd\serenity-ensure\4.1.0\serenity-ensure-4.1.0.jar;C:\Users\Esteban\.m2\repository\org\jetbrains\kotlin\kotlin-stdlib\1.9.0\kotlin-stdlib-1.9.0.jar;C:\Users\Esteban\.m2\repository\org\jetbrains\kotlin\kotlin-stdlib-common\1.9.0\kotlin-stdlib-common-1.9.0.jar;C:\Users\Esteban\.m2\repository\org\jetbrains\annotations\13.0\annotations-13.0.jar;C:\Users\Esteban\.m2\repository\org\junit\platform\junit-platform-launcher\1.10.1\junit-platform-launcher-1.10.1.jar;C:\Users\Esteban\.m2\repository\org\junit\platform\junit-platform-engine\1.10.1\junit-platform-engine-1.10.1.jar;C:\Users\Esteban\.m2\repository\org\opentest4j\opentest4j\1.3.0\opentest4j-1.3.0.jar;C:\Users\Esteban\.m2\repository\org\junit\platform\junit-platform-commons\1.10.1\junit-platform-commons-1.10.1.jar;C:\Users\Esteban\.m2\repository\org\apiguardian\apiguardian-api\1.1.2\apiguardian-api-1.1.2.jar;C:\Users\Esteban\.m2\repository\io\cucumber\cucumber-junit-platform-engine\7.15.0\cucumber-junit-platform-engine-7.15.0.jar;C:\Users\Esteban\.m2\repository\org\junit\platform\junit-platform-suite\1.10.1\junit-platform-suite-1.10.1.jar;C:\Users\Esteban\.m2\repository\org\junit\platform\junit-platform-suite-api\1.10.1\junit-platform-suite-api-1.10.1.jar;C:\Users\Esteban\.m2\repository\org\junit\platform\junit-platform-suite-engine\1.10.1\junit-platform-suite-engine-1.10.1.jar;C:\Users\Esteban\.m2\repository\org\junit\platform\junit-platform-suite-commons\1.10.1\junit-platform-suite-commons-1.10.1.jar;C:\Users\Esteban\.m2\repository\org\junit\jupiter\junit-jupiter-engine\5.10.1\junit-jupiter-engine-5.10.1.jar;C:\Users\Esteban\.m2\repository\org\junit\jupiter\junit-jupiter-api\5.10.1\junit-jupiter-api-5.10.1.jar;C:\Users\Esteban\.m2\repository\org\junit\vintage\junit-vintage-engine\5.10.1\junit-vintage-engine-5.10.1.jar;C:\Users\Esteban\.m2\repository\junit\junit\4.13.2\junit-4.13.2.jar;C:\Users\Esteban\.m2\repository\org\hamcrest\hamcrest-core\1.3\hamcrest-core-1.3.jar;C:\Users\Esteban\.m2\repository\ch\qos\logback\logback-classic\1.2.10\logback-classic-1.2.10.jar;C:\Users\Esteban\.m2\repository\ch\qos\logback\logback-core\1.2.10\logback-core-1.2.10.jar;C:\Users\Esteban\.m2\repository\org\assertj\assertj-core\3.23.1\assertj-core-3.23.1.jar;C:\Users\Esteban\.m2\repository\net\bytebuddy\byte-buddy\1.12.10\byte-buddy-1.12.10.jar;C:\Users\Esteban\.m2\repository\org\apache\poi\poi-ooxml\5.2.5\poi-ooxml-5.2.5.jar;C:\Users\Esteban\.m2\repository\org\apache\poi\poi-ooxml-lite\5.2.5\poi-ooxml-lite-5.2.5.jar;C:\Users\Esteban\.m2\repository\org\apache\xmlbeans\xmlbeans\5.2.0\xmlbeans-5.2.0.jar;C:\Users\Esteban\.m2\repository\com\github\virtuald\curvesapi\1.08\curvesapi-1.08.jar;C:\Users\Esteban\.m2\repository\org\apache\logging\log4j\log4j-api\2.21.1\log4j-api-2.21.1.jar;C:\Users\Esteban\.m2\repository\org\apache\commons\commons-collections4\4.4\commons-collections4-4.4.jar;C:\Users\Esteban\.m2\repository\org\apache\poi\poi\5.2.5\poi-5.2.5.jar;C:\Users\Esteban\.m2\repository\org\apache\commons\commons-math3\3.6.1\commons-math3-3.6.1.jar;C:\Users\Esteban\.m2\repository\com\zaxxer\SparseBitSet\1.3\SparseBitSet-1.3.jar;C:\Users\Esteban\.m2\repository\com\itextpdf\itextpdf\5.5.13.3\itextpdf-5.5.13.3.jar;"/>
    <property name="java.vm.vendor" value="Oracle Corporation"/>
    <property name="sun.arch.data.model" value="64"/>
    <property name="user.variant" value=""/>
    <property name="java.vendor.url" value="https://java.oracle.com/"/>
    <property name="user.timezone" value="America/Bogota"/>
    <property name="os.name" value="Windows 10"/>
    <property name="java.vm.specification.version" value="16"/>
    <property name="sun.java.launcher" value="SUN_STANDARD"/>
    <property name="user.country" value="CO"/>
    <property name="sun.boot.library.path" value="D:\Programas\JDK\bin"/>
    <property name="sun.java.command" value="C:\Users\Esteban\AppData\Local\Temp\surefire8071664694799413281\surefirebooter-20250109223627429_3.jar C:\Users\Esteban\AppData\Local\Temp\surefire8071664694799413281 2025-01-09T22-36-27_207-jvmRun1 surefire-20250109223627429_1tmp surefire_0-20250109223627429_2tmp"/>
    <property name="jdk.debug" value="release"/>
    <property name="surefire.test.class.path" value="D:\Proyectos Programacion\Prueba-T-cinca---Inlaze\target\test-classes;D:\Proyectos Programacion\Prueba-T-cinca---Inlaze\target\PruebaTecnicaInlaze-1.0-SNAPSHOT.jar;C:\Users\Esteban\.m2\repository\net\serenity-bdd\serenity-core\4.1.0\serenity-core-4.1.0.jar;C:\Users\Esteban\.m2\repository\net\serenity-bdd\serenity-model\4.1.0\serenity-model-4.1.0.jar;C:\Users\Esteban\.m2\repository\org\apache\commons\commons-text\1.11.0\commons-text-1.11.0.jar;C:\Users\Esteban\.m2\repository\commons-net\commons-net\3.10.0\commons-net-3.10.0.jar;C:\Users\Esteban\.m2\repository\com\google\guava\guava\32.1.3-jre\guava-32.1.3-jre.jar;C:\Users\Esteban\.m2\repository\com\google\guava\failureaccess\1.0.1\failureaccess-1.0.1.jar;C:\Users\Esteban\.m2\repository\com\google\guava\listenablefuture\9999.0-empty-to-avoid-conflict-with-guava\listenablefuture-9999.0-empty-to-avoid-conflict-with-guava.jar;C:\Users\Esteban\.m2\repository\com\google\code\findbugs\jsr305\3.0.2\jsr305-3.0.2.jar;C:\Users\Esteban\.m2\repository\org\checkerframework\checker-qual\3.37.0\checker-qual-3.37.0.jar;C:\Users\Esteban\.m2\repository\com\google\errorprone\error_prone_annotations\2.21.1\error_prone_annotations-2.21.1.jar;C:\Users\Esteban\.m2\repository\com\google\j2objc\j2objc-annotations\2.8\j2objc-annotations-2.8.jar;C:\Users\Esteban\.m2\repository\org\jsoup\jsoup\1.15.4\jsoup-1.15.4.jar;C:\Users\Esteban\.m2\repository\com\thoughtworks\xstream\xstream\1.4.20\xstream-1.4.20.jar;C:\Users\Esteban\.m2\repository\io\github\x-stream\mxparser\1.2.2\mxparser-1.2.2.jar;C:\Users\Esteban\.m2\repository\xmlpull\xmlpull\1.1.3.1\xmlpull-1.1.3.1.jar;C:\Users\Esteban\.m2\repository\com\typesafe\config\1.4.3\config-1.4.3.jar;C:\Users\Esteban\.m2\repository\org\imgscalr\imgscalr-lib\4.2\imgscalr-lib-4.2.jar;C:\Users\Esteban\.m2\repository\org\awaitility\awaitility\4.2.0\awaitility-4.2.0.jar;C:\Users\Esteban\.m2\repository\org\freemarker\freemarker\2.3.32\freemarker-2.3.32.jar;C:\Users\Esteban\.m2\repository\io\github\classgraph\classgraph\4.8.157\classgraph-4.8.157.jar;C:\Users\Esteban\.m2\repository\com\github\ben-manes\caffeine\caffeine\2.9.2\caffeine-2.9.2.jar;C:\Users\Esteban\.m2\repository\org\ehcache\ehcache\3.10.8\ehcache-3.10.8.jar;C:\Users\Esteban\.m2\repository\javax\cache\cache-api\1.1.0\cache-api-1.1.0.jar;C:\Users\Esteban\.m2\repository\net\sourceforge\jexcelapi\jxl\2.6.12\jxl-2.6.12.jar;C:\Users\Esteban\.m2\repository\net\bytebuddy\byte-buddy-agent\1.14.10\byte-buddy-agent-1.14.10.jar;C:\Users\Esteban\.m2\repository\org\objenesis\objenesis\3.3\objenesis-3.3.jar;C:\Users\Esteban\.m2\repository\com\vladsch\flexmark\flexmark-all\0.64.8\flexmark-all-0.64.8.jar;C:\Users\Esteban\.m2\repository\com\vladsch\flexmark\flexmark\0.64.8\flexmark-0.64.8.jar;C:\Users\Esteban\.m2\repository\com\vladsch\flexmark\flexmark-ext-abbreviation\0.64.8\flexmark-ext-abbreviation-0.64.8.jar;C:\Users\Esteban\.m2\repository\com\vladsch\flexmark\flexmark-ext-admonition\0.64.8\flexmark-ext-admonition-0.64.8.jar;C:\Users\Esteban\.m2\repository\com\vladsch\flexmark\flexmark-ext-anchorlink\0.64.8\flexmark-ext-anchorlink-0.64.8.jar;C:\Users\Esteban\.m2\repository\com\vladsch\flexmark\flexmark-ext-aside\0.64.8\flexmark-ext-aside-0.64.8.jar;C:\Users\Esteban\.m2\repository\com\vladsch\flexmark\flexmark-ext-attributes\0.64.8\flexmark-ext-attributes-0.64.8.jar;C:\Users\Esteban\.m2\repository\com\vladsch\flexmark\flexmark-ext-autolink\0.64.8\flexmark-ext-autolink-0.64.8.jar;C:\Users\Esteban\.m2\repository\org\nibor\autolink\autolink\0.6.0\autolink-0.6.0.jar;C:\Users\Esteban\.m2\repository\com\vladsch\flexmark\flexmark-ext-definition\0.64.8\flexmark-ext-definition-0.64.8.jar;C:\Users\Esteban\.m2\repository\com\vladsch\flexmark\flexmark-ext-emoji\0.64.8\flexmark-ext-emoji-0.64.8.jar;C:\Users\Esteban\.m2\repository\com\vladsch\flexmark\flexmark-ext-enumerated-reference\0.64.8\flexmark-ext-enumerated-reference-0.64.8.jar;C:\Users\Esteban\.m2\repository\com\vladsch\flexmark\flexmark-ext-escaped-character\0.64.8\flexmark-ext-escaped-character-0.64.8.jar;C:\Users\Esteban\.m2\repository\com\vladsch\flexmark\flexmark-ext-footnotes\0.64.8\flexmark-ext-footnotes-0.64.8.jar;C:\Users\Esteban\.m2\repository\com\vladsch\flexmark\flexmark-ext-gfm-issues\0.64.8\flexmark-ext-gfm-issues-0.64.8.jar;C:\Users\Esteban\.m2\repository\com\vladsch\flexmark\flexmark-ext-gfm-strikethrough\0.64.8\flexmark-ext-gfm-strikethrough-0.64.8.jar;C:\Users\Esteban\.m2\repository\com\vladsch\flexmark\flexmark-ext-gfm-tasklist\0.64.8\flexmark-ext-gfm-tasklist-0.64.8.jar;C:\Users\Esteban\.m2\repository\com\vladsch\flexmark\flexmark-ext-gfm-users\0.64.8\flexmark-ext-gfm-users-0.64.8.jar;C:\Users\Esteban\.m2\repository\com\vladsch\flexmark\flexmark-ext-gitlab\0.64.8\flexmark-ext-gitlab-0.64.8.jar;C:\Users\Esteban\.m2\repository\com\vladsch\flexmark\flexmark-ext-jekyll-front-matter\0.64.8\flexmark-ext-jekyll-front-matter-0.64.8.jar;C:\Users\Esteban\.m2\repository\com\vladsch\flexmark\flexmark-ext-jekyll-tag\0.64.8\flexmark-ext-jekyll-tag-0.64.8.jar;C:\Users\Esteban\.m2\repository\com\vladsch\flexmark\flexmark-ext-media-tags\0.64.8\flexmark-ext-media-tags-0.64.8.jar;C:\Users\Esteban\.m2\repository\com\vladsch\flexmark\flexmark-ext-macros\0.64.8\flexmark-ext-macros-0.64.8.jar;C:\Users\Esteban\.m2\repository\com\vladsch\flexmark\flexmark-ext-ins\0.64.8\flexmark-ext-ins-0.64.8.jar;C:\Users\Esteban\.m2\repository\com\vladsch\flexmark\flexmark-ext-xwiki-macros\0.64.8\flexmark-ext-xwiki-macros-0.64.8.jar;C:\Users\Esteban\.m2\repository\com\vladsch\flexmark\flexmark-ext-superscript\0.64.8\flexmark-ext-superscript-0.64.8.jar;C:\Users\Esteban\.m2\repository\com\vladsch\flexmark\flexmark-ext-toc\0.64.8\flexmark-ext-toc-0.64.8.jar;C:\Users\Esteban\.m2\repository\com\vladsch\flexmark\flexmark-ext-typographic\0.64.8\flexmark-ext-typographic-0.64.8.jar;C:\Users\Esteban\.m2\repository\com\vladsch\flexmark\flexmark-ext-wikilink\0.64.8\flexmark-ext-wikilink-0.64.8.jar;C:\Users\Esteban\.m2\repository\com\vladsch\flexmark\flexmark-ext-yaml-front-matter\0.64.8\flexmark-ext-yaml-front-matter-0.64.8.jar;C:\Users\Esteban\.m2\repository\com\vladsch\flexmark\flexmark-ext-youtube-embedded\0.64.8\flexmark-ext-youtube-embedded-0.64.8.jar;C:\Users\Esteban\.m2\repository\com\vladsch\flexmark\flexmark-html2md-converter\0.64.8\flexmark-html2md-converter-0.64.8.jar;C:\Users\Esteban\.m2\repository\com\vladsch\flexmark\flexmark-jira-converter\0.64.8\flexmark-jira-converter-0.64.8.jar;C:\Users\Esteban\.m2\repository\com\vladsch\flexmark\flexmark-pdf-converter\0.64.8\flexmark-pdf-converter-0.64.8.jar;C:\Users\Esteban\.m2\repository\com\openhtmltopdf\openhtmltopdf-core\1.0.10\openhtmltopdf-core-1.0.10.jar;C:\Users\Esteban\.m2\repository\com\openhtmltopdf\openhtmltopdf-pdfbox\1.0.10\openhtmltopdf-pdfbox-1.0.10.jar;C:\Users\Esteban\.m2\repository\org\apache\pdfbox\pdfbox\2.0.24\pdfbox-2.0.24.jar;C:\Users\Esteban\.m2\repository\org\apache\pdfbox\fontbox\2.0.24\fontbox-2.0.24.jar;C:\Users\Esteban\.m2\repository\org\apache\pdfbox\xmpbox\2.0.24\xmpbox-2.0.24.jar;C:\Users\Esteban\.m2\repository\de\rototor\pdfbox\graphics2d\0.32\graphics2d-0.32.jar;C:\Users\Esteban\.m2\repository\com\openhtmltopdf\openhtmltopdf-rtl-support\1.0.10\openhtmltopdf-rtl-support-1.0.10.jar;C:\Users\Esteban\.m2\repository\com\vladsch\flexmark\flexmark-profile-pegdown\0.64.8\flexmark-profile-pegdown-0.64.8.jar;C:\Users\Esteban\.m2\repository\com\vladsch\flexmark\flexmark-util-ast\0.64.8\flexmark-util-ast-0.64.8.jar;C:\Users\Esteban\.m2\repository\com\vladsch\flexmark\flexmark-util-builder\0.64.8\flexmark-util-builder-0.64.8.jar;C:\Users\Esteban\.m2\repository\com\vladsch\flexmark\flexmark-util-collection\0.64.8\flexmark-util-collection-0.64.8.jar;C:\Users\Esteban\.m2\repository\com\vladsch\flexmark\flexmark-util-data\0.64.8\flexmark-util-data-0.64.8.jar;C:\Users\Esteban\.m2\repository\com\vladsch\flexmark\flexmark-util-dependency\0.64.8\flexmark-util-dependency-0.64.8.jar;C:\Users\Esteban\.m2\repository\com\vladsch\flexmark\flexmark-util-format\0.64.8\flexmark-util-format-0.64.8.jar;C:\Users\Esteban\.m2\repository\com\vladsch\flexmark\flexmark-util-html\0.64.8\flexmark-util-html-0.64.8.jar;C:\Users\Esteban\.m2\repository\com\vladsch\flexmark\flexmark-util-misc\0.64.8\flexmark-util-misc-0.64.8.jar;C:\Users\Esteban\.m2\repository\com\vladsch\flexmark\flexmark-util-options\0.64.8\flexmark-util-options-0.64.8.jar;C:\Users\Esteban\.m2\repository\com\vladsch\flexmark\flexmark-util-sequence\0.64.8\flexmark-util-sequence-0.64.8.jar;C:\Users\Esteban\.m2\repository\com\vladsch\flexmark\flexmark-util-visitor\0.64.8\flexmark-util-visitor-0.64.8.jar;C:\Users\Esteban\.m2\repository\com\vladsch\flexmark\flexmark-youtrack-converter\0.64.8\flexmark-youtrack-converter-0.64.8.jar;C:\Users\Esteban\.m2\repository\com\vladsch\flexmark\flexmark-ext-resizable-image\0.64.8\flexmark-ext-resizable-image-0.64.8.jar;C:\Users\Esteban\.m2\repository\com\vladsch\flexmark\flexmark-ext-tables\0.64.8\flexmark-ext-tables-0.64.8.jar;C:\Users\Esteban\.m2\repository\com\vladsch\flexmark\flexmark-util\0.64.8\flexmark-util-0.64.8.jar;C:\Users\Esteban\.m2\repository\net\serenity-bdd\serenity-reports\4.1.0\serenity-reports-4.1.0.jar;C:\Users\Esteban\.m2\repository\net\serenity-bdd\serenity-stats\4.1.0\serenity-stats-4.1.0.jar;C:\Users\Esteban\.m2\repository\net\serenity-bdd\serenity-reports-configuration\4.1.0\serenity-reports-configuration-4.1.0.jar;C:\Users\Esteban\.m2\repository\com\ibm\icu\icu4j\72.1\icu4j-72.1.jar;C:\Users\Esteban\.m2\repository\es\nitaur\markdown\txtmark\0.16\txtmark-0.16.jar;C:\Users\Esteban\.m2\repository\net\serenity-bdd\serenity-report-resources\4.1.0\serenity-report-resources-4.1.0.jar;C:\Users\Esteban\.m2\repository\com\google\code\gson\gson\2.10.1\gson-2.10.1.jar;C:\Users\Esteban\.m2\repository\com\fasterxml\jackson\core\jackson-core\2.16.0\jackson-core-2.16.0.jar;C:\Users\Esteban\.m2\repository\com\fasterxml\jackson\core\jackson-databind\2.16.0\jackson-databind-2.16.0.jar;C:\Users\Esteban\.m2\repository\com\fasterxml\jackson\core\jackson-annotations\2.16.0\jackson-annotations-2.16.0.jar;C:\Users\Esteban\.m2\repository\commons-codec\commons-codec\1.16.0\commons-codec-1.16.0.jar;C:\Users\Esteban\.m2\repository\commons-io\commons-io\2.15.1\commons-io-2.15.1.jar;C:\Users\Esteban\.m2\repository\org\apache\httpcomponents\httpclient\4.5.13\httpclient-4.5.13.jar;C:\Users\Esteban\.m2\repository\org\apache\httpcomponents\httpcore\4.4.13\httpcore-4.4.13.jar;C:\Users\Esteban\.m2\repository\commons-logging\commons-logging\1.2\commons-logging-1.2.jar;C:\Users\Esteban\.m2\repository\org\seleniumhq\selenium\selenium-java\4.16.1\selenium-java-4.16.1.jar;C:\Users\Esteban\.m2\repository\org\seleniumhq\selenium\selenium-devtools-v118\4.16.1\selenium-devtools-v118-4.16.1.jar;C:\Users\Esteban\.m2\repository\org\seleniumhq\selenium\selenium-devtools-v119\4.16.1\selenium-devtools-v119-4.16.1.jar;C:\Users\Esteban\.m2\repository\org\seleniumhq\selenium\selenium-devtools-v120\4.16.1\selenium-devtools-v120-4.16.1.jar;C:\Users\Esteban\.m2\repository\org\seleniumhq\selenium\selenium-devtools-v85\4.16.1\selenium-devtools-v85-4.16.1.jar;C:\Users\Esteban\.m2\repository\org\seleniumhq\selenium\selenium-remote-driver\4.16.1\selenium-remote-driver-4.16.1.jar;C:\Users\Esteban\.m2\repository\io\opentelemetry\opentelemetry-api\1.28.0\opentelemetry-api-1.28.0.jar;C:\Users\Esteban\.m2\repository\io\opentelemetry\opentelemetry-context\1.28.0\opentelemetry-context-1.28.0.jar;C:\Users\Esteban\.m2\repository\io\opentelemetry\opentelemetry-exporter-logging\1.28.0\opentelemetry-exporter-logging-1.28.0.jar;C:\Users\Esteban\.m2\repository\io\opentelemetry\opentelemetry-sdk-metrics\1.28.0\opentelemetry-sdk-metrics-1.28.0.jar;C:\Users\Esteban\.m2\repository\io\opentelemetry\opentelemetry-extension-incubator\1.28.0-alpha\opentelemetry-extension-incubator-1.28.0-alpha.jar;C:\Users\Esteban\.m2\repository\io\opentelemetry\opentelemetry-sdk-logs\1.28.0\opentelemetry-sdk-logs-1.28.0.jar;C:\Users\Esteban\.m2\repository\io\opentelemetry\opentelemetry-sdk-common\1.28.0\opentelemetry-sdk-common-1.28.0.jar;C:\Users\Esteban\.m2\repository\io\opentelemetry\opentelemetry-sdk-extension-autoconfigure-spi\1.28.0\opentelemetry-sdk-extension-autoconfigure-spi-1.28.0.jar;C:\Users\Esteban\.m2\repository\io\opentelemetry\opentelemetry-sdk-extension-autoconfigure\1.28.0\opentelemetry-sdk-extension-autoconfigure-1.28.0.jar;C:\Users\Esteban\.m2\repository\io\opentelemetry\opentelemetry-api-events\1.28.0-alpha\opentelemetry-api-events-1.28.0-alpha.jar;C:\Users\Esteban\.m2\repository\io\opentelemetry\opentelemetry-sdk-trace\1.28.0\opentelemetry-sdk-trace-1.28.0.jar;C:\Users\Esteban\.m2\repository\io\opentelemetry\opentelemetry-sdk\1.28.0\opentelemetry-sdk-1.28.0.jar;C:\Users\Esteban\.m2\repository\io\opentelemetry\opentelemetry-semconv\1.28.0-alpha\opentelemetry-semconv-1.28.0-alpha.jar;C:\Users\Esteban\.m2\repository\org\seleniumhq\selenium\selenium-os\4.16.1\selenium-os-4.16.1.jar;C:\Users\Esteban\.m2\repository\org\apache\commons\commons-exec\1.3\commons-exec-1.3.jar;C:\Users\Esteban\.m2\repository\org\seleniumhq\selenium\selenium-safari-driver\4.16.1\selenium-safari-driver-4.16.1.jar;C:\Users\Esteban\.m2\repository\org\seleniumhq\selenium\selenium-api\4.16.1\selenium-api-4.16.1.jar;C:\Users\Esteban\.m2\repository\org\seleniumhq\selenium\selenium-support\4.16.1\selenium-support-4.16.1.jar;C:\Users\Esteban\.m2\repository\com\google\auto\service\auto-service-annotations\1.1.1\auto-service-annotations-1.1.1.jar;C:\Users\Esteban\.m2\repository\org\seleniumhq\selenium\selenium-json\4.16.1\selenium-json-4.16.1.jar;C:\Users\Esteban\.m2\repository\org\seleniumhq\selenium\selenium-chrome-driver\4.16.1\selenium-chrome-driver-4.16.1.jar;C:\Users\Esteban\.m2\repository\org\seleniumhq\selenium\selenium-chromium-driver\4.16.1\selenium-chromium-driver-4.16.1.jar;C:\Users\Esteban\.m2\repository\org\seleniumhq\selenium\selenium-manager\4.16.1\selenium-manager-4.16.1.jar;C:\Users\Esteban\.m2\repository\org\seleniumhq\selenium\selenium-firefox-driver\4.16.1\selenium-firefox-driver-4.16.1.jar;C:\Users\Esteban\.m2\repository\org\seleniumhq\selenium\selenium-http\4.16.1\selenium-http-4.16.1.jar;C:\Users\Esteban\.m2\repository\dev\failsafe\failsafe\3.3.2\failsafe-3.3.2.jar;C:\Users\Esteban\.m2\repository\org\seleniumhq\selenium\selenium-edge-driver\4.16.1\selenium-edge-driver-4.16.1.jar;C:\Users\Esteban\.m2\repository\org\seleniumhq\selenium\selenium-ie-driver\4.16.1\selenium-ie-driver-4.16.1.jar;C:\Users\Esteban\.m2\repository\org\htmlunit\htmlunit\3.9.0\htmlunit-3.9.0.jar;C:\Users\Esteban\.m2\repository\org\apache\httpcomponents\httpmime\4.5.14\httpmime-4.5.14.jar;C:\Users\Esteban\.m2\repository\org\htmlunit\htmlunit-core-js\3.9.0\htmlunit-core-js-3.9.0.jar;C:\Users\Esteban\.m2\repository\org\htmlunit\neko-htmlunit\3.9.0\neko-htmlunit-3.9.0.jar;C:\Users\Esteban\.m2\repository\org\htmlunit\htmlunit-cssparser\3.9.0\htmlunit-cssparser-3.9.0.jar;C:\Users\Esteban\.m2\repository\org\htmlunit\htmlunit-xpath\3.9.0\htmlunit-xpath-3.9.0.jar;C:\Users\Esteban\.m2\repository\org\htmlunit\htmlunit-csp\3.9.0\htmlunit-csp-3.9.0.jar;C:\Users\Esteban\.m2\repository\org\eclipse\jetty\websocket\websocket-client\9.4.53.v20231009\websocket-client-9.4.53.v20231009.jar;C:\Users\Esteban\.m2\repository\org\eclipse\jetty\jetty-client\9.4.53.v20231009\jetty-client-9.4.53.v20231009.jar;C:\Users\Esteban\.m2\repository\org\eclipse\jetty\jetty-http\9.4.53.v20231009\jetty-http-9.4.53.v20231009.jar;C:\Users\Esteban\.m2\repository\org\eclipse\jetty\jetty-util\9.4.53.v20231009\jetty-util-9.4.53.v20231009.jar;C:\Users\Esteban\.m2\repository\org\eclipse\jetty\jetty-io\9.4.53.v20231009\jetty-io-9.4.53.v20231009.jar;C:\Users\Esteban\.m2\repository\org\eclipse\jetty\websocket\websocket-common\9.4.53.v20231009\websocket-common-9.4.53.v20231009.jar;C:\Users\Esteban\.m2\repository\org\eclipse\jetty\websocket\websocket-api\9.4.53.v20231009\websocket-api-9.4.53.v20231009.jar;C:\Users\Esteban\.m2\repository\org\seleniumhq\selenium\htmlunit3-driver\4.16.0\htmlunit3-driver-4.16.0.jar;C:\Users\Esteban\.m2\repository\io\appium\java-client\9.0.0\java-client-9.0.0.jar;C:\Users\Esteban\.m2\repository\org\apache\groovy\groovy\4.0.13\groovy-4.0.13.jar;C:\Users\Esteban\.m2\repository\net\sf\opencsv\opencsv\2.1\opencsv-2.1.jar;C:\Users\Esteban\.m2\repository\org\apache\commons\commons-lang3\3.14.0\commons-lang3-3.14.0.jar;C:\Users\Esteban\.m2\repository\org\apache\commons\commons-compress\1.25.0\commons-compress-1.25.0.jar;C:\Users\Esteban\.m2\repository\org\fluentlenium\fluentlenium-core\0.10.2\fluentlenium-core-0.10.2.jar;C:\Users\Esteban\.m2\repository\com\jhlabs\filters\2.0.235\filters-2.0.235.jar;C:\Users\Esteban\.m2\repository\com\paulhammant\ngwebdriver\1.1.6\ngwebdriver-1.1.6.jar;C:\Users\Esteban\.m2\repository\joda-time\joda-time\2.12.5\joda-time-2.12.5.jar;C:\Users\Esteban\.m2\repository\org\hamcrest\hamcrest\2.2\hamcrest-2.2.jar;C:\Users\Esteban\.m2\repository\com\google\jimfs\jimfs\1.3.0\jimfs-1.3.0.jar;C:\Users\Esteban\.m2\repository\org\mockito\mockito-core\3.3.3\mockito-core-3.3.3.jar;C:\Users\Esteban\.m2\repository\javax\xml\bind\jaxb-api\2.3.1\jaxb-api-2.3.1.jar;C:\Users\Esteban\.m2\repository\javax\activation\javax.activation-api\1.2.0\javax.activation-api-1.2.0.jar;C:\Users\Esteban\.m2\repository\com\sun\xml\bind\jaxb-core\2.3.0.1\jaxb-core-2.3.0.1.jar;C:\Users\Esteban\.m2\repository\com\sun\xml\bind\jaxb-impl\2.3.3\jaxb-impl-2.3.3.jar;C:\Users\Esteban\.m2\repository\jakarta\xml\bind\jakarta.xml.bind-api\2.3.3\jakarta.xml.bind-api-2.3.3.jar;C:\Users\Esteban\.m2\repository\com\sun\activation\jakarta.activation\1.2.2\jakarta.activation-1.2.2.jar;C:\Users\Esteban\.m2\repository\javax\activation\activation\1.1.1\activation-1.1.1.jar;C:\Users\Esteban\.m2\repository\io\github\bonigarcia\webdrivermanager\5.8.0\webdrivermanager-5.8.0.jar;C:\Users\Esteban\.m2\repository\org\slf4j\slf4j-api\2.0.12\slf4j-api-2.0.12.jar;C:\Users\Esteban\.m2\repository\com\github\docker-java\docker-java\3.3.6\docker-java-3.3.6.jar;C:\Users\Esteban\.m2\repository\com\github\docker-java\docker-java-core\3.3.6\docker-java-core-3.3.6.jar;C:\Users\Esteban\.m2\repository\com\github\docker-java\docker-java-api\3.3.6\docker-java-api-3.3.6.jar;C:\Users\Esteban\.m2\repository\org\bouncycastle\bcpkix-jdk18on\1.76\bcpkix-jdk18on-1.76.jar;C:\Users\Esteban\.m2\repository\org\bouncycastle\bcprov-jdk18on\1.76\bcprov-jdk18on-1.76.jar;C:\Users\Esteban\.m2\repository\org\bouncycastle\bcutil-jdk18on\1.76\bcutil-jdk18on-1.76.jar;C:\Users\Esteban\.m2\repository\org\slf4j\jcl-over-slf4j\1.7.30\jcl-over-slf4j-1.7.30.jar;C:\Users\Esteban\.m2\repository\com\github\docker-java\docker-java-transport-httpclient5\3.3.6\docker-java-transport-httpclient5-3.3.6.jar;C:\Users\Esteban\.m2\repository\com\github\docker-java\docker-java-transport\3.3.6\docker-java-transport-3.3.6.jar;C:\Users\Esteban\.m2\repository\net\java\dev\jna\jna\5.13.0\jna-5.13.0.jar;C:\Users\Esteban\.m2\repository\org\brotli\dec\0.1.2\dec-0.1.2.jar;C:\Users\Esteban\.m2\repository\org\apache\httpcomponents\client5\httpclient5\5.2.1\httpclient5-5.2.1.jar;C:\Users\Esteban\.m2\repository\org\apache\httpcomponents\core5\httpcore5\5.2\httpcore5-5.2.jar;C:\Users\Esteban\.m2\repository\org\apache\httpcomponents\core5\httpcore5-h2\5.2\httpcore5-h2-5.2.jar;C:\Users\Esteban\.m2\repository\net\serenity-bdd\serenity-cucumber\4.1.0\serenity-cucumber-4.1.0.jar;C:\Users\Esteban\.m2\repository\io\cucumber\cucumber-core\7.15.0\cucumber-core-7.15.0.jar;C:\Users\Esteban\.m2\repository\io\cucumber\cucumber-gherkin\7.15.0\cucumber-gherkin-7.15.0.jar;C:\Users\Esteban\.m2\repository\io\cucumber\cucumber-gherkin-messages\7.15.0\cucumber-gherkin-messages-7.15.0.jar;C:\Users\Esteban\.m2\repository\io\cucumber\gherkin\26.2.0\gherkin-26.2.0.jar;C:\Users\Esteban\.m2\repository\io\cucumber\messages\22.0.0\messages-22.0.0.jar;C:\Users\Esteban\.m2\repository\io\cucumber\tag-expressions\6.0.0\tag-expressions-6.0.0.jar;C:\Users\Esteban\.m2\repository\io\cucumber\cucumber-expressions\17.0.1\cucumber-expressions-17.0.1.jar;C:\Users\Esteban\.m2\repository\io\cucumber\datatable\7.15.0\datatable-7.15.0.jar;C:\Users\Esteban\.m2\repository\io\cucumber\cucumber-plugin\7.15.0\cucumber-plugin-7.15.0.jar;C:\Users\Esteban\.m2\repository\io\cucumber\docstring\7.15.0\docstring-7.15.0.jar;C:\Users\Esteban\.m2\repository\io\cucumber\html-formatter\20.4.0\html-formatter-20.4.0.jar;C:\Users\Esteban\.m2\repository\io\cucumber\junit-xml-formatter\0.2.0\junit-xml-formatter-0.2.0.jar;C:\Users\Esteban\.m2\repository\io\cucumber\ci-environment\10.0.0\ci-environment-10.0.0.jar;C:\Users\Esteban\.m2\repository\io\cucumber\cucumber-java\7.15.0\cucumber-java-7.15.0.jar;C:\Users\Esteban\.m2\repository\io\cucumber\cucumber-junit\7.15.0\cucumber-junit-7.15.0.jar;C:\Users\Esteban\.m2\repository\org\apache\commons\commons-csv\1.5\commons-csv-1.5.jar;C:\Users\Esteban\.m2\repository\net\serenity-bdd\serenity-screenplay\4.1.0\serenity-screenplay-4.1.0.jar;C:\Users\Esteban\.m2\repository\net\serenity-bdd\serenity-screenplay-webdriver\4.1.0\serenity-screenplay-webdriver-4.1.0.jar;C:\Users\Esteban\.m2\repository\net\serenity-bdd\serenity-ensure\4.1.0\serenity-ensure-4.1.0.jar;C:\Users\Esteban\.m2\repository\org\jetbrains\kotlin\kotlin-stdlib\1.9.0\kotlin-stdlib-1.9.0.jar;C:\Users\Esteban\.m2\repository\org\jetbrains\kotlin\kotlin-stdlib-common\1.9.0\kotlin-stdlib-common-1.9.0.jar;C:\Users\Esteban\.m2\repository\org\jetbrains\annotations\13.0\annotations-13.0.jar;C:\Users\Esteban\.m2\repository\org\junit\platform\junit-platform-launcher\1.10.1\junit-platform-launcher-1.10.1.jar;C:\Users\Esteban\.m2\repository\org\junit\platform\junit-platform-engine\1.10.1\junit-platform-engine-1.10.1.jar;C:\Users\Esteban\.m2\repository\org\opentest4j\opentest4j\1.3.0\opentest4j-1.3.0.jar;C:\Users\Esteban\.m2\repository\org\junit\platform\junit-platform-commons\1.10.1\junit-platform-commons-1.10.1.jar;C:\Users\Esteban\.m2\repository\org\apiguardian\apiguardian-api\1.1.2\apiguardian-api-1.1.2.jar;C:\Users\Esteban\.m2\repository\io\cucumber\cucumber-junit-platform-engine\7.15.0\cucumber-junit-platform-engine-7.15.0.jar;C:\Users\Esteban\.m2\repository\org\junit\platform\junit-platform-suite\1.10.1\junit-platform-suite-1.10.1.jar;C:\Users\Esteban\.m2\repository\org\junit\platform\junit-platform-suite-api\1.10.1\junit-platform-suite-api-1.10.1.jar;C:\Users\Esteban\.m2\repository\org\junit\platform\junit-platform-suite-engine\1.10.1\junit-platform-suite-engine-1.10.1.jar;C:\Users\Esteban\.m2\repository\org\junit\platform\junit-platform-suite-commons\1.10.1\junit-platform-suite-commons-1.10.1.jar;C:\Users\Esteban\.m2\repository\org\junit\jupiter\junit-jupiter-engine\5.10.1\junit-jupiter-engine-5.10.1.jar;C:\Users\Esteban\.m2\repository\org\junit\jupiter\junit-jupiter-api\5.10.1\junit-jupiter-api-5.10.1.jar;C:\Users\Esteban\.m2\repository\org\junit\vintage\junit-vintage-engine\5.10.1\junit-vintage-engine-5.10.1.jar;C:\Users\Esteban\.m2\repository\junit\junit\4.13.2\junit-4.13.2.jar;C:\Users\Esteban\.m2\repository\org\hamcrest\hamcrest-core\1.3\hamcrest-core-1.3.jar;C:\Users\Esteban\.m2\repository\ch\qos\logback\logback-classic\1.2.10\logback-classic-1.2.10.jar;C:\Users\Esteban\.m2\repository\ch\qos\logback\logback-core\1.2.10\logback-core-1.2.10.jar;C:\Users\Esteban\.m2\repository\org\assertj\assertj-core\3.23.1\assertj-core-3.23.1.jar;C:\Users\Esteban\.m2\repository\net\bytebuddy\byte-buddy\1.12.10\byte-buddy-1.12.10.jar;C:\Users\Esteban\.m2\repository\org\apache\poi\poi-ooxml\5.2.5\poi-ooxml-5.2.5.jar;C:\Users\Esteban\.m2\repository\org\apache\poi\poi-ooxml-lite\5.2.5\poi-ooxml-lite-5.2.5.jar;C:\Users\Esteban\.m2\repository\org\apache\xmlbeans\xmlbeans\5.2.0\xmlbeans-5.2.0.jar;C:\Users\Esteban\.m2\repository\com\github\virtuald\curvesapi\1.08\curvesapi-1.08.jar;C:\Users\Esteban\.m2\repository\org\apache\logging\log4j\log4j-api\2.21.1\log4j-api-2.21.1.jar;C:\Users\Esteban\.m2\repository\org\apache\commons\commons-collections4\4.4\commons-collections4-4.4.jar;C:\Users\Esteban\.m2\repository\org\apache\poi\poi\5.2.5\poi-5.2.5.jar;C:\Users\Esteban\.m2\repository\org\apache\commons\commons-math3\3.6.1\commons-math3-3.6.1.jar;C:\Users\Esteban\.m2\repository\com\zaxxer\SparseBitSet\1.3\SparseBitSet-1.3.jar;C:\Users\Esteban\.m2\repository\com\itextpdf\itextpdf\5.5.13.3\itextpdf-5.5.13.3.jar;"/>
    <property name="sun.cpu.endian" value="little"/>
    <property name="user.home" value="C:\Users\Esteban"/>
    <property name="user.language" value="es"/>
    <property name="java.specification.vendor" value="Oracle Corporation"/>
    <property name="java.version.date" value="2021-04-20"/>
    <property name="java.home" value="D:\Programas\JDK"/>
    <property name="file.separator" value="\"/>
    <property name="basedir" value="D:\Proyectos Programacion\Prueba-T-cinca---Inlaze"/>
    <property name="java.vm.compressedOopsMode" value="Zero based"/>
    <property name="line.separator" value="&#10;"/>
    <property name="java.vm.specification.vendor" value="Oracle Corporation"/>
    <property name="java.specification.name" value="Java Platform API Specification"/>
    <property name="surefire.real.class.path" value="C:\Users\Esteban\AppData\Local\Temp\surefire8071664694799413281\surefirebooter-20250109223627429_3.jar"/>
    <property name="user.script" value=""/>
    <property name="java.protocol.handler.pkgs" value="com.google.common"/>
    <property name="sun.management.compiler" value="HotSpot 64-Bit Tiered Compilers"/>
    <property name="java.runtime.version" value="16.0.1+9-24"/>
    <property name="user.name" value="Esteban"/>
    <property name="path.separator" value=";"/>
    <property name="os.version" value="10.0"/>
    <property name="java.runtime.name" value="Java(TM) SE Runtime Environment"/>
    <property name="file.encoding" value="Cp1252"/>
    <property name="webdriver.base.url" value=""/>
    <property name="java.vm.name" value="Java HotSpot(TM) 64-Bit Server VM"/>
    <property name="localRepository" value="C:\Users\Esteban\.m2\repository"/>
    <property name="java.vendor.url.bug" value="https://bugreport.java.com/bugreport/"/>
    <property name="java.io.tmpdir" value="C:\Users\Esteban\AppData\Local\Temp\"/>
    <property name="java.version" value="16.0.1"/>
    <property name="user.dir" value="D:\Proyectos Programacion\Prueba-T-cinca---Inlaze"/>
    <property name="os.arch" value="amd64"/>
    <property name="java.vm.specification.name" value="Java Virtual Machine Specification"/>
    <property name="sun.os.patch.level" value=""/>
    <property name="environment" value="chrome"/>
    <property name="java.library.path" value="D:\Programas\JDK\bin;C:\WINDOWS\Sun\Java\bin;C:\WINDOWS\system32;C:\WINDOWS;C:\Program Files\Common Files\Oracle\Java\javapath;C:\MinGW\mingw32\bin;D:\Programas\Phyton\;C:\WINDOWS\system32;C:\WINDOWS;C:\WINDOWS\System32\Wbem;C:\WINDOWS\System32\WindowsPowerShell\v1.0\;C:\WINDOWS\System32\OpenSSH\;D:\Programas\Git\cmd;C:\flutter\bin;C:\Program Files (x86)\Microsoft Emulator Manager\1.0\;D:\Programas\Cygwin\bin\;D:\Programas\Cygwin\lib\;C:\Program Files\Microsoft SQL Server\150\Tools\Binn\;C:\Program Files (x86)\Microsoft SQL Server\150\DTS\Binn\;C:\Program Files\Azure Data Studio\bin;C:\Program Files\Microsoft SQL Server\Client SDK\ODBC\170\Tools\Binn\;C:\Program Files (x86)\Microsoft SQL Server\150\Tools\Binn\;C:\Program Files\Microsoft SQL Server\150\DTS\Binn\;C:\WINDOWS\system32;C:\WINDOWS;C:\WINDOWS\System32\Wbem;C:\WINDOWS\System32\WindowsPowerShell\v1.0\;C:\WINDOWS\System32\OpenSSH\;D:\Programas\nodejs\;C:\Program Files\dotnet\;C:\Users\Esteban\AppData\Local\Programs\Python\Python39\Scripts;C:\Users\Esteban\AppData\Local\Programs\Python\Python39;C:\Program Files\Docker\Docker\resources\bin;C:\apache-maven-3.9.9\bin;C:\Users\Esteban\AppData\Local\Programs\Python\Python38\Scripts\;C:\Users\Esteban\AppData\Local\Programs\Python\Python38\;C:\Users\Esteban\AppData\Local\Programs\Python\Python39\Scripts\;C:\Users\Esteban\AppData\Local\Programs\Python\Python39\;C:\Users\Esteban\AppData\Local\Programs\Python\Python312\Scripts\;C:\Users\Esteban\AppData\Local\Programs\Python\Python312\;C:\Users\Esteban\AppData\Local\Microsoft\WindowsApps;C:\MinGW\bin;D:\Programas\Cygwin\bin;C:\Program Files\Azure Data Studio\bin;D:\Programas\Microsoft VS Code\bin;C:\Users\Esteban\AppData\Roaming\npm;C:\Users\Esteban\.dotnet\tools;C:\Users\Esteban\AppData\Local\Programs\Python\Python39\Scripts;D:\Programas\PyCharm Community Edition 2023.2.2\bin;C:\Users\Esteban\AppData\Local\JetBrains\Toolbox\scripts;;."/>
    <property name="java.vm.info" value="mixed mode, sharing"/>
    <property name="java.vendor" value="Oracle Corporation"/>
    <property name="java.vm.version" value="16.0.1+9-24"/>
    <property name="sun.io.unicode.encoding" value="UnicodeLittle"/>
    <property name="java.class.version" value="60.0"/>
  </properties>
  <testcase name="Validar que se pueda registrar exitosamente un usuario en el sistema cuando se cumplan todas las condiciones" classname="Validar que se cumplan los requerimientos del usuario para la funcionalidad &quot;Registro de Usuario&quot;" time="8.66">
    <system-out><![CDATA[
@FuncionalidadRegistroDeUsuarios @RegistroExitoso
Scenario: Validar que se pueda registrar exitosamente un usuario en el sistema cuando se cumplan todas las condiciones &amp#27;[90m# src/test/resources/features/01.RegistroDeUsuarios/RegistroDeUsuarios.feature:10&amp#27;[0m
  &amp#27;[32mGiven &amp#27;[0m&amp#27;[32m&amp#27;[0m&amp#27;[32m&amp#27;[1mJuan Prez&amp#27;[0m&amp#27;[32m tiene acceso al aplicativo&amp#27;[0m                                                                          &amp#27;[90m# starter.stepdefinations.registroDeUsuario.SuccessfulRegistrationSteps.openWebApplication(java.lang.String)&amp#27;[0m
  &amp#27;[32mAnd &amp#27;[0m&amp#27;[32mingresa al formulario de registro de usuario nuevo&amp#27;[0m                                                               &amp#27;[90m# starter.stepdefinations.registroDeUsuario.SuccessfulRegistrationSteps.goToRegistrationForm()&amp#27;[0m
  &amp#27;[32mWhen &amp#27;[0m&amp#27;[32menvia el formulario de registro con los datos requeridos&amp#27;[0m                                                        &amp#27;[90m# starter.stepdefinations.registroDeUsuario.SuccessfulRegistrationSteps.sendRegistrationForm(io.cucumber.datatable.DataTable)&amp#27;[0m
    | Nombre     | Correo                 | Contrasena   | Confirmar Contrasena |
    | Juan Prez | juan-perez@example.com | Contrasea1! | Contrasea1!         |
  &amp#27;[32mThen &amp#27;[0m&amp#27;[32mel sistema muestra un mensaje de confirmacin de registro exitoso&amp#27;[0m                                               &amp#27;[90m# starter.stepdefinations.registroDeUsuario.SuccessfulRegistrationSteps.validateSuccessRegistration(io.cucumber.datatable.DataTable)&amp#27;[0m
    | Successful registration! |
]]></system-out>
    <system-err><![CDATA[SLF4J(W): No SLF4J providers were found.
SLF4J(W): Defaulting to no-operation (NOP) logger implementation
SLF4J(W): See https://www.slf4j.org/codes.html#noProviders for further details.
SLF4J(W): Class path contains SLF4J bindings targeting slf4j-api versions 1.7.x or earlier.
SLF4J(W): Ignoring binding found at [jar:file:/C:/Users/Esteban/.m2/repository/ch/qos/logback/logback-classic/1.2.10/logback-classic-1.2.10.jar!/org/slf4j/impl/StaticLoggerBinder.class]
SLF4J(W): See https://www.slf4j.org/codes.html#ignoredBindings for an explanation.
ene. 09, 2025 10:36:31 P.M. org.openqa.selenium.devtools.CdpVersionFinder findNearestMatch
WARNING: Unable to find CDP implementation matching 131
ene. 09, 2025 10:36:31 P.M. org.openqa.selenium.chromium.ChromiumDriver lambda$new$5
WARNING: Unable to find version of CDP to use for 131.0.6778.265. You may need to include a dependency on a specific version of the CDP using something similar to `org.seleniumhq.selenium:selenium-devtools-v86:4.16.1` where the version ("v86") matches the version of the chromium-based browser you're using and the version number of the artifact is the same as Selenium's.
]]></system-err>
  </testcase>
  <testcase name="Validar que si no se introduce un nombre con ms de dos palabras, no se habilite el boton registrar" classname="Validar que se cumplan los requerimientos del usuario para la funcionalidad &quot;Registro de Usuario&quot;" time="10.736">
    <system-out><![CDATA[
@FuncionalidadRegistroDeUsuarios @ValidacionNombreMenosDosPalabras
Scenario: Validar que si no se introduce un nombre con ms de dos palabras, no se habilite el boton registrar &amp#27;[90m# src/test/resources/features/01.RegistroDeUsuarios/RegistroDeUsuarios.feature:21&amp#27;[0m
  &amp#27;[32mGiven &amp#27;[0m&amp#27;[32m&amp#27;[0m&amp#27;[32m&amp#27;[1mJuan Prez&amp#27;[0m&amp#27;[32m tiene acceso al aplicativo&amp#27;[0m                                                                 &amp#27;[90m# starter.stepdefinations.registroDeUsuario.SuccessfulRegistrationSteps.openWebApplication(java.lang.String)&amp#27;[0m
  &amp#27;[32mAnd &amp#27;[0m&amp#27;[32mingresa al formulario de registro de usuario nuevo&amp#27;[0m                                                      &amp#27;[90m# starter.stepdefinations.registroDeUsuario.SuccessfulRegistrationSteps.goToRegistrationForm()&amp#27;[0m
  &amp#27;[32mWhen &amp#27;[0m&amp#27;[32mdiligencia el formulario de registro con los datos requeridos&amp#27;[0m                                          &amp#27;[90m# starter.stepdefinations.registroDeUsuario.ValidationUserRequirementsSteps.fillRegistrationForm(io.cucumber.datatable.DataTable)&amp#27;[0m
    | Nombre | Correo                 | Contrasena   | Confirmar Contrasena |
    | Juan   | juan.unico@example.com | Contrasea1! | Contrasea1!         |
  &amp#27;[32mThen &amp#27;[0m&amp#27;[32mcomprueba el estado del botn registrar&amp#27;[0m                                                                &amp#27;[90m# starter.stepdefinations.registroDeUsuario.ValidationUserRequirementsSteps.validateSignUpButtonState(io.cucumber.datatable.DataTable)&amp#27;[0m
    | false |
]]></system-out>
    <system-err><![CDATA[ene. 09, 2025 10:36:39 P.M. org.openqa.selenium.devtools.CdpVersionFinder findNearestMatch
WARNING: Unable to find CDP implementation matching 131
ene. 09, 2025 10:36:39 P.M. org.openqa.selenium.chromium.ChromiumDriver lambda$new$5
WARNING: Unable to find version of CDP to use for 131.0.6778.265. You may need to include a dependency on a specific version of the CDP using something similar to `org.seleniumhq.selenium:selenium-devtools-v86:4.16.1` where the version ("v86") matches the version of the chromium-based browser you're using and the version number of the artifact is the same as Selenium's.
]]></system-err>
  </testcase>
  <testcase name="Validar que si no se introduce un email con el formato correcto, no se habilite el boton registrar" classname="Validar que se cumplan los requerimientos del usuario para la funcionalidad &quot;Registro de Usuario&quot;" time="5.625">
    <failure message="&#10;Expected: &lt;false&gt;&#10;     but: was &lt;true&gt;" type="java.lang.AssertionError"><![CDATA[java.lang.AssertionError: 

Expected: <false>
     but: was <true>
	at net.serenitybdd.screenplay.ErrorTally.throwSummaryExceptionFrom(ErrorTally.java:38)
	at net.serenitybdd.screenplay.ErrorTally.reportAnyErrors(ErrorTally.java:32)
	at net.serenitybdd.screenplay.Actor.should(Actor.java:397)
	at starter.stepdefinations.registroDeUsuario.ValidationUserRequirementsSteps.validateSignUpButtonState(ValidationUserRequirementsSteps.java:50)
	at .comprueba el estado del botn registrar(file:///D:/Proyectos%20Programacion/Prueba-T-cinca---Inlaze/src/test/resources/features/01.RegistroDeUsuarios/RegistroDeUsuarios.feature:38)
]]></failure>
    <system-out><![CDATA[
@FuncionalidadRegistroDeUsuarios @ValidacionFormatoEmail
Scenario: Validar que si no se introduce un email con el formato correcto, no se habilite el boton registrar &amp#27;[90m# src/test/resources/features/01.RegistroDeUsuarios/RegistroDeUsuarios.feature:32&amp#27;[0m
  &amp#27;[32mGiven &amp#27;[0m&amp#27;[32m&amp#27;[0m&amp#27;[32m&amp#27;[1mJuan Prez&amp#27;[0m&amp#27;[32m tiene acceso al aplicativo&amp#27;[0m                                                                &amp#27;[90m# starter.stepdefinations.registroDeUsuario.SuccessfulRegistrationSteps.openWebApplication(java.lang.String)&amp#27;[0m
  &amp#27;[32mAnd &amp#27;[0m&amp#27;[32mingresa al formulario de registro de usuario nuevo&amp#27;[0m                                                     &amp#27;[90m# starter.stepdefinations.registroDeUsuario.SuccessfulRegistrationSteps.goToRegistrationForm()&amp#27;[0m
  &amp#27;[32mWhen &amp#27;[0m&amp#27;[32mdiligencia el formulario de registro con los datos requeridos&amp#27;[0m                                         &amp#27;[90m# starter.stepdefinations.registroDeUsuario.ValidationUserRequirementsSteps.fillRegistrationForm(io.cucumber.datatable.DataTable)&amp#27;[0m
    | Nombre     | Correo         | Contrasena   | Confirmar Contrasena |
    | Juan Prez | @comjuan.perez | Contrasea1! | Contrasea1!         |
  &amp#27;[31mThen &amp#27;[0m&amp#27;[31mcomprueba el estado del botn registrar&amp#27;[0m                                                               &amp#27;[90m# starter.stepdefinations.registroDeUsuario.ValidationUserRequirementsSteps.validateSignUpButtonState(io.cucumber.datatable.DataTable)&amp#27;[0m
    | false |
      &amp#27;[31mjava.lang.AssertionError: 
Expected: <false>
     but: was <true>
	at net.serenitybdd.screenplay.ErrorTally.throwSummaryExceptionFrom(ErrorTally.java:38)
	at net.serenitybdd.screenplay.ErrorTally.reportAnyErrors(ErrorTally.java:32)
	at net.serenitybdd.screenplay.Actor.should(Actor.java:397)
	at starter.stepdefinations.registroDeUsuario.ValidationUserRequirementsSteps.validateSignUpButtonState(ValidationUserRequirementsSteps.java:50)
	at .comprueba el estado del botn registrar(file:///D:/Proyectos%20Programacion/Prueba-T-cinca---Inlaze/src/test/resources/features/01.RegistroDeUsuarios/RegistroDeUsuarios.feature:38)
&amp#27;[0m
]]></system-out>
    <system-err><![CDATA[ene. 09, 2025 10:36:49 P.M. org.openqa.selenium.devtools.CdpVersionFinder findNearestMatch
WARNING: Unable to find CDP implementation matching 131
ene. 09, 2025 10:36:49 P.M. org.openqa.selenium.chromium.ChromiumDriver lambda$new$5
WARNING: Unable to find version of CDP to use for 131.0.6778.265. You may need to include a dependency on a specific version of the CDP using something similar to `org.seleniumhq.selenium:selenium-devtools-v86:4.16.1` where the version ("v86") matches the version of the chromium-based browser you're using and the version number of the artifact is the same as Selenium's.
]]></system-err>
  </testcase>
  <testcase name="Validar que si se introduce un email ya registrado, se presente un mensaje de error y no permita registrar al usuario" classname="Validar que se cumplan los requerimientos del usuario para la funcionalidad &quot;Registro de Usuario&quot;" time="16.625">
    <failure message="&#10;Expected: an element that is visible&#10;     but: no matching element found by [Mensaje Usuario no se pudo registrar located with: xpath: /html/body/app-root/app-toasts-container/div/app-toast[3]/div/div[2]]" type="java.lang.AssertionError"><![CDATA[java.lang.AssertionError: 

Expected: an element that is visible
     but: no matching element found by [Mensaje Usuario no se pudo registrar located with: xpath: /html/body/app-root/app-toasts-container/div/app-toast[3]/div/div[2]]
	at net.serenitybdd.screenplay.ErrorTally.throwSummaryExceptionFrom(ErrorTally.java:38)
	at net.serenitybdd.screenplay.ErrorTally.reportAnyErrors(ErrorTally.java:32)
	at net.serenitybdd.screenplay.Actor.should(Actor.java:397)
	at net.serenitybdd.screenplay.waits.WaitUntilBuilder$1.performAs(WaitUntilBuilder.java:29)
	at net.serenitybdd.screenplay.Actor.performTask(Actor.java:299)
	at net.serenitybdd.screenplay.Actor.perform(Actor.java:274)
	at net.serenitybdd.screenplay.Actor.performSilently(Actor.java:254)
	at net.serenitybdd.screenplay.Actor.attemptsTo(Actor.java:211)
	at net.serenitybdd.screenplay.Actor.attemptsTo(Actor.java:222)
	at starter.stepdefinations.registroDeUsuario.ValidateErrorRegisterUserSteps.validateErrorRegisterUser(ValidateErrorRegisterUserSteps.java:27)
	at .el sistema muestra un mensaje de error(file:///D:/Proyectos%20Programacion/Prueba-T-cinca---Inlaze/src/test/resources/features/01.RegistroDeUsuarios/RegistroDeUsuarios.feature:49)
]]></failure>
    <system-out><![CDATA[
@FuncionalidadRegistroDeUsuarios @ValidacionEmailYaRegistrado
Scenario: Validar que si se introduce un email ya registrado, se presente un mensaje de error y no permita registrar al usuario &amp#27;[90m# src/test/resources/features/01.RegistroDeUsuarios/RegistroDeUsuarios.feature:43&amp#27;[0m
  &amp#27;[32mGiven &amp#27;[0m&amp#27;[32m&amp#27;[0m&amp#27;[32m&amp#27;[1mJuan Prez&amp#27;[0m&amp#27;[32m tiene acceso al aplicativo&amp#27;[0m                                                                                   &amp#27;[90m# starter.stepdefinations.registroDeUsuario.SuccessfulRegistrationSteps.openWebApplication(java.lang.String)&amp#27;[0m
  &amp#27;[32mAnd &amp#27;[0m&amp#27;[32mingresa al formulario de registro de usuario nuevo&amp#27;[0m                                                                        &amp#27;[90m# starter.stepdefinations.registroDeUsuario.SuccessfulRegistrationSteps.goToRegistrationForm()&amp#27;[0m
  &amp#27;[32mWhen &amp#27;[0m&amp#27;[32menvia el formulario de registro con los datos requeridos&amp#27;[0m                                                                 &amp#27;[90m# starter.stepdefinations.registroDeUsuario.SuccessfulRegistrationSteps.sendRegistrationForm(io.cucumber.datatable.DataTable)&amp#27;[0m
    | Nombre     | Correo                 | Contrasena   | Confirmar Contrasena |
    | Juan Prez | juan-perez@example.com | Contrasea1! | Contrasea1!         |
  &amp#27;[31mThen &amp#27;[0m&amp#27;[31mel sistema muestra un mensaje de error&amp#27;[0m                                                                                   &amp#27;[90m# starter.stepdefinations.registroDeUsuario.ValidateErrorRegisterUserSteps.validateErrorRegisterUser(io.cucumber.datatable.DataTable)&amp#27;[0m
    | The email is already registered. |
      &amp#27;[31mjava.lang.AssertionError: 
Expected: an element that is visible
     but: no matching element found by [Mensaje Usuario no se pudo registrar located with: xpath: /html/body/app-root/app-toasts-container/div/app-toast[3]/div/div[2]]
	at net.serenitybdd.screenplay.ErrorTally.throwSummaryExceptionFrom(ErrorTally.java:38)
	at net.serenitybdd.screenplay.ErrorTally.reportAnyErrors(ErrorTally.java:32)
	at net.serenitybdd.screenplay.Actor.should(Actor.java:397)
	at net.serenitybdd.screenplay.waits.WaitUntilBuilder$1.performAs(WaitUntilBuilder.java:29)
	at net.serenitybdd.screenplay.Actor.performTask(Actor.java:299)
	at net.serenitybdd.screenplay.Actor.perform(Actor.java:274)
	at net.serenitybdd.screenplay.Actor.performSilently(Actor.java:254)
	at net.serenitybdd.screenplay.Actor.attemptsTo(Actor.java:211)
	at net.serenitybdd.screenplay.Actor.attemptsTo(Actor.java:222)
	at starter.stepdefinations.registroDeUsuario.ValidateErrorRegisterUserSteps.validateErrorRegisterUser(ValidateErrorRegisterUserSteps.java:27)
	at .el sistema muestra un mensaje de error(file:///D:/Proyectos%20Programacion/Prueba-T-cinca---Inlaze/src/test/resources/features/01.RegistroDeUsuarios/RegistroDeUsuarios.feature:49)
&amp#27;[0m
]]></system-out>
    <system-err><![CDATA[ene. 09, 2025 10:36:55 P.M. org.openqa.selenium.devtools.CdpVersionFinder findNearestMatch
WARNING: Unable to find CDP implementation matching 131
ene. 09, 2025 10:36:55 P.M. org.openqa.selenium.chromium.ChromiumDriver lambda$new$5
WARNING: Unable to find version of CDP to use for 131.0.6778.265. You may need to include a dependency on a specific version of the CDP using something similar to `org.seleniumhq.selenium:selenium-devtools-v86:4.16.1` where the version ("v86") matches the version of the chromium-based browser you're using and the version number of the artifact is the same as Selenium's.
]]></system-err>
  </testcase>
  <testcase name="Validar que si no secumplen todas las condiciones para los campos &quot;Contrasea&quot; y &quot;Confirmar contrasea&quot;, no se habilite el boton registrar #1" classname="Validar que se cumplan los requerimientos del usuario para la funcionalidad &quot;Registro de Usuario&quot;" time="11.039">
    <system-out><![CDATA[
@FuncionalidadRegistroDeUsuarios @ValidacionCondicionesContrasena
Scenario Outline: Validar que si no secumplen todas las condiciones para los campos "Contrasea" y "Confirmar contrasea", no se habilite el boton registrar &amp#27;[90m# src/test/resources/features/01.RegistroDeUsuarios/RegistroDeUsuarios.feature:62&amp#27;[0m
  &amp#27;[32mGiven &amp#27;[0m&amp#27;[32m&amp#27;[0m&amp#27;[32m&amp#27;[1mJuan Prez&amp#27;[0m&amp#27;[32m tiene acceso al aplicativo&amp#27;[0m                                                                                                                &amp#27;[90m# starter.stepdefinations.registroDeUsuario.SuccessfulRegistrationSteps.openWebApplication(java.lang.String)&amp#27;[0m
  &amp#27;[32mAnd &amp#27;[0m&amp#27;[32mingresa al formulario de registro de usuario nuevo&amp#27;[0m                                                                                                     &amp#27;[90m# starter.stepdefinations.registroDeUsuario.SuccessfulRegistrationSteps.goToRegistrationForm()&amp#27;[0m
  &amp#27;[32mWhen &amp#27;[0m&amp#27;[32mdiligencia el formulario de registro con los datos de &amp#27;[0m&amp#27;[32m&amp#27;[1mJuan Prez&amp#27;[0m&amp#27;[32m, &amp#27;[0m&amp#27;[32m&amp#27;[1mjuan-perez@example.com&amp#27;[0m&amp#27;[32m, &amp#27;[0m&amp#27;[32m&amp#27;[1mabc123&amp#27;[0m&amp#27;[32m y &amp#27;[0m&amp#27;[32m&amp#27;[1mabc123&amp#27;[0m                                             &amp#27;[90m# starter.stepdefinations.registroDeUsuario.ValidationConditionsPasswordsSteps.fillRegistrationFormOutline(java.lang.String,java.lang.String,java.lang.String,java.lang.String)&amp#27;[0m
  &amp#27;[32mThen &amp#27;[0m&amp#27;[32mcomprueba el estado del botn registrar&amp#27;[0m                                                                                                               &amp#27;[90m# starter.stepdefinations.registroDeUsuario.ValidationUserRequirementsSteps.validateSignUpButtonState(io.cucumber.datatable.DataTable)&amp#27;[0m
    | false |
]]></system-out>
    <system-err><![CDATA[ene. 09, 2025 10:37:12 P.M. org.openqa.selenium.devtools.CdpVersionFinder findNearestMatch
WARNING: Unable to find CDP implementation matching 131
ene. 09, 2025 10:37:12 P.M. org.openqa.selenium.chromium.ChromiumDriver lambda$new$5
WARNING: Unable to find version of CDP to use for 131.0.6778.265. You may need to include a dependency on a specific version of the CDP using something similar to `org.seleniumhq.selenium:selenium-devtools-v86:4.16.1` where the version ("v86") matches the version of the chromium-based browser you're using and the version number of the artifact is the same as Selenium's.
]]></system-err>
  </testcase>
  <testcase name="Validar que si no secumplen todas las condiciones para los campos &quot;Contrasea&quot; y &quot;Confirmar contrasea&quot;, no se habilite el boton registrar #2" classname="Validar que se cumplan los requerimientos del usuario para la funcionalidad &quot;Registro de Usuario&quot;" time="10.737">
    <system-out><![CDATA[
@FuncionalidadRegistroDeUsuarios @ValidacionCondicionesContrasena
Scenario Outline: Validar que si no secumplen todas las condiciones para los campos "Contrasea" y "Confirmar contrasea", no se habilite el boton registrar &amp#27;[90m# src/test/resources/features/01.RegistroDeUsuarios/RegistroDeUsuarios.feature:63&amp#27;[0m
  &amp#27;[32mGiven &amp#27;[0m&amp#27;[32m&amp#27;[0m&amp#27;[32m&amp#27;[1mJuan Prez&amp#27;[0m&amp#27;[32m tiene acceso al aplicativo&amp#27;[0m                                                                                                                &amp#27;[90m# starter.stepdefinations.registroDeUsuario.SuccessfulRegistrationSteps.openWebApplication(java.lang.String)&amp#27;[0m
  &amp#27;[32mAnd &amp#27;[0m&amp#27;[32mingresa al formulario de registro de usuario nuevo&amp#27;[0m                                                                                                     &amp#27;[90m# starter.stepdefinations.registroDeUsuario.SuccessfulRegistrationSteps.goToRegistrationForm()&amp#27;[0m
  &amp#27;[32mWhen &amp#27;[0m&amp#27;[32mdiligencia el formulario de registro con los datos de &amp#27;[0m&amp#27;[32m&amp#27;[1mJuan Prez&amp#27;[0m&amp#27;[32m, &amp#27;[0m&amp#27;[32m&amp#27;[1mjuan-perez@example.com&amp#27;[0m&amp#27;[32m, &amp#27;[0m&amp#27;[32m&amp#27;[1mcontrasea1!&amp#27;[0m&amp#27;[32m y &amp#27;[0m&amp#27;[32m&amp#27;[1mcontrasea1!&amp#27;[0m                                 &amp#27;[90m# starter.stepdefinations.registroDeUsuario.ValidationConditionsPasswordsSteps.fillRegistrationFormOutline(java.lang.String,java.lang.String,java.lang.String,java.lang.String)&amp#27;[0m
  &amp#27;[32mThen &amp#27;[0m&amp#27;[32mcomprueba el estado del botn registrar&amp#27;[0m                                                                                                               &amp#27;[90m# starter.stepdefinations.registroDeUsuario.ValidationUserRequirementsSteps.validateSignUpButtonState(io.cucumber.datatable.DataTable)&amp#27;[0m
    | false |
]]></system-out>
    <system-err><![CDATA[ene. 09, 2025 10:37:23 P.M. org.openqa.selenium.devtools.CdpVersionFinder findNearestMatch
WARNING: Unable to find CDP implementation matching 131
ene. 09, 2025 10:37:23 P.M. org.openqa.selenium.chromium.ChromiumDriver lambda$new$5
WARNING: Unable to find version of CDP to use for 131.0.6778.265. You may need to include a dependency on a specific version of the CDP using something similar to `org.seleniumhq.selenium:selenium-devtools-v86:4.16.1` where the version ("v86") matches the version of the chromium-based browser you're using and the version number of the artifact is the same as Selenium's.
]]></system-err>
  </testcase>
  <testcase name="Validar que si no secumplen todas las condiciones para los campos &quot;Contrasea&quot; y &quot;Confirmar contrasea&quot;, no se habilite el boton registrar #3" classname="Validar que se cumplan los requerimientos del usuario para la funcionalidad &quot;Registro de Usuario&quot;" time="11.047">
    <system-out><![CDATA[
@FuncionalidadRegistroDeUsuarios @ValidacionCondicionesContrasena
Scenario Outline: Validar que si no secumplen todas las condiciones para los campos "Contrasea" y "Confirmar contrasea", no se habilite el boton registrar &amp#27;[90m# src/test/resources/features/01.RegistroDeUsuarios/RegistroDeUsuarios.feature:64&amp#27;[0m
  &amp#27;[32mGiven &amp#27;[0m&amp#27;[32m&amp#27;[0m&amp#27;[32m&amp#27;[1mJuan Prez&amp#27;[0m&amp#27;[32m tiene acceso al aplicativo&amp#27;[0m                                                                                                                &amp#27;[90m# starter.stepdefinations.registroDeUsuario.SuccessfulRegistrationSteps.openWebApplication(java.lang.String)&amp#27;[0m
  &amp#27;[32mAnd &amp#27;[0m&amp#27;[32mingresa al formulario de registro de usuario nuevo&amp#27;[0m                                                                                                     &amp#27;[90m# starter.stepdefinations.registroDeUsuario.SuccessfulRegistrationSteps.goToRegistrationForm()&amp#27;[0m
  &amp#27;[32mWhen &amp#27;[0m&amp#27;[32mdiligencia el formulario de registro con los datos de &amp#27;[0m&amp#27;[32m&amp#27;[1mJuan Prez&amp#27;[0m&amp#27;[32m, &amp#27;[0m&amp#27;[32m&amp#27;[1mjuan-perez@example.com&amp#27;[0m&amp#27;[32m, &amp#27;[0m&amp#27;[32m&amp#27;[1mCONTRASEA1!&amp#27;[0m&amp#27;[32m y &amp#27;[0m&amp#27;[32m&amp#27;[1mCONTRASEA1!&amp#27;[0m                                 &amp#27;[90m# starter.stepdefinations.registroDeUsuario.ValidationConditionsPasswordsSteps.fillRegistrationFormOutline(java.lang.String,java.lang.String,java.lang.String,java.lang.String)&amp#27;[0m
  &amp#27;[32mThen &amp#27;[0m&amp#27;[32mcomprueba el estado del botn registrar&amp#27;[0m                                                                                                               &amp#27;[90m# starter.stepdefinations.registroDeUsuario.ValidationUserRequirementsSteps.validateSignUpButtonState(io.cucumber.datatable.DataTable)&amp#27;[0m
    | false |
]]></system-out>
    <system-err><![CDATA[ene. 09, 2025 10:37:33 P.M. org.openqa.selenium.devtools.CdpVersionFinder findNearestMatch
WARNING: Unable to find CDP implementation matching 131
ene. 09, 2025 10:37:33 P.M. org.openqa.selenium.chromium.ChromiumDriver lambda$new$5
WARNING: Unable to find version of CDP to use for 131.0.6778.265. You may need to include a dependency on a specific version of the CDP using something similar to `org.seleniumhq.selenium:selenium-devtools-v86:4.16.1` where the version ("v86") matches the version of the chromium-based browser you're using and the version number of the artifact is the same as Selenium's.
]]></system-err>
  </testcase>
  <testcase name="Validar que si no secumplen todas las condiciones para los campos &quot;Contrasea&quot; y &quot;Confirmar contrasea&quot;, no se habilite el boton registrar #4" classname="Validar que se cumplan los requerimientos del usuario para la funcionalidad &quot;Registro de Usuario&quot;" time="5.474">
    <failure message="&#10;Expected: &lt;false&gt;&#10;     but: was &lt;true&gt;" type="java.lang.AssertionError"><![CDATA[java.lang.AssertionError: 

Expected: <false>
     but: was <true>
	at net.serenitybdd.screenplay.ErrorTally.throwSummaryExceptionFrom(ErrorTally.java:38)
	at net.serenitybdd.screenplay.ErrorTally.reportAnyErrors(ErrorTally.java:32)
	at net.serenitybdd.screenplay.Actor.should(Actor.java:397)
	at starter.stepdefinations.registroDeUsuario.ValidationUserRequirementsSteps.validateSignUpButtonState(ValidationUserRequirementsSteps.java:50)
	at .comprueba el estado del botn registrar(file:///D:/Proyectos%20Programacion/Prueba-T-cinca---Inlaze/src/test/resources/features/01.RegistroDeUsuarios/RegistroDeUsuarios.feature:58)
]]></failure>
    <system-out><![CDATA[
@FuncionalidadRegistroDeUsuarios @ValidacionCondicionesContrasena
Scenario Outline: Validar que si no secumplen todas las condiciones para los campos "Contrasea" y "Confirmar contrasea", no se habilite el boton registrar &amp#27;[90m# src/test/resources/features/01.RegistroDeUsuarios/RegistroDeUsuarios.feature:65&amp#27;[0m
  &amp#27;[32mGiven &amp#27;[0m&amp#27;[32m&amp#27;[0m&amp#27;[32m&amp#27;[1mJuan Prez&amp#27;[0m&amp#27;[32m tiene acceso al aplicativo&amp#27;[0m                                                                                                                &amp#27;[90m# starter.stepdefinations.registroDeUsuario.SuccessfulRegistrationSteps.openWebApplication(java.lang.String)&amp#27;[0m
  &amp#27;[32mAnd &amp#27;[0m&amp#27;[32mingresa al formulario de registro de usuario nuevo&amp#27;[0m                                                                                                     &amp#27;[90m# starter.stepdefinations.registroDeUsuario.SuccessfulRegistrationSteps.goToRegistrationForm()&amp#27;[0m
  &amp#27;[32mWhen &amp#27;[0m&amp#27;[32mdiligencia el formulario de registro con los datos de &amp#27;[0m&amp#27;[32m&amp#27;[1mJuan Prez&amp#27;[0m&amp#27;[32m, &amp#27;[0m&amp#27;[32m&amp#27;[1mjuan-perez@example.com&amp#27;[0m&amp#27;[32m, &amp#27;[0m&amp#27;[32m&amp#27;[1mContrasena1&amp#27;[0m&amp#27;[32m y &amp#27;[0m&amp#27;[32m&amp#27;[1mContrasena1&amp#27;[0m                                   &amp#27;[90m# starter.stepdefinations.registroDeUsuario.ValidationConditionsPasswordsSteps.fillRegistrationFormOutline(java.lang.String,java.lang.String,java.lang.String,java.lang.String)&amp#27;[0m
  &amp#27;[31mThen &amp#27;[0m&amp#27;[31mcomprueba el estado del botn registrar&amp#27;[0m                                                                                                               &amp#27;[90m# starter.stepdefinations.registroDeUsuario.ValidationUserRequirementsSteps.validateSignUpButtonState(io.cucumber.datatable.DataTable)&amp#27;[0m
    | false |
      &amp#27;[31mjava.lang.AssertionError: 
Expected: <false>
     but: was <true>
	at net.serenitybdd.screenplay.ErrorTally.throwSummaryExceptionFrom(ErrorTally.java:38)
	at net.serenitybdd.screenplay.ErrorTally.reportAnyErrors(ErrorTally.java:32)
	at net.serenitybdd.screenplay.Actor.should(Actor.java:397)
	at starter.stepdefinations.registroDeUsuario.ValidationUserRequirementsSteps.validateSignUpButtonState(ValidationUserRequirementsSteps.java:50)
	at .comprueba el estado del botn registrar(file:///D:/Proyectos%20Programacion/Prueba-T-cinca---Inlaze/src/test/resources/features/01.RegistroDeUsuarios/RegistroDeUsuarios.feature:58)
&amp#27;[0m
]]></system-out>
    <system-err><![CDATA[ene. 09, 2025 10:37:44 P.M. org.openqa.selenium.devtools.CdpVersionFinder findNearestMatch
WARNING: Unable to find CDP implementation matching 131
ene. 09, 2025 10:37:44 P.M. org.openqa.selenium.chromium.ChromiumDriver lambda$new$5
WARNING: Unable to find version of CDP to use for 131.0.6778.265. You may need to include a dependency on a specific version of the CDP using something similar to `org.seleniumhq.selenium:selenium-devtools-v86:4.16.1` where the version ("v86") matches the version of the chromium-based browser you're using and the version number of the artifact is the same as Selenium's.
]]></system-err>
  </testcase>
  <testcase name="Validar que si no secumplen todas las condiciones para los campos &quot;Contrasea&quot; y &quot;Confirmar contrasea&quot;, no se habilite el boton registrar #5" classname="Validar que se cumplan los requerimientos del usuario para la funcionalidad &quot;Registro de Usuario&quot;" time="10.661">
    <system-out><![CDATA[
@FuncionalidadRegistroDeUsuarios @ValidacionCondicionesContrasena
Scenario Outline: Validar que si no secumplen todas las condiciones para los campos "Contrasea" y "Confirmar contrasea", no se habilite el boton registrar &amp#27;[90m# src/test/resources/features/01.RegistroDeUsuarios/RegistroDeUsuarios.feature:66&amp#27;[0m
  &amp#27;[32mGiven &amp#27;[0m&amp#27;[32m&amp#27;[0m&amp#27;[32m&amp#27;[1mJuan Prez&amp#27;[0m&amp#27;[32m tiene acceso al aplicativo&amp#27;[0m                                                                                                                &amp#27;[90m# starter.stepdefinations.registroDeUsuario.SuccessfulRegistrationSteps.openWebApplication(java.lang.String)&amp#27;[0m
  &amp#27;[32mAnd &amp#27;[0m&amp#27;[32mingresa al formulario de registro de usuario nuevo&amp#27;[0m                                                                                                     &amp#27;[90m# starter.stepdefinations.registroDeUsuario.SuccessfulRegistrationSteps.goToRegistrationForm()&amp#27;[0m
  &amp#27;[32mWhen &amp#27;[0m&amp#27;[32mdiligencia el formulario de registro con los datos de &amp#27;[0m&amp#27;[32m&amp#27;[1mJuan Prez&amp#27;[0m&amp#27;[32m, &amp#27;[0m&amp#27;[32m&amp#27;[1mjuan-perez@example.com&amp#27;[0m&amp#27;[32m, &amp#27;[0m&amp#27;[32m&amp#27;[1mContrasea!&amp#27;[0m&amp#27;[32m y &amp#27;[0m&amp#27;[32m&amp#27;[1mContrasea!&amp#27;[0m                                   &amp#27;[90m# starter.stepdefinations.registroDeUsuario.ValidationConditionsPasswordsSteps.fillRegistrationFormOutline(java.lang.String,java.lang.String,java.lang.String,java.lang.String)&amp#27;[0m
  &amp#27;[32mThen &amp#27;[0m&amp#27;[32mcomprueba el estado del botn registrar&amp#27;[0m                                                                                                               &amp#27;[90m# starter.stepdefinations.registroDeUsuario.ValidationUserRequirementsSteps.validateSignUpButtonState(io.cucumber.datatable.DataTable)&amp#27;[0m
    | false |
]]></system-out>
    <system-err><![CDATA[ene. 09, 2025 10:37:50 P.M. org.openqa.selenium.devtools.CdpVersionFinder findNearestMatch
WARNING: Unable to find CDP implementation matching 131
ene. 09, 2025 10:37:50 P.M. org.openqa.selenium.chromium.ChromiumDriver lambda$new$5
WARNING: Unable to find version of CDP to use for 131.0.6778.265. You may need to include a dependency on a specific version of the CDP using something similar to `org.seleniumhq.selenium:selenium-devtools-v86:4.16.1` where the version ("v86") matches the version of the chromium-based browser you're using and the version number of the artifact is the same as Selenium's.
]]></system-err>
  </testcase>
  <testcase name="Validar que si al registrar un usuario las contraseas no coinciden, no se habilite el boton registrar" classname="Validar que se cumplan los requerimientos del usuario para la funcionalidad &quot;Registro de Usuario&quot;" time="10.853">
    <system-out><![CDATA[
@FuncionalidadRegistroDeUsuarios @ValidacionContrasenasNoCoinciden
Scenario: Validar que si al registrar un usuario las contraseas no coinciden, no se habilite el boton registrar &amp#27;[90m# src/test/resources/features/01.RegistroDeUsuarios/RegistroDeUsuarios.feature:70&amp#27;[0m
  &amp#27;[32mGiven &amp#27;[0m&amp#27;[32m&amp#27;[0m&amp#27;[32m&amp#27;[1mJuan Prez&amp#27;[0m&amp#27;[32m tiene acceso al aplicativo&amp#27;[0m                                                                    &amp#27;[90m# starter.stepdefinations.registroDeUsuario.SuccessfulRegistrationSteps.openWebApplication(java.lang.String)&amp#27;[0m
  &amp#27;[32mAnd &amp#27;[0m&amp#27;[32mingresa al formulario de registro de usuario nuevo&amp#27;[0m                                                         &amp#27;[90m# starter.stepdefinations.registroDeUsuario.SuccessfulRegistrationSteps.goToRegistrationForm()&amp#27;[0m
  &amp#27;[32mWhen &amp#27;[0m&amp#27;[32mdiligencia el formulario de registro con los datos requeridos&amp#27;[0m                                             &amp#27;[90m# starter.stepdefinations.registroDeUsuario.ValidationUserRequirementsSteps.fillRegistrationForm(io.cucumber.datatable.DataTable)&amp#27;[0m
    | Nombre     | Correo                 | Contrasena   | Confirmar Contrasena |
    | Juan Prez | juan-perez@example.com | Contrasea1! | Contrasea2!         |
  &amp#27;[32mThen &amp#27;[0m&amp#27;[32mel sistema indica que las contraseas no coinciden&amp#27;[0m                                                        &amp#27;[90m# starter.stepdefinations.registroDeUsuario.ValidateErrorRegisterUserSteps.validateErrorPasswwordNotMatch(io.cucumber.datatable.DataTable)&amp#27;[0m
    | Passwords do not match |
  &amp#27;[32mAnd &amp#27;[0m&amp#27;[32mcomprueba el estado del botn registrar&amp#27;[0m                                                                    &amp#27;[90m# starter.stepdefinations.registroDeUsuario.ValidationUserRequirementsSteps.validateSignUpButtonState(io.cucumber.datatable.DataTable)&amp#27;[0m
    | false |
]]></system-out>
    <system-err><![CDATA[ene. 09, 2025 10:38:01 P.M. org.openqa.selenium.devtools.CdpVersionFinder findNearestMatch
WARNING: Unable to find CDP implementation matching 131
ene. 09, 2025 10:38:01 P.M. org.openqa.selenium.chromium.ChromiumDriver lambda$new$5
WARNING: Unable to find version of CDP to use for 131.0.6778.265. You may need to include a dependency on a specific version of the CDP using something similar to `org.seleniumhq.selenium:selenium-devtools-v86:4.16.1` where the version ("v86") matches the version of the chromium-based browser you're using and the version number of the artifact is the same as Selenium's.
]]></system-err>
  </testcase>
  <testcase name="Validar que si se presenta uno o ms campos sin diligenciar, no se habilite el boton registrar #1" classname="Validar que se cumplan los requerimientos del usuario para la funcionalidad &quot;Registro de Usuario&quot;" time="10.515">
    <system-out><![CDATA[
@FuncionalidadRegistroDeUsuarios @ValidacionCamposObligatorios
Scenario Outline: Validar que si se presenta uno o ms campos sin diligenciar, no se habilite el boton registrar &amp#27;[90m# src/test/resources/features/01.RegistroDeUsuarios/RegistroDeUsuarios.feature:91&amp#27;[0m
  &amp#27;[32mGiven &amp#27;[0m&amp#27;[32m&amp#27;[0m&amp#27;[32m&amp#27;[1mJuan Prez&amp#27;[0m&amp#27;[32m tiene acceso al aplicativo&amp#27;[0m                                                                    &amp#27;[90m# starter.stepdefinations.registroDeUsuario.SuccessfulRegistrationSteps.openWebApplication(java.lang.String)&amp#27;[0m
  &amp#27;[32mAnd &amp#27;[0m&amp#27;[32mingresa al formulario de registro de usuario nuevo&amp#27;[0m                                                         &amp#27;[90m# starter.stepdefinations.registroDeUsuario.SuccessfulRegistrationSteps.goToRegistrationForm()&amp#27;[0m
  &amp#27;[32mWhen &amp#27;[0m&amp#27;[32mdiligencia el formulario de registro con los datos de &amp#27;[0m&amp#27;[32m&amp#27;[1m&amp#27;[0m&amp#27;[32m, &amp#27;[0m&amp#27;[32m&amp#27;[1m&amp#27;[0m&amp#27;[32m, &amp#27;[0m&amp#27;[32m&amp#27;[1m&amp#27;[0m&amp#27;[32m y &amp#27;[0m&amp#27;[32m&amp#27;[1m&amp#27;[0m                                             &amp#27;[90m# starter.stepdefinations.registroDeUsuario.ValidationConditionsPasswordsSteps.fillRegistrationFormOutline(java.lang.String,java.lang.String,java.lang.String,java.lang.String)&amp#27;[0m
  &amp#27;[32mThen &amp#27;[0m&amp#27;[32mcomprueba el estado del botn registrar&amp#27;[0m                                                                   &amp#27;[90m# starter.stepdefinations.registroDeUsuario.ValidationUserRequirementsSteps.validateSignUpButtonState(io.cucumber.datatable.DataTable)&amp#27;[0m
    | false |
]]></system-out>
    <system-err><![CDATA[ene. 09, 2025 10:38:11 P.M. org.openqa.selenium.devtools.CdpVersionFinder findNearestMatch
WARNING: Unable to find CDP implementation matching 131
ene. 09, 2025 10:38:11 P.M. org.openqa.selenium.chromium.ChromiumDriver lambda$new$5
WARNING: Unable to find version of CDP to use for 131.0.6778.265. You may need to include a dependency on a specific version of the CDP using something similar to `org.seleniumhq.selenium:selenium-devtools-v86:4.16.1` where the version ("v86") matches the version of the chromium-based browser you're using and the version number of the artifact is the same as Selenium's.
]]></system-err>
  </testcase>
  <testcase name="Validar que si se presenta uno o ms campos sin diligenciar, no se habilite el boton registrar #2" classname="Validar que se cumplan los requerimientos del usuario para la funcionalidad &quot;Registro de Usuario&quot;" time="10.678">
    <system-out><![CDATA[
@FuncionalidadRegistroDeUsuarios @ValidacionCamposObligatorios
Scenario Outline: Validar que si se presenta uno o ms campos sin diligenciar, no se habilite el boton registrar   &amp#27;[90m# src/test/resources/features/01.RegistroDeUsuarios/RegistroDeUsuarios.feature:92&amp#27;[0m
  &amp#27;[32mGiven &amp#27;[0m&amp#27;[32m&amp#27;[0m&amp#27;[32m&amp#27;[1mJuan Prez&amp#27;[0m&amp#27;[32m tiene acceso al aplicativo&amp#27;[0m                                                                      &amp#27;[90m# starter.stepdefinations.registroDeUsuario.SuccessfulRegistrationSteps.openWebApplication(java.lang.String)&amp#27;[0m
  &amp#27;[32mAnd &amp#27;[0m&amp#27;[32mingresa al formulario de registro de usuario nuevo&amp#27;[0m                                                           &amp#27;[90m# starter.stepdefinations.registroDeUsuario.SuccessfulRegistrationSteps.goToRegistrationForm()&amp#27;[0m
  &amp#27;[32mWhen &amp#27;[0m&amp#27;[32mdiligencia el formulario de registro con los datos de &amp#27;[0m&amp#27;[32m&amp#27;[1m&amp#27;[0m&amp#27;[32m, &amp#27;[0m&amp#27;[32m&amp#27;[1mjuan-perez@example.com&amp#27;[0m&amp#27;[32m, &amp#27;[0m&amp#27;[32m&amp#27;[1mContrasea1!&amp#27;[0m&amp#27;[32m y &amp#27;[0m&amp#27;[32m&amp#27;[1mContrasea1!&amp#27;[0m &amp#27;[90m# starter.stepdefinations.registroDeUsuario.ValidationConditionsPasswordsSteps.fillRegistrationFormOutline(java.lang.String,java.lang.String,java.lang.String,java.lang.String)&amp#27;[0m
  &amp#27;[32mThen &amp#27;[0m&amp#27;[32mcomprueba el estado del botn registrar&amp#27;[0m                                                                     &amp#27;[90m# starter.stepdefinations.registroDeUsuario.ValidationUserRequirementsSteps.validateSignUpButtonState(io.cucumber.datatable.DataTable)&amp#27;[0m
    | false |
]]></system-out>
    <system-err><![CDATA[ene. 09, 2025 10:38:22 P.M. org.openqa.selenium.devtools.CdpVersionFinder findNearestMatch
WARNING: Unable to find CDP implementation matching 131
ene. 09, 2025 10:38:22 P.M. org.openqa.selenium.chromium.ChromiumDriver lambda$new$5
WARNING: Unable to find version of CDP to use for 131.0.6778.265. You may need to include a dependency on a specific version of the CDP using something similar to `org.seleniumhq.selenium:selenium-devtools-v86:4.16.1` where the version ("v86") matches the version of the chromium-based browser you're using and the version number of the artifact is the same as Selenium's.
]]></system-err>
  </testcase>
  <testcase name="Validar que si se presenta uno o ms campos sin diligenciar, no se habilite el boton registrar #3" classname="Validar que se cumplan los requerimientos del usuario para la funcionalidad &quot;Registro de Usuario&quot;" time="10.335">
    <system-out><![CDATA[
@FuncionalidadRegistroDeUsuarios @ValidacionCamposObligatorios
Scenario Outline: Validar que si se presenta uno o ms campos sin diligenciar, no se habilite el boton registrar &amp#27;[90m# src/test/resources/features/01.RegistroDeUsuarios/RegistroDeUsuarios.feature:93&amp#27;[0m
  &amp#27;[32mGiven &amp#27;[0m&amp#27;[32m&amp#27;[0m&amp#27;[32m&amp#27;[1mJuan Prez&amp#27;[0m&amp#27;[32m tiene acceso al aplicativo&amp#27;[0m                                                                    &amp#27;[90m# starter.stepdefinations.registroDeUsuario.SuccessfulRegistrationSteps.openWebApplication(java.lang.String)&amp#27;[0m
  &amp#27;[32mAnd &amp#27;[0m&amp#27;[32mingresa al formulario de registro de usuario nuevo&amp#27;[0m                                                         &amp#27;[90m# starter.stepdefinations.registroDeUsuario.SuccessfulRegistrationSteps.goToRegistrationForm()&amp#27;[0m
  &amp#27;[32mWhen &amp#27;[0m&amp#27;[32mdiligencia el formulario de registro con los datos de &amp#27;[0m&amp#27;[32m&amp#27;[1mJuan Prez&amp#27;[0m&amp#27;[32m, &amp#27;[0m&amp#27;[32m&amp#27;[1m&amp#27;[0m&amp#27;[32m, &amp#27;[0m&amp#27;[32m&amp#27;[1mContrasea1!&amp#27;[0m&amp#27;[32m y &amp#27;[0m&amp#27;[32m&amp#27;[1mContrasea1!&amp#27;[0m           &amp#27;[90m# starter.stepdefinations.registroDeUsuario.ValidationConditionsPasswordsSteps.fillRegistrationFormOutline(java.lang.String,java.lang.String,java.lang.String,java.lang.String)&amp#27;[0m
  &amp#27;[32mThen &amp#27;[0m&amp#27;[32mcomprueba el estado del botn registrar&amp#27;[0m                                                                   &amp#27;[90m# starter.stepdefinations.registroDeUsuario.ValidationUserRequirementsSteps.validateSignUpButtonState(io.cucumber.datatable.DataTable)&amp#27;[0m
    | false |
]]></system-out>
    <system-err><![CDATA[ene. 09, 2025 10:38:32 P.M. org.openqa.selenium.devtools.CdpVersionFinder findNearestMatch
WARNING: Unable to find CDP implementation matching 131
ene. 09, 2025 10:38:32 P.M. org.openqa.selenium.chromium.ChromiumDriver lambda$new$5
WARNING: Unable to find version of CDP to use for 131.0.6778.265. You may need to include a dependency on a specific version of the CDP using something similar to `org.seleniumhq.selenium:selenium-devtools-v86:4.16.1` where the version ("v86") matches the version of the chromium-based browser you're using and the version number of the artifact is the same as Selenium's.
]]></system-err>
  </testcase>
  <testcase name="Validar que si se presenta uno o ms campos sin diligenciar, no se habilite el boton registrar #4" classname="Validar que se cumplan los requerimientos del usuario para la funcionalidad &quot;Registro de Usuario&quot;" time="10.802">
    <system-out><![CDATA[
@FuncionalidadRegistroDeUsuarios @ValidacionCamposObligatorios
Scenario Outline: Validar que si se presenta uno o ms campos sin diligenciar, no se habilite el boton registrar &amp#27;[90m# src/test/resources/features/01.RegistroDeUsuarios/RegistroDeUsuarios.feature:94&amp#27;[0m
  &amp#27;[32mGiven &amp#27;[0m&amp#27;[32m&amp#27;[0m&amp#27;[32m&amp#27;[1mJuan Prez&amp#27;[0m&amp#27;[32m tiene acceso al aplicativo&amp#27;[0m                                                                    &amp#27;[90m# starter.stepdefinations.registroDeUsuario.SuccessfulRegistrationSteps.openWebApplication(java.lang.String)&amp#27;[0m
  &amp#27;[32mAnd &amp#27;[0m&amp#27;[32mingresa al formulario de registro de usuario nuevo&amp#27;[0m                                                         &amp#27;[90m# starter.stepdefinations.registroDeUsuario.SuccessfulRegistrationSteps.goToRegistrationForm()&amp#27;[0m
  &amp#27;[32mWhen &amp#27;[0m&amp#27;[32mdiligencia el formulario de registro con los datos de &amp#27;[0m&amp#27;[32m&amp#27;[1mJuan Prez&amp#27;[0m&amp#27;[32m, &amp#27;[0m&amp#27;[32m&amp#27;[1mjuan-perez@example.com&amp#27;[0m&amp#27;[32m, &amp#27;[0m&amp#27;[32m&amp#27;[1m&amp#27;[0m&amp#27;[32m y &amp#27;[0m&amp#27;[32m&amp#27;[1mContrasea1!&amp#27;[0m &amp#27;[90m# starter.stepdefinations.registroDeUsuario.ValidationConditionsPasswordsSteps.fillRegistrationFormOutline(java.lang.String,java.lang.String,java.lang.String,java.lang.String)&amp#27;[0m
  &amp#27;[32mThen &amp#27;[0m&amp#27;[32mcomprueba el estado del botn registrar&amp#27;[0m                                                                   &amp#27;[90m# starter.stepdefinations.registroDeUsuario.ValidationUserRequirementsSteps.validateSignUpButtonState(io.cucumber.datatable.DataTable)&amp#27;[0m
    | false |
]]></system-out>
    <system-err><![CDATA[ene. 09, 2025 10:38:43 P.M. org.openqa.selenium.devtools.CdpVersionFinder findNearestMatch
WARNING: Unable to find CDP implementation matching 131
ene. 09, 2025 10:38:43 P.M. org.openqa.selenium.chromium.ChromiumDriver lambda$new$5
WARNING: Unable to find version of CDP to use for 131.0.6778.265. You may need to include a dependency on a specific version of the CDP using something similar to `org.seleniumhq.selenium:selenium-devtools-v86:4.16.1` where the version ("v86") matches the version of the chromium-based browser you're using and the version number of the artifact is the same as Selenium's.
]]></system-err>
  </testcase>
  <testcase name="Validar que si se presenta uno o ms campos sin diligenciar, no se habilite el boton registrar #5" classname="Validar que se cumplan los requerimientos del usuario para la funcionalidad &quot;Registro de Usuario&quot;" time="10.601">
    <system-out><![CDATA[
@FuncionalidadRegistroDeUsuarios @ValidacionCamposObligatorios
Scenario Outline: Validar que si se presenta uno o ms campos sin diligenciar, no se habilite el boton registrar &amp#27;[90m# src/test/resources/features/01.RegistroDeUsuarios/RegistroDeUsuarios.feature:95&amp#27;[0m
  &amp#27;[32mGiven &amp#27;[0m&amp#27;[32m&amp#27;[0m&amp#27;[32m&amp#27;[1mJuan Prez&amp#27;[0m&amp#27;[32m tiene acceso al aplicativo&amp#27;[0m                                                                    &amp#27;[90m# starter.stepdefinations.registroDeUsuario.SuccessfulRegistrationSteps.openWebApplication(java.lang.String)&amp#27;[0m
  &amp#27;[32mAnd &amp#27;[0m&amp#27;[32mingresa al formulario de registro de usuario nuevo&amp#27;[0m                                                         &amp#27;[90m# starter.stepdefinations.registroDeUsuario.SuccessfulRegistrationSteps.goToRegistrationForm()&amp#27;[0m
  &amp#27;[32mWhen &amp#27;[0m&amp#27;[32mdiligencia el formulario de registro con los datos de &amp#27;[0m&amp#27;[32m&amp#27;[1mJuan Prez&amp#27;[0m&amp#27;[32m, &amp#27;[0m&amp#27;[32m&amp#27;[1mjuan-perez@example.com&amp#27;[0m&amp#27;[32m, &amp#27;[0m&amp#27;[32m&amp#27;[1mContrasea1!&amp#27;[0m&amp#27;[32m y &amp#27;[0m&amp#27;[32m&amp#27;[1m&amp#27;[0m &amp#27;[90m# starter.stepdefinations.registroDeUsuario.ValidationConditionsPasswordsSteps.fillRegistrationFormOutline(java.lang.String,java.lang.String,java.lang.String,java.lang.String)&amp#27;[0m
  &amp#27;[32mThen &amp#27;[0m&amp#27;[32mcomprueba el estado del botn registrar&amp#27;[0m                                                                   &amp#27;[90m# starter.stepdefinations.registroDeUsuario.ValidationUserRequirementsSteps.validateSignUpButtonState(io.cucumber.datatable.DataTable)&amp#27;[0m
    | false |
]]></system-out>
    <system-err><![CDATA[ene. 09, 2025 10:38:54 P.M. org.openqa.selenium.devtools.CdpVersionFinder findNearestMatch
WARNING: Unable to find CDP implementation matching 131
ene. 09, 2025 10:38:54 P.M. org.openqa.selenium.chromium.ChromiumDriver lambda$new$5
WARNING: Unable to find version of CDP to use for 131.0.6778.265. You may need to include a dependency on a specific version of the CDP using something similar to `org.seleniumhq.selenium:selenium-devtools-v86:4.16.1` where the version ("v86") matches the version of the chromium-based browser you're using and the version number of the artifact is the same as Selenium's.
]]></system-err>
  </testcase>
  <testcase name="Validar que se pueda logear exitosamente un usuario en el sistema" classname="Validar que se cumplan los requerimientos del usuario para la funcionalidad &quot;Login de Usuario&quot;" time="5.401">
    <system-out><![CDATA[
@FuncionalidadLoginDeUsuarios @LoginExitoso
Scenario: Validar que se pueda logear exitosamente un usuario en el sistema &amp#27;[90m# src/test/resources/features/02.LoginDeUsuarios/LoginDeUsuarios.feature:10&amp#27;[0m
  &amp#27;[32mGiven &amp#27;[0m&amp#27;[32m&amp#27;[0m&amp#27;[32m&amp#27;[1mJuan Prez&amp#27;[0m&amp#27;[32m tiene acceso al aplicativo&amp#27;[0m                               &amp#27;[90m# starter.stepdefinations.registroDeUsuario.SuccessfulRegistrationSteps.openWebApplication(java.lang.String)&amp#27;[0m
  &amp#27;[32mWhen &amp#27;[0m&amp#27;[32minicia sesion con las credenciales requeridas&amp#27;[0m                        &amp#27;[90m# starter.stepdefinations.loginDeUsuario.SuccessfulLoginSteps.sendLoginForm(io.cucumber.datatable.DataTable)&amp#27;[0m
    | Correo                 | Contrasena   |
    | juan-perez@example.com | Contrasea1! |
  &amp#27;[32mThen &amp#27;[0m&amp#27;[32mel sistema muestra el nombre del usuario en la pantalla principal&amp#27;[0m    &amp#27;[90m# starter.stepdefinations.loginDeUsuario.SuccessfulLoginSteps.validateSuccessLogin(io.cucumber.datatable.DataTable)&amp#27;[0m
    | Juan Prez |
]]></system-out>
    <system-err><![CDATA[ene. 09, 2025 10:39:05 P.M. org.openqa.selenium.devtools.CdpVersionFinder findNearestMatch
WARNING: Unable to find CDP implementation matching 131
ene. 09, 2025 10:39:05 P.M. org.openqa.selenium.chromium.ChromiumDriver lambda$new$5
WARNING: Unable to find version of CDP to use for 131.0.6778.265. You may need to include a dependency on a specific version of the CDP using something similar to `org.seleniumhq.selenium:selenium-devtools-v86:4.16.1` where the version ("v86") matches the version of the chromium-based browser you're using and the version number of the artifact is the same as Selenium's.
]]></system-err>
  </testcase>
  <testcase name="Validar que si se presenta uno o ms campos sin diligenciar, no se habilite el boton iniciar sesion #1" classname="Validar que se cumplan los requerimientos del usuario para la funcionalidad &quot;Login de Usuario&quot;" time="9.047">
    <system-out><![CDATA[
@FuncionalidadLoginDeUsuarios @ValidacionCamposObligatoriosLogin
Scenario Outline: Validar que si se presenta uno o ms campos sin diligenciar, no se habilite el boton iniciar sesion &amp#27;[90m# src/test/resources/features/02.LoginDeUsuarios/LoginDeUsuarios.feature:27&amp#27;[0m
  &amp#27;[32mGiven &amp#27;[0m&amp#27;[32m&amp#27;[0m&amp#27;[32m&amp#27;[1mJuan Prez&amp#27;[0m&amp#27;[32m tiene acceso al aplicativo&amp#27;[0m                                                                         &amp#27;[90m# starter.stepdefinations.registroDeUsuario.SuccessfulRegistrationSteps.openWebApplication(java.lang.String)&amp#27;[0m
  &amp#27;[32mWhen &amp#27;[0m&amp#27;[32minicia sesion con los datos de &amp#27;[0m&amp#27;[32m&amp#27;[1m&amp#27;[0m&amp#27;[32m y &amp#27;[0m&amp#27;[32m&amp#27;[1m&amp#27;[0m                                                                             &amp#27;[90m# starter.stepdefinations.loginDeUsuario.ValidationFieldsEmptySteps.sendLoginFormOutline(java.lang.String,java.lang.String)&amp#27;[0m
  &amp#27;[32mThen &amp#27;[0m&amp#27;[32mcomprueba el estado del botn iniciar sesion&amp#27;[0m                                                                   &amp#27;[90m# starter.stepdefinations.loginDeUsuario.ValidationFieldsEmptySteps.validateStateLoginButton(io.cucumber.datatable.DataTable)&amp#27;[0m
    | false |
]]></system-out>
    <system-err><![CDATA[ene. 09, 2025 10:39:10 P.M. org.openqa.selenium.devtools.CdpVersionFinder findNearestMatch
WARNING: Unable to find CDP implementation matching 131
ene. 09, 2025 10:39:10 P.M. org.openqa.selenium.chromium.ChromiumDriver lambda$new$5
WARNING: Unable to find version of CDP to use for 131.0.6778.265. You may need to include a dependency on a specific version of the CDP using something similar to `org.seleniumhq.selenium:selenium-devtools-v86:4.16.1` where the version ("v86") matches the version of the chromium-based browser you're using and the version number of the artifact is the same as Selenium's.
]]></system-err>
  </testcase>
  <testcase name="Validar que si se presenta uno o ms campos sin diligenciar, no se habilite el boton iniciar sesion #2" classname="Validar que se cumplan los requerimientos del usuario para la funcionalidad &quot;Login de Usuario&quot;" time="9.258">
    <system-out><![CDATA[
@FuncionalidadLoginDeUsuarios @ValidacionCamposObligatoriosLogin
Scenario Outline: Validar que si se presenta uno o ms campos sin diligenciar, no se habilite el boton iniciar sesion &amp#27;[90m# src/test/resources/features/02.LoginDeUsuarios/LoginDeUsuarios.feature:28&amp#27;[0m
  &amp#27;[32mGiven &amp#27;[0m&amp#27;[32m&amp#27;[0m&amp#27;[32m&amp#27;[1mJuan Prez&amp#27;[0m&amp#27;[32m tiene acceso al aplicativo&amp#27;[0m                                                                         &amp#27;[90m# starter.stepdefinations.registroDeUsuario.SuccessfulRegistrationSteps.openWebApplication(java.lang.String)&amp#27;[0m
  &amp#27;[32mWhen &amp#27;[0m&amp#27;[32minicia sesion con los datos de &amp#27;[0m&amp#27;[32m&amp#27;[1mjuan-perez@example.com&amp#27;[0m&amp#27;[32m y &amp#27;[0m&amp#27;[32m&amp#27;[1m&amp#27;[0m                                                       &amp#27;[90m# starter.stepdefinations.loginDeUsuario.ValidationFieldsEmptySteps.sendLoginFormOutline(java.lang.String,java.lang.String)&amp#27;[0m
  &amp#27;[32mThen &amp#27;[0m&amp#27;[32mcomprueba el estado del botn iniciar sesion&amp#27;[0m                                                                   &amp#27;[90m# starter.stepdefinations.loginDeUsuario.ValidationFieldsEmptySteps.validateStateLoginButton(io.cucumber.datatable.DataTable)&amp#27;[0m
    | false |
]]></system-out>
    <system-err><![CDATA[ene. 09, 2025 10:39:19 P.M. org.openqa.selenium.devtools.CdpVersionFinder findNearestMatch
WARNING: Unable to find CDP implementation matching 131
ene. 09, 2025 10:39:19 P.M. org.openqa.selenium.chromium.ChromiumDriver lambda$new$5
WARNING: Unable to find version of CDP to use for 131.0.6778.265. You may need to include a dependency on a specific version of the CDP using something similar to `org.seleniumhq.selenium:selenium-devtools-v86:4.16.1` where the version ("v86") matches the version of the chromium-based browser you're using and the version number of the artifact is the same as Selenium's.
]]></system-err>
  </testcase>
  <testcase name="Validar que si se presenta uno o ms campos sin diligenciar, no se habilite el boton iniciar sesion #3" classname="Validar que se cumplan los requerimientos del usuario para la funcionalidad &quot;Login de Usuario&quot;" time="9.132">
    <system-out><![CDATA[
@FuncionalidadLoginDeUsuarios @ValidacionCamposObligatoriosLogin
Scenario Outline: Validar que si se presenta uno o ms campos sin diligenciar, no se habilite el boton iniciar sesion &amp#27;[90m# src/test/resources/features/02.LoginDeUsuarios/LoginDeUsuarios.feature:29&amp#27;[0m
  &amp#27;[32mGiven &amp#27;[0m&amp#27;[32m&amp#27;[0m&amp#27;[32m&amp#27;[1mJuan Prez&amp#27;[0m&amp#27;[32m tiene acceso al aplicativo&amp#27;[0m                                                                         &amp#27;[90m# starter.stepdefinations.registroDeUsuario.SuccessfulRegistrationSteps.openWebApplication(java.lang.String)&amp#27;[0m
  &amp#27;[32mWhen &amp#27;[0m&amp#27;[32minicia sesion con los datos de &amp#27;[0m&amp#27;[32m&amp#27;[1m&amp#27;[0m&amp#27;[32m y &amp#27;[0m&amp#27;[32m&amp#27;[1mContrasea1!&amp#27;[0m                                                                 &amp#27;[90m# starter.stepdefinations.loginDeUsuario.ValidationFieldsEmptySteps.sendLoginFormOutline(java.lang.String,java.lang.String)&amp#27;[0m
  &amp#27;[32mThen &amp#27;[0m&amp#27;[32mcomprueba el estado del botn iniciar sesion&amp#27;[0m                                                                   &amp#27;[90m# starter.stepdefinations.loginDeUsuario.ValidationFieldsEmptySteps.validateStateLoginButton(io.cucumber.datatable.DataTable)&amp#27;[0m
    | false |
]]></system-out>
    <system-err><![CDATA[ene. 09, 2025 10:39:28 P.M. org.openqa.selenium.devtools.CdpVersionFinder findNearestMatch
WARNING: Unable to find CDP implementation matching 131
ene. 09, 2025 10:39:28 P.M. org.openqa.selenium.chromium.ChromiumDriver lambda$new$5
WARNING: Unable to find version of CDP to use for 131.0.6778.265. You may need to include a dependency on a specific version of the CDP using something similar to `org.seleniumhq.selenium:selenium-devtools-v86:4.16.1` where the version ("v86") matches the version of the chromium-based browser you're using and the version number of the artifact is the same as Selenium's.
]]></system-err>
  </testcase>
  <testcase name="Validar el mensaje de error al tratar de loguearse con contraseas incorrectas" classname="Validar que se cumplan los requerimientos del usuario para la funcionalidad &quot;Login de Usuario&quot;" time="5.012">
    <system-out><![CDATA[
@FuncionalidadLoginDeUsuarios @LoginFallido
Scenario: Validar el mensaje de error al tratar de loguearse con contraseas incorrectas &amp#27;[90m# src/test/resources/features/02.LoginDeUsuarios/LoginDeUsuarios.feature:33&amp#27;[0m
  &amp#27;[32mGiven &amp#27;[0m&amp#27;[32m&amp#27;[0m&amp#27;[32m&amp#27;[1mJuan Prez&amp#27;[0m&amp#27;[32m tiene acceso al aplicativo&amp#27;[0m                                            &amp#27;[90m# starter.stepdefinations.registroDeUsuario.SuccessfulRegistrationSteps.openWebApplication(java.lang.String)&amp#27;[0m
  &amp#27;[32mWhen &amp#27;[0m&amp#27;[32minicia sesion con las credenciales requeridas&amp#27;[0m                                     &amp#27;[90m# starter.stepdefinations.loginDeUsuario.SuccessfulLoginSteps.sendLoginForm(io.cucumber.datatable.DataTable)&amp#27;[0m
    | Correo                 | Contrasena   |
    | juan-perez@example.com | Incorrecta1! |
  &amp#27;[32mThen &amp#27;[0m&amp#27;[32mel sistema muestra un mensaje de error em la pantalla de login&amp#27;[0m                    &amp#27;[90m# starter.stepdefinations.loginDeUsuario.FailedLoginSteps.validateFailedLogin(io.cucumber.datatable.DataTable)&amp#27;[0m
    | Password doesn't match |
]]></system-out>
    <system-err><![CDATA[ene. 09, 2025 10:39:37 P.M. org.openqa.selenium.devtools.CdpVersionFinder findNearestMatch
WARNING: Unable to find CDP implementation matching 131
ene. 09, 2025 10:39:37 P.M. org.openqa.selenium.chromium.ChromiumDriver lambda$new$5
WARNING: Unable to find version of CDP to use for 131.0.6778.265. You may need to include a dependency on a specific version of the CDP using something similar to `org.seleniumhq.selenium:selenium-devtools-v86:4.16.1` where the version ("v86") matches the version of the chromium-based browser you're using and the version number of the artifact is the same as Selenium's.
]]></system-err>
  </testcase>
  <testcase name="Validar que se pueda cerrar sesin correctamente del sistema" classname="Validar que se cumplan los requerimientos del usuario para la funcionalidad &quot;Login de Usuario&quot;" time="5.822">
    <system-out><![CDATA[
@FuncionalidadLoginDeUsuarios @CierreSesion
Scenario: Validar que se pueda cerrar sesin correctamente del sistema &amp#27;[90m# src/test/resources/features/02.LoginDeUsuarios/LoginDeUsuarios.feature:43&amp#27;[0m
  &amp#27;[32mGiven &amp#27;[0m&amp#27;[32m&amp#27;[0m&amp#27;[32m&amp#27;[1mJuan Prez&amp#27;[0m&amp#27;[32m tiene acceso al aplicativo&amp#27;[0m                          &amp#27;[90m# starter.stepdefinations.registroDeUsuario.SuccessfulRegistrationSteps.openWebApplication(java.lang.String)&amp#27;[0m
  &amp#27;[32mAnd &amp#27;[0m&amp#27;[32minicia sesion con las credenciales requeridas&amp#27;[0m                    &amp#27;[90m# starter.stepdefinations.loginDeUsuario.SuccessfulLoginSteps.sendLoginForm(io.cucumber.datatable.DataTable)&amp#27;[0m
    | Correo                 | Contrasena   |
    | juan-perez@example.com | Contrasea1! |
  &amp#27;[32mWhen &amp#27;[0m&amp#27;[32mel usuario cierra sesion de si perfil&amp#27;[0m                           &amp#27;[90m# starter.stepdefinations.loginDeUsuario.SuccessfulLogoutSteps.sendLoginForm()&amp#27;[0m
  &amp#27;[32mThen &amp#27;[0m&amp#27;[32mel sistema muestra la pantalla de login&amp#27;[0m                         &amp#27;[90m# starter.stepdefinations.loginDeUsuario.SuccessfulLogoutSteps.validateSuccessLogin(io.cucumber.datatable.DataTable)&amp#27;[0m
    | Sign in |
]]></system-out>
    <system-err><![CDATA[ene. 09, 2025 10:39:42 P.M. org.openqa.selenium.devtools.CdpVersionFinder findNearestMatch
WARNING: Unable to find CDP implementation matching 131
ene. 09, 2025 10:39:42 P.M. org.openqa.selenium.chromium.ChromiumDriver lambda$new$5
WARNING: Unable to find version of CDP to use for 131.0.6778.265. You may need to include a dependency on a specific version of the CDP using something similar to `org.seleniumhq.selenium:selenium-devtools-v86:4.16.1` where the version ("v86") matches the version of the chromium-based browser you're using and the version number of the artifact is the same as Selenium's.
]]></system-err>
  </testcase>
</testsuite>