<?xml version="1.0" encoding="UTF-8"?>
<testsuite xmlns:xsi="http://www.w3.org/2001/XMLSchema-instance" xsi:noNamespaceSchemaLocation="https://maven.apache.org/surefire/maven-failsafe-plugin/xsd/failsafe-test-report-3.0.xsd" version="3.0" name="starter.CucumberTestSuite" time="198.542" tests="21" errors="0" skipped="0" failures="3">
  <properties>
[...]
</properties>
  <testcase name="Validar que se pueda registrar exitosamente un usuario en el sistema cuando se cumplan todas las condiciones" classname="Validar que se cumplan los requerimientos del usuario para la funcionalidad &quot;Registro de Usuario&quot;" time="8.66">
    <system-out><![CDATA[
@FuncionalidadRegistroDeUsuarios @RegistroExitoso
Scenario: Validar que se pueda registrar exitosamente un usuario en el sistema cuando se cumplan todas las condiciones &amp#27;[90m# src/test/resources/features/01.RegistroDeUsuarios/RegistroDeUsuarios.feature:10&amp#27;[0m
  &amp#27;[32mGiven &amp#27;[0m&amp#27;[32m&amp#27;[0m&amp#27;[32m&amp#27;[1mJuan PÃ©rez&amp#27;[0m&amp#27;[32m tiene acceso al aplicativo&amp#27;[0m                                                                          &amp#27;[90m# starter.stepdefinations.registroDeUsuario.SuccessfulRegistrationSteps.openWebApplication(java.lang.String)&amp#27;[0m
  &amp#27;[32mAnd &amp#27;[0m&amp#27;[32mingresa al formulario de registro de usuario nuevo&amp#27;[0m                                                               &amp#27;[90m# starter.stepdefinations.registroDeUsuario.SuccessfulRegistrationSteps.goToRegistrationForm()&amp#27;[0m
  &amp#27;[32mWhen &amp#27;[0m&amp#27;[32menvia el formulario de registro con los datos requeridos&amp#27;[0m                                                        &amp#27;[90m# starter.stepdefinations.registroDeUsuario.SuccessfulRegistrationSteps.sendRegistrationForm(io.cucumber.datatable.DataTable)&amp#27;[0m
    | Nombre     | Correo                 | Contrasena   | Confirmar Contrasena |
    | Juan PÃ©rez | juan-perez@example.com | ContraseÃ±a1! | ContraseÃ±a1!         |
  &amp#27;[32mThen &amp#27;[0m&amp#27;[32mel sistema muestra un mensaje de confirmaciÃ³n de registro exitoso&amp#27;[0m                                               &amp#27;[90m# starter.stepdefinations.registroDeUsuario.SuccessfulRegistrationSteps.validateSuccessRegistration(io.cucumber.datatable.DataTable)&amp#27;[0m
    | Successful registration! |
]]></system-out>
    <system-err><![CDATA[SLF4J(W): No SLF4J providers were found.
SLF4J(W): Defaulting to no-operation (NOP) logger implementation
SLF4J(W): See https://www.slf4j.org/codes.html#noProviders for further details.
SLF4J(W): Class path contains SLF4J bindings targeting slf4j-api versions 1.7.x or earlier.
SLF4J(W): Ignoring binding found at [jar:file:/C:/Users/Esteban/.m2/repository/ch/qos/logback/logback-classic/1.2.10/logback-classic-1.2.10.jar!/org/slf4j/impl/StaticLoggerBinder.class]
SLF4J(W): See https://www.slf4j.org/codes.html#ignoredBindings for an explanation.
ene. 09, 2025 10:36:31 P. M. org.openqa.selenium.devtools.CdpVersionFinder findNearestMatch
WARNING: Unable to find CDP implementation matching 131
ene. 09, 2025 10:36:31 P. M. org.openqa.selenium.chromium.ChromiumDriver lambda$new$5
WARNING: Unable to find version of CDP to use for 131.0.6778.265. You may need to include a dependency on a specific version of the CDP using something similar to `org.seleniumhq.selenium:selenium-devtools-v86:4.16.1` where the version ("v86") matches the version of the chromium-based browser you're using and the version number of the artifact is the same as Selenium's.
]]></system-err>
  </testcase>
  <testcase name="Validar que si no se introduce un nombre con más de dos palabras, no se habilite el boton registrar" classname="Validar que se cumplan los requerimientos del usuario para la funcionalidad &quot;Registro de Usuario&quot;" time="10.736">
    <system-out><![CDATA[
@FuncionalidadRegistroDeUsuarios @ValidacionNombreMenosDosPalabras
Scenario: Validar que si no se introduce un nombre con mÃ¡s de dos palabras, no se habilite el boton registrar &amp#27;[90m# src/test/resources/features/01.RegistroDeUsuarios/RegistroDeUsuarios.feature:21&amp#27;[0m
  &amp#27;[32mGiven &amp#27;[0m&amp#27;[32m&amp#27;[0m&amp#27;[32m&amp#27;[1mJuan PÃ©rez&amp#27;[0m&amp#27;[32m tiene acceso al aplicativo&amp#27;[0m                                                                 &amp#27;[90m# starter.stepdefinations.registroDeUsuario.SuccessfulRegistrationSteps.openWebApplication(java.lang.String)&amp#27;[0m
  &amp#27;[32mAnd &amp#27;[0m&amp#27;[32mingresa al formulario de registro de usuario nuevo&amp#27;[0m                                                      &amp#27;[90m# starter.stepdefinations.registroDeUsuario.SuccessfulRegistrationSteps.goToRegistrationForm()&amp#27;[0m
  &amp#27;[32mWhen &amp#27;[0m&amp#27;[32mdiligencia el formulario de registro con los datos requeridos&amp#27;[0m                                          &amp#27;[90m# starter.stepdefinations.registroDeUsuario.ValidationUserRequirementsSteps.fillRegistrationForm(io.cucumber.datatable.DataTable)&amp#27;[0m
    | Nombre | Correo                 | Contrasena   | Confirmar Contrasena |
    | Juan   | juan.unico@example.com | ContraseÃ±a1! | ContraseÃ±a1!         |
  &amp#27;[32mThen &amp#27;[0m&amp#27;[32mcomprueba el estado del botÃ³n registrar&amp#27;[0m                                                                &amp#27;[90m# starter.stepdefinations.registroDeUsuario.ValidationUserRequirementsSteps.validateSignUpButtonState(io.cucumber.datatable.DataTable)&amp#27;[0m
    | false |
]]></system-out>
    <system-err><![CDATA[ene. 09, 2025 10:36:39 P. M. org.openqa.selenium.devtools.CdpVersionFinder findNearestMatch
WARNING: Unable to find CDP implementation matching 131
ene. 09, 2025 10:36:39 P. M. org.openqa.selenium.chromium.ChromiumDriver lambda$new$5
WARNING: Unable to find version of CDP to use for 131.0.6778.265. You may need to include a dependency on a specific version of the CDP using something similar to `org.seleniumhq.selenium:selenium-devtools-v86:4.16.1` where the version ("v86") matches the version of the chromium-based browser you're using and the version number of the artifact is the same as Selenium's.
]]></system-err>
  </testcase>
  <testcase name="Validar que si no se introduce un email con el formato correcto, no se habilite el boton registrar" classname="Validar que se cumplan los requerimientos del usuario para la funcionalidad &quot;Registro de Usuario&quot;" time="5.625">
    <failure message="&#10;Expected: &lt;false&gt;&#10;     but: was &lt;true&gt;" type="java.lang.AssertionError"><![CDATA[java.lang.AssertionError: 

Expected: <false>
     but: was <true>
	at net.serenitybdd.screenplay.ErrorTally.throwSummaryExceptionFrom(ErrorTally.java:38)
	at net.serenitybdd.screenplay.ErrorTally.reportAnyErrors(ErrorTally.java:32)
	at net.serenitybdd.screenplay.Actor.should(Actor.java:397)
	at starter.stepdefinations.registroDeUsuario.ValidationUserRequirementsSteps.validateSignUpButtonState(ValidationUserRequirementsSteps.java:50)
	at ✽.comprueba el estado del botón registrar(file:///D:/Proyectos%20Programacion/Prueba-T-cinca---Inlaze/src/test/resources/features/01.RegistroDeUsuarios/RegistroDeUsuarios.feature:38)
]]></failure>
    <system-out><![CDATA[
@FuncionalidadRegistroDeUsuarios @ValidacionFormatoEmail
Scenario: Validar que si no se introduce un email con el formato correcto, no se habilite el boton registrar &amp#27;[90m# src/test/resources/features/01.RegistroDeUsuarios/RegistroDeUsuarios.feature:32&amp#27;[0m
  &amp#27;[32mGiven &amp#27;[0m&amp#27;[32m&amp#27;[0m&amp#27;[32m&amp#27;[1mJuan PÃ©rez&amp#27;[0m&amp#27;[32m tiene acceso al aplicativo&amp#27;[0m                                                                &amp#27;[90m# starter.stepdefinations.registroDeUsuario.SuccessfulRegistrationSteps.openWebApplication(java.lang.String)&amp#27;[0m
  &amp#27;[32mAnd &amp#27;[0m&amp#27;[32mingresa al formulario de registro de usuario nuevo&amp#27;[0m                                                     &amp#27;[90m# starter.stepdefinations.registroDeUsuario.SuccessfulRegistrationSteps.goToRegistrationForm()&amp#27;[0m
  &amp#27;[32mWhen &amp#27;[0m&amp#27;[32mdiligencia el formulario de registro con los datos requeridos&amp#27;[0m                                         &amp#27;[90m# starter.stepdefinations.registroDeUsuario.ValidationUserRequirementsSteps.fillRegistrationForm(io.cucumber.datatable.DataTable)&amp#27;[0m
    | Nombre     | Correo         | Contrasena   | Confirmar Contrasena |
    | Juan PÃ©rez | @comjuan.perez | ContraseÃ±a1! | ContraseÃ±a1!         |
  &amp#27;[31mThen &amp#27;[0m&amp#27;[31mcomprueba el estado del botÃ³n registrar&amp#27;[0m                                                               &amp#27;[90m# starter.stepdefinations.registroDeUsuario.ValidationUserRequirementsSteps.validateSignUpButtonState(io.cucumber.datatable.DataTable)&amp#27;[0m
    | false |
      &amp#27;[31mjava.lang.AssertionError: 
Expected: <false>
     but: was <true>
	at net.serenitybdd.screenplay.ErrorTally.throwSummaryExceptionFrom(ErrorTally.java:38)
	at net.serenitybdd.screenplay.ErrorTally.reportAnyErrors(ErrorTally.java:32)
	at net.serenitybdd.screenplay.Actor.should(Actor.java:397)
	at starter.stepdefinations.registroDeUsuario.ValidationUserRequirementsSteps.validateSignUpButtonState(ValidationUserRequirementsSteps.java:50)
	at âœ½.comprueba el estado del botÃ³n registrar(file:///D:/Proyectos%20Programacion/Prueba-T-cinca---Inlaze/src/test/resources/features/01.RegistroDeUsuarios/RegistroDeUsuarios.feature:38)
&amp#27;[0m
]]></system-out>
    <system-err><![CDATA[ene. 09, 2025 10:36:49 P. M. org.openqa.selenium.devtools.CdpVersionFinder findNearestMatch
WARNING: Unable to find CDP implementation matching 131
ene. 09, 2025 10:36:49 P. M. org.openqa.selenium.chromium.ChromiumDriver lambda$new$5
WARNING: Unable to find version of CDP to use for 131.0.6778.265. You may need to include a dependency on a specific version of the CDP using something similar to `org.seleniumhq.selenium:selenium-devtools-v86:4.16.1` where the version ("v86") matches the version of the chromium-based browser you're using and the version number of the artifact is the same as Selenium's.
]]></system-err>
  </testcase>
  <testcase name="Validar que si se introduce un email ya registrado, se presente un mensaje de error y no permita registrar al usuario" classname="Validar que se cumplan los requerimientos del usuario para la funcionalidad &quot;Registro de Usuario&quot;" time="16.625">
    <failure message="&#10;Expected: an element that is visible&#10;     but: no matching element found by [Mensaje Usuario no se pudo registrar located with: xpath: /html/body/app-root/app-toasts-container/div/app-toast[3]/div/div[2]]" type="java.lang.AssertionError"><![CDATA[java.lang.AssertionError: 

Expected: an element that is visible
     but: no matching element found by [Mensaje Usuario no se pudo registrar located with: xpath: /html/body/app-root/app-toasts-container/div/app-toast[3]/div/div[2]]
	at net.serenitybdd.screenplay.ErrorTally.throwSummaryExceptionFrom(ErrorTally.java:38)
	at net.serenitybdd.screenplay.ErrorTally.reportAnyErrors(ErrorTally.java:32)
	at net.serenitybdd.screenplay.Actor.should(Actor.java:397)
	at net.serenitybdd.screenplay.waits.WaitUntilBuilder$1.performAs(WaitUntilBuilder.java:29)
	at net.serenitybdd.screenplay.Actor.performTask(Actor.java:299)
	at net.serenitybdd.screenplay.Actor.perform(Actor.java:274)
	at net.serenitybdd.screenplay.Actor.performSilently(Actor.java:254)
	at net.serenitybdd.screenplay.Actor.attemptsTo(Actor.java:211)
	at net.serenitybdd.screenplay.Actor.attemptsTo(Actor.java:222)
	at starter.stepdefinations.registroDeUsuario.ValidateErrorRegisterUserSteps.validateErrorRegisterUser(ValidateErrorRegisterUserSteps.java:27)
	at ✽.el sistema muestra un mensaje de error(file:///D:/Proyectos%20Programacion/Prueba-T-cinca---Inlaze/src/test/resources/features/01.RegistroDeUsuarios/RegistroDeUsuarios.feature:49)
]]></failure>
    <system-out><![CDATA[
@FuncionalidadRegistroDeUsuarios @ValidacionEmailYaRegistrado
Scenario: Validar que si se introduce un email ya registrado, se presente un mensaje de error y no permita registrar al usuario &amp#27;[90m# src/test/resources/features/01.RegistroDeUsuarios/RegistroDeUsuarios.feature:43&amp#27;[0m
  &amp#27;[32mGiven &amp#27;[0m&amp#27;[32m&amp#27;[0m&amp#27;[32m&amp#27;[1mJuan PÃ©rez&amp#27;[0m&amp#27;[32m tiene acceso al aplicativo&amp#27;[0m                                                                                   &amp#27;[90m# starter.stepdefinations.registroDeUsuario.SuccessfulRegistrationSteps.openWebApplication(java.lang.String)&amp#27;[0m
  &amp#27;[32mAnd &amp#27;[0m&amp#27;[32mingresa al formulario de registro de usuario nuevo&amp#27;[0m                                                                        &amp#27;[90m# starter.stepdefinations.registroDeUsuario.SuccessfulRegistrationSteps.goToRegistrationForm()&amp#27;[0m
  &amp#27;[32mWhen &amp#27;[0m&amp#27;[32menvia el formulario de registro con los datos requeridos&amp#27;[0m                                                                 &amp#27;[90m# starter.stepdefinations.registroDeUsuario.SuccessfulRegistrationSteps.sendRegistrationForm(io.cucumber.datatable.DataTable)&amp#27;[0m
    | Nombre     | Correo                 | Contrasena   | Confirmar Contrasena |
    | Juan PÃ©rez | juan-perez@example.com | ContraseÃ±a1! | ContraseÃ±a1!         |
  &amp#27;[31mThen &amp#27;[0m&amp#27;[31mel sistema muestra un mensaje de error&amp#27;[0m                                                                                   &amp#27;[90m# starter.stepdefinations.registroDeUsuario.ValidateErrorRegisterUserSteps.validateErrorRegisterUser(io.cucumber.datatable.DataTable)&amp#27;[0m
    | The email is already registered. |
      &amp#27;[31mjava.lang.AssertionError: 
Expected: an element that is visible
     but: no matching element found by [Mensaje Usuario no se pudo registrar located with: xpath: /html/body/app-root/app-toasts-container/div/app-toast[3]/div/div[2]]
	at net.serenitybdd.screenplay.ErrorTally.throwSummaryExceptionFrom(ErrorTally.java:38)
	at net.serenitybdd.screenplay.ErrorTally.reportAnyErrors(ErrorTally.java:32)
	at net.serenitybdd.screenplay.Actor.should(Actor.java:397)
	at net.serenitybdd.screenplay.waits.WaitUntilBuilder$1.performAs(WaitUntilBuilder.java:29)
	at net.serenitybdd.screenplay.Actor.performTask(Actor.java:299)
	at net.serenitybdd.screenplay.Actor.perform(Actor.java:274)
	at net.serenitybdd.screenplay.Actor.performSilently(Actor.java:254)
	at net.serenitybdd.screenplay.Actor.attemptsTo(Actor.java:211)
	at net.serenitybdd.screenplay.Actor.attemptsTo(Actor.java:222)
	at starter.stepdefinations.registroDeUsuario.ValidateErrorRegisterUserSteps.validateErrorRegisterUser(ValidateErrorRegisterUserSteps.java:27)
	at âœ½.el sistema muestra un mensaje de error(file:///D:/Proyectos%20Programacion/Prueba-T-cinca---Inlaze/src/test/resources/features/01.RegistroDeUsuarios/RegistroDeUsuarios.feature:49)
&amp#27;[0m
]]></system-out>
    <system-err><![CDATA[ene. 09, 2025 10:36:55 P. M. org.openqa.selenium.devtools.CdpVersionFinder findNearestMatch
WARNING: Unable to find CDP implementation matching 131
ene. 09, 2025 10:36:55 P. M. org.openqa.selenium.chromium.ChromiumDriver lambda$new$5
WARNING: Unable to find version of CDP to use for 131.0.6778.265. You may need to include a dependency on a specific version of the CDP using something similar to `org.seleniumhq.selenium:selenium-devtools-v86:4.16.1` where the version ("v86") matches the version of the chromium-based browser you're using and the version number of the artifact is the same as Selenium's.
]]></system-err>
  </testcase>
  <testcase name="Validar que si no secumplen todas las condiciones para los campos &quot;Contraseña&quot; y &quot;Confirmar contraseña&quot;, no se habilite el boton registrar #1" classname="Validar que se cumplan los requerimientos del usuario para la funcionalidad &quot;Registro de Usuario&quot;" time="11.039">
    <system-out><![CDATA[
@FuncionalidadRegistroDeUsuarios @ValidacionCondicionesContrasena
Scenario Outline: Validar que si no secumplen todas las condiciones para los campos "ContraseÃ±a" y "Confirmar contraseÃ±a", no se habilite el boton registrar &amp#27;[90m# src/test/resources/features/01.RegistroDeUsuarios/RegistroDeUsuarios.feature:62&amp#27;[0m
  &amp#27;[32mGiven &amp#27;[0m&amp#27;[32m&amp#27;[0m&amp#27;[32m&amp#27;[1mJuan PÃ©rez&amp#27;[0m&amp#27;[32m tiene acceso al aplicativo&amp#27;[0m                                                                                                                &amp#27;[90m# starter.stepdefinations.registroDeUsuario.SuccessfulRegistrationSteps.openWebApplication(java.lang.String)&amp#27;[0m
  &amp#27;[32mAnd &amp#27;[0m&amp#27;[32mingresa al formulario de registro de usuario nuevo&amp#27;[0m                                                                                                     &amp#27;[90m# starter.stepdefinations.registroDeUsuario.SuccessfulRegistrationSteps.goToRegistrationForm()&amp#27;[0m
  &amp#27;[32mWhen &amp#27;[0m&amp#27;[32mdiligencia el formulario de registro con los datos de &amp#27;[0m&amp#27;[32m&amp#27;[1mJuan PÃ©rez&amp#27;[0m&amp#27;[32m, &amp#27;[0m&amp#27;[32m&amp#27;[1mjuan-perez@example.com&amp#27;[0m&amp#27;[32m, &amp#27;[0m&amp#27;[32m&amp#27;[1mabc123&amp#27;[0m&amp#27;[32m y &amp#27;[0m&amp#27;[32m&amp#27;[1mabc123&amp#27;[0m                                             &amp#27;[90m# starter.stepdefinations.registroDeUsuario.ValidationConditionsPasswordsSteps.fillRegistrationFormOutline(java.lang.String,java.lang.String,java.lang.String,java.lang.String)&amp#27;[0m
  &amp#27;[32mThen &amp#27;[0m&amp#27;[32mcomprueba el estado del botÃ³n registrar&amp#27;[0m                                                                                                               &amp#27;[90m# starter.stepdefinations.registroDeUsuario.ValidationUserRequirementsSteps.validateSignUpButtonState(io.cucumber.datatable.DataTable)&amp#27;[0m
    | false |
]]></system-out>
    <system-err><![CDATA[ene. 09, 2025 10:37:12 P. M. org.openqa.selenium.devtools.CdpVersionFinder findNearestMatch
WARNING: Unable to find CDP implementation matching 131
ene. 09, 2025 10:37:12 P. M. org.openqa.selenium.chromium.ChromiumDriver lambda$new$5
WARNING: Unable to find version of CDP to use for 131.0.6778.265. You may need to include a dependency on a specific version of the CDP using something similar to `org.seleniumhq.selenium:selenium-devtools-v86:4.16.1` where the version ("v86") matches the version of the chromium-based browser you're using and the version number of the artifact is the same as Selenium's.
]]></system-err>
  </testcase>
  <testcase name="Validar que si no secumplen todas las condiciones para los campos &quot;Contraseña&quot; y &quot;Confirmar contraseña&quot;, no se habilite el boton registrar #2" classname="Validar que se cumplan los requerimientos del usuario para la funcionalidad &quot;Registro de Usuario&quot;" time="10.737">
    <system-out><![CDATA[
@FuncionalidadRegistroDeUsuarios @ValidacionCondicionesContrasena
Scenario Outline: Validar que si no secumplen todas las condiciones para los campos "ContraseÃ±a" y "Confirmar contraseÃ±a", no se habilite el boton registrar &amp#27;[90m# src/test/resources/features/01.RegistroDeUsuarios/RegistroDeUsuarios.feature:63&amp#27;[0m
  &amp#27;[32mGiven &amp#27;[0m&amp#27;[32m&amp#27;[0m&amp#27;[32m&amp#27;[1mJuan PÃ©rez&amp#27;[0m&amp#27;[32m tiene acceso al aplicativo&amp#27;[0m                                                                                                                &amp#27;[90m# starter.stepdefinations.registroDeUsuario.SuccessfulRegistrationSteps.openWebApplication(java.lang.String)&amp#27;[0m
  &amp#27;[32mAnd &amp#27;[0m&amp#27;[32mingresa al formulario de registro de usuario nuevo&amp#27;[0m                                                                                                     &amp#27;[90m# starter.stepdefinations.registroDeUsuario.SuccessfulRegistrationSteps.goToRegistrationForm()&amp#27;[0m
  &amp#27;[32mWhen &amp#27;[0m&amp#27;[32mdiligencia el formulario de registro con los datos de &amp#27;[0m&amp#27;[32m&amp#27;[1mJuan PÃ©rez&amp#27;[0m&amp#27;[32m, &amp#27;[0m&amp#27;[32m&amp#27;[1mjuan-perez@example.com&amp#27;[0m&amp#27;[32m, &amp#27;[0m&amp#27;[32m&amp#27;[1mcontraseÃ±a1!&amp#27;[0m&amp#27;[32m y &amp#27;[0m&amp#27;[32m&amp#27;[1mcontraseÃ±a1!&amp#27;[0m                                 &amp#27;[90m# starter.stepdefinations.registroDeUsuario.ValidationConditionsPasswordsSteps.fillRegistrationFormOutline(java.lang.String,java.lang.String,java.lang.String,java.lang.String)&amp#27;[0m
  &amp#27;[32mThen &amp#27;[0m&amp#27;[32mcomprueba el estado del botÃ³n registrar&amp#27;[0m                                                                                                               &amp#27;[90m# starter.stepdefinations.registroDeUsuario.ValidationUserRequirementsSteps.validateSignUpButtonState(io.cucumber.datatable.DataTable)&amp#27;[0m
    | false |
]]></system-out>
    <system-err><![CDATA[ene. 09, 2025 10:37:23 P. M. org.openqa.selenium.devtools.CdpVersionFinder findNearestMatch
WARNING: Unable to find CDP implementation matching 131
ene. 09, 2025 10:37:23 P. M. org.openqa.selenium.chromium.ChromiumDriver lambda$new$5
WARNING: Unable to find version of CDP to use for 131.0.6778.265. You may need to include a dependency on a specific version of the CDP using something similar to `org.seleniumhq.selenium:selenium-devtools-v86:4.16.1` where the version ("v86") matches the version of the chromium-based browser you're using and the version number of the artifact is the same as Selenium's.
]]></system-err>
  </testcase>
  <testcase name="Validar que si no secumplen todas las condiciones para los campos &quot;Contraseña&quot; y &quot;Confirmar contraseña&quot;, no se habilite el boton registrar #3" classname="Validar que se cumplan los requerimientos del usuario para la funcionalidad &quot;Registro de Usuario&quot;" time="11.047">
    <system-out><![CDATA[
@FuncionalidadRegistroDeUsuarios @ValidacionCondicionesContrasena
Scenario Outline: Validar que si no secumplen todas las condiciones para los campos "ContraseÃ±a" y "Confirmar contraseÃ±a", no se habilite el boton registrar &amp#27;[90m# src/test/resources/features/01.RegistroDeUsuarios/RegistroDeUsuarios.feature:64&amp#27;[0m
  &amp#27;[32mGiven &amp#27;[0m&amp#27;[32m&amp#27;[0m&amp#27;[32m&amp#27;[1mJuan PÃ©rez&amp#27;[0m&amp#27;[32m tiene acceso al aplicativo&amp#27;[0m                                                                                                                &amp#27;[90m# starter.stepdefinations.registroDeUsuario.SuccessfulRegistrationSteps.openWebApplication(java.lang.String)&amp#27;[0m
  &amp#27;[32mAnd &amp#27;[0m&amp#27;[32mingresa al formulario de registro de usuario nuevo&amp#27;[0m                                                                                                     &amp#27;[90m# starter.stepdefinations.registroDeUsuario.SuccessfulRegistrationSteps.goToRegistrationForm()&amp#27;[0m
  &amp#27;[32mWhen &amp#27;[0m&amp#27;[32mdiligencia el formulario de registro con los datos de &amp#27;[0m&amp#27;[32m&amp#27;[1mJuan PÃ©rez&amp#27;[0m&amp#27;[32m, &amp#27;[0m&amp#27;[32m&amp#27;[1mjuan-perez@example.com&amp#27;[0m&amp#27;[32m, &amp#27;[0m&amp#27;[32m&amp#27;[1mCONTRASEÃ‘A1!&amp#27;[0m&amp#27;[32m y &amp#27;[0m&amp#27;[32m&amp#27;[1mCONTRASEÃ‘A1!&amp#27;[0m                                 &amp#27;[90m# starter.stepdefinations.registroDeUsuario.ValidationConditionsPasswordsSteps.fillRegistrationFormOutline(java.lang.String,java.lang.String,java.lang.String,java.lang.String)&amp#27;[0m
  &amp#27;[32mThen &amp#27;[0m&amp#27;[32mcomprueba el estado del botÃ³n registrar&amp#27;[0m                                                                                                               &amp#27;[90m# starter.stepdefinations.registroDeUsuario.ValidationUserRequirementsSteps.validateSignUpButtonState(io.cucumber.datatable.DataTable)&amp#27;[0m
    | false |
]]></system-out>
    <system-err><![CDATA[ene. 09, 2025 10:37:33 P. M. org.openqa.selenium.devtools.CdpVersionFinder findNearestMatch
WARNING: Unable to find CDP implementation matching 131
ene. 09, 2025 10:37:33 P. M. org.openqa.selenium.chromium.ChromiumDriver lambda$new$5
WARNING: Unable to find version of CDP to use for 131.0.6778.265. You may need to include a dependency on a specific version of the CDP using something similar to `org.seleniumhq.selenium:selenium-devtools-v86:4.16.1` where the version ("v86") matches the version of the chromium-based browser you're using and the version number of the artifact is the same as Selenium's.
]]></system-err>
  </testcase>
  <testcase name="Validar que si no secumplen todas las condiciones para los campos &quot;Contraseña&quot; y &quot;Confirmar contraseña&quot;, no se habilite el boton registrar #4" classname="Validar que se cumplan los requerimientos del usuario para la funcionalidad &quot;Registro de Usuario&quot;" time="5.474">
    <failure message="&#10;Expected: &lt;false&gt;&#10;     but: was &lt;true&gt;" type="java.lang.AssertionError"><![CDATA[java.lang.AssertionError: 

Expected: <false>
     but: was <true>
	at net.serenitybdd.screenplay.ErrorTally.throwSummaryExceptionFrom(ErrorTally.java:38)
	at net.serenitybdd.screenplay.ErrorTally.reportAnyErrors(ErrorTally.java:32)
	at net.serenitybdd.screenplay.Actor.should(Actor.java:397)
	at starter.stepdefinations.registroDeUsuario.ValidationUserRequirementsSteps.validateSignUpButtonState(ValidationUserRequirementsSteps.java:50)
	at ✽.comprueba el estado del botón registrar(file:///D:/Proyectos%20Programacion/Prueba-T-cinca---Inlaze/src/test/resources/features/01.RegistroDeUsuarios/RegistroDeUsuarios.feature:58)
]]></failure>
    <system-out><![CDATA[
@FuncionalidadRegistroDeUsuarios @ValidacionCondicionesContrasena
Scenario Outline: Validar que si no secumplen todas las condiciones para los campos "ContraseÃ±a" y "Confirmar contraseÃ±a", no se habilite el boton registrar &amp#27;[90m# src/test/resources/features/01.RegistroDeUsuarios/RegistroDeUsuarios.feature:65&amp#27;[0m
  &amp#27;[32mGiven &amp#27;[0m&amp#27;[32m&amp#27;[0m&amp#27;[32m&amp#27;[1mJuan PÃ©rez&amp#27;[0m&amp#27;[32m tiene acceso al aplicativo&amp#27;[0m                                                                                                                &amp#27;[90m# starter.stepdefinations.registroDeUsuario.SuccessfulRegistrationSteps.openWebApplication(java.lang.String)&amp#27;[0m
  &amp#27;[32mAnd &amp#27;[0m&amp#27;[32mingresa al formulario de registro de usuario nuevo&amp#27;[0m                                                                                                     &amp#27;[90m# starter.stepdefinations.registroDeUsuario.SuccessfulRegistrationSteps.goToRegistrationForm()&amp#27;[0m
  &amp#27;[32mWhen &amp#27;[0m&amp#27;[32mdiligencia el formulario de registro con los datos de &amp#27;[0m&amp#27;[32m&amp#27;[1mJuan PÃ©rez&amp#27;[0m&amp#27;[32m, &amp#27;[0m&amp#27;[32m&amp#27;[1mjuan-perez@example.com&amp#27;[0m&amp#27;[32m, &amp#27;[0m&amp#27;[32m&amp#27;[1mContrasena1&amp#27;[0m&amp#27;[32m y &amp#27;[0m&amp#27;[32m&amp#27;[1mContrasena1&amp#27;[0m                                   &amp#27;[90m# starter.stepdefinations.registroDeUsuario.ValidationConditionsPasswordsSteps.fillRegistrationFormOutline(java.lang.String,java.lang.String,java.lang.String,java.lang.String)&amp#27;[0m
  &amp#27;[31mThen &amp#27;[0m&amp#27;[31mcomprueba el estado del botÃ³n registrar&amp#27;[0m                                                                                                               &amp#27;[90m# starter.stepdefinations.registroDeUsuario.ValidationUserRequirementsSteps.validateSignUpButtonState(io.cucumber.datatable.DataTable)&amp#27;[0m
    | false |
      &amp#27;[31mjava.lang.AssertionError: 
Expected: <false>
     but: was <true>
	at net.serenitybdd.screenplay.ErrorTally.throwSummaryExceptionFrom(ErrorTally.java:38)
	at net.serenitybdd.screenplay.ErrorTally.reportAnyErrors(ErrorTally.java:32)
	at net.serenitybdd.screenplay.Actor.should(Actor.java:397)
	at starter.stepdefinations.registroDeUsuario.ValidationUserRequirementsSteps.validateSignUpButtonState(ValidationUserRequirementsSteps.java:50)
	at âœ½.comprueba el estado del botÃ³n registrar(file:///D:/Proyectos%20Programacion/Prueba-T-cinca---Inlaze/src/test/resources/features/01.RegistroDeUsuarios/RegistroDeUsuarios.feature:58)
&amp#27;[0m
]]></system-out>
    <system-err><![CDATA[ene. 09, 2025 10:37:44 P. M. org.openqa.selenium.devtools.CdpVersionFinder findNearestMatch
WARNING: Unable to find CDP implementation matching 131
ene. 09, 2025 10:37:44 P. M. org.openqa.selenium.chromium.ChromiumDriver lambda$new$5
WARNING: Unable to find version of CDP to use for 131.0.6778.265. You may need to include a dependency on a specific version of the CDP using something similar to `org.seleniumhq.selenium:selenium-devtools-v86:4.16.1` where the version ("v86") matches the version of the chromium-based browser you're using and the version number of the artifact is the same as Selenium's.
]]></system-err>
  </testcase>
  <testcase name="Validar que si no secumplen todas las condiciones para los campos &quot;Contraseña&quot; y &quot;Confirmar contraseña&quot;, no se habilite el boton registrar #5" classname="Validar que se cumplan los requerimientos del usuario para la funcionalidad &quot;Registro de Usuario&quot;" time="10.661">
    <system-out><![CDATA[
@FuncionalidadRegistroDeUsuarios @ValidacionCondicionesContrasena
Scenario Outline: Validar que si no secumplen todas las condiciones para los campos "ContraseÃ±a" y "Confirmar contraseÃ±a", no se habilite el boton registrar &amp#27;[90m# src/test/resources/features/01.RegistroDeUsuarios/RegistroDeUsuarios.feature:66&amp#27;[0m
  &amp#27;[32mGiven &amp#27;[0m&amp#27;[32m&amp#27;[0m&amp#27;[32m&amp#27;[1mJuan PÃ©rez&amp#27;[0m&amp#27;[32m tiene acceso al aplicativo&amp#27;[0m                                                                                                                &amp#27;[90m# starter.stepdefinations.registroDeUsuario.SuccessfulRegistrationSteps.openWebApplication(java.lang.String)&amp#27;[0m
  &amp#27;[32mAnd &amp#27;[0m&amp#27;[32mingresa al formulario de registro de usuario nuevo&amp#27;[0m                                                                                                     &amp#27;[90m# starter.stepdefinations.registroDeUsuario.SuccessfulRegistrationSteps.goToRegistrationForm()&amp#27;[0m
  &amp#27;[32mWhen &amp#27;[0m&amp#27;[32mdiligencia el formulario de registro con los datos de &amp#27;[0m&amp#27;[32m&amp#27;[1mJuan PÃ©rez&amp#27;[0m&amp#27;[32m, &amp#27;[0m&amp#27;[32m&amp#27;[1mjuan-perez@example.com&amp#27;[0m&amp#27;[32m, &amp#27;[0m&amp#27;[32m&amp#27;[1mContraseÃ±a!&amp#27;[0m&amp#27;[32m y &amp#27;[0m&amp#27;[32m&amp#27;[1mContraseÃ±a!&amp#27;[0m                                   &amp#27;[90m# starter.stepdefinations.registroDeUsuario.ValidationConditionsPasswordsSteps.fillRegistrationFormOutline(java.lang.String,java.lang.String,java.lang.String,java.lang.String)&amp#27;[0m
  &amp#27;[32mThen &amp#27;[0m&amp#27;[32mcomprueba el estado del botÃ³n registrar&amp#27;[0m                                                                                                               &amp#27;[90m# starter.stepdefinations.registroDeUsuario.ValidationUserRequirementsSteps.validateSignUpButtonState(io.cucumber.datatable.DataTable)&amp#27;[0m
    | false |
]]></system-out>
    <system-err><![CDATA[ene. 09, 2025 10:37:50 P. M. org.openqa.selenium.devtools.CdpVersionFinder findNearestMatch
WARNING: Unable to find CDP implementation matching 131
ene. 09, 2025 10:37:50 P. M. org.openqa.selenium.chromium.ChromiumDriver lambda$new$5
WARNING: Unable to find version of CDP to use for 131.0.6778.265. You may need to include a dependency on a specific version of the CDP using something similar to `org.seleniumhq.selenium:selenium-devtools-v86:4.16.1` where the version ("v86") matches the version of the chromium-based browser you're using and the version number of the artifact is the same as Selenium's.
]]></system-err>
  </testcase>
  <testcase name="Validar que si al registrar un usuario las contraseñas no coinciden, no se habilite el boton registrar" classname="Validar que se cumplan los requerimientos del usuario para la funcionalidad &quot;Registro de Usuario&quot;" time="10.853">
    <system-out><![CDATA[
@FuncionalidadRegistroDeUsuarios @ValidacionContrasenasNoCoinciden
Scenario: Validar que si al registrar un usuario las contraseÃ±as no coinciden, no se habilite el boton registrar &amp#27;[90m# src/test/resources/features/01.RegistroDeUsuarios/RegistroDeUsuarios.feature:70&amp#27;[0m
  &amp#27;[32mGiven &amp#27;[0m&amp#27;[32m&amp#27;[0m&amp#27;[32m&amp#27;[1mJuan PÃ©rez&amp#27;[0m&amp#27;[32m tiene acceso al aplicativo&amp#27;[0m                                                                    &amp#27;[90m# starter.stepdefinations.registroDeUsuario.SuccessfulRegistrationSteps.openWebApplication(java.lang.String)&amp#27;[0m
  &amp#27;[32mAnd &amp#27;[0m&amp#27;[32mingresa al formulario de registro de usuario nuevo&amp#27;[0m                                                         &amp#27;[90m# starter.stepdefinations.registroDeUsuario.SuccessfulRegistrationSteps.goToRegistrationForm()&amp#27;[0m
  &amp#27;[32mWhen &amp#27;[0m&amp#27;[32mdiligencia el formulario de registro con los datos requeridos&amp#27;[0m                                             &amp#27;[90m# starter.stepdefinations.registroDeUsuario.ValidationUserRequirementsSteps.fillRegistrationForm(io.cucumber.datatable.DataTable)&amp#27;[0m
    | Nombre     | Correo                 | Contrasena   | Confirmar Contrasena |
    | Juan PÃ©rez | juan-perez@example.com | ContraseÃ±a1! | ContraseÃ±a2!         |
  &amp#27;[32mThen &amp#27;[0m&amp#27;[32mel sistema indica que las contraseÃ±as no coinciden&amp#27;[0m                                                        &amp#27;[90m# starter.stepdefinations.registroDeUsuario.ValidateErrorRegisterUserSteps.validateErrorPasswwordNotMatch(io.cucumber.datatable.DataTable)&amp#27;[0m
    | Passwords do not match |
  &amp#27;[32mAnd &amp#27;[0m&amp#27;[32mcomprueba el estado del botÃ³n registrar&amp#27;[0m                                                                    &amp#27;[90m# starter.stepdefinations.registroDeUsuario.ValidationUserRequirementsSteps.validateSignUpButtonState(io.cucumber.datatable.DataTable)&amp#27;[0m
    | false |
]]></system-out>
    <system-err><![CDATA[ene. 09, 2025 10:38:01 P. M. org.openqa.selenium.devtools.CdpVersionFinder findNearestMatch
WARNING: Unable to find CDP implementation matching 131
ene. 09, 2025 10:38:01 P. M. org.openqa.selenium.chromium.ChromiumDriver lambda$new$5
WARNING: Unable to find version of CDP to use for 131.0.6778.265. You may need to include a dependency on a specific version of the CDP using something similar to `org.seleniumhq.selenium:selenium-devtools-v86:4.16.1` where the version ("v86") matches the version of the chromium-based browser you're using and the version number of the artifact is the same as Selenium's.
]]></system-err>
  </testcase>
  <testcase name="Validar que si se presenta uno o más campos sin diligenciar, no se habilite el boton registrar #1" classname="Validar que se cumplan los requerimientos del usuario para la funcionalidad &quot;Registro de Usuario&quot;" time="10.515">
    <system-out><![CDATA[
@FuncionalidadRegistroDeUsuarios @ValidacionCamposObligatorios
Scenario Outline: Validar que si se presenta uno o mÃ¡s campos sin diligenciar, no se habilite el boton registrar &amp#27;[90m# src/test/resources/features/01.RegistroDeUsuarios/RegistroDeUsuarios.feature:91&amp#27;[0m
  &amp#27;[32mGiven &amp#27;[0m&amp#27;[32m&amp#27;[0m&amp#27;[32m&amp#27;[1mJuan PÃ©rez&amp#27;[0m&amp#27;[32m tiene acceso al aplicativo&amp#27;[0m                                                                    &amp#27;[90m# starter.stepdefinations.registroDeUsuario.SuccessfulRegistrationSteps.openWebApplication(java.lang.String)&amp#27;[0m
  &amp#27;[32mAnd &amp#27;[0m&amp#27;[32mingresa al formulario de registro de usuario nuevo&amp#27;[0m                                                         &amp#27;[90m# starter.stepdefinations.registroDeUsuario.SuccessfulRegistrationSteps.goToRegistrationForm()&amp#27;[0m
  &amp#27;[32mWhen &amp#27;[0m&amp#27;[32mdiligencia el formulario de registro con los datos de &amp#27;[0m&amp#27;[32m&amp#27;[1m&amp#27;[0m&amp#27;[32m, &amp#27;[0m&amp#27;[32m&amp#27;[1m&amp#27;[0m&amp#27;[32m, &amp#27;[0m&amp#27;[32m&amp#27;[1m&amp#27;[0m&amp#27;[32m y &amp#27;[0m&amp#27;[32m&amp#27;[1m&amp#27;[0m                                             &amp#27;[90m# starter.stepdefinations.registroDeUsuario.ValidationConditionsPasswordsSteps.fillRegistrationFormOutline(java.lang.String,java.lang.String,java.lang.String,java.lang.String)&amp#27;[0m
  &amp#27;[32mThen &amp#27;[0m&amp#27;[32mcomprueba el estado del botÃ³n registrar&amp#27;[0m                                                                   &amp#27;[90m# starter.stepdefinations.registroDeUsuario.ValidationUserRequirementsSteps.validateSignUpButtonState(io.cucumber.datatable.DataTable)&amp#27;[0m
    | false |
]]></system-out>
    <system-err><![CDATA[ene. 09, 2025 10:38:11 P. M. org.openqa.selenium.devtools.CdpVersionFinder findNearestMatch
WARNING: Unable to find CDP implementation matching 131
ene. 09, 2025 10:38:11 P. M. org.openqa.selenium.chromium.ChromiumDriver lambda$new$5
WARNING: Unable to find version of CDP to use for 131.0.6778.265. You may need to include a dependency on a specific version of the CDP using something similar to `org.seleniumhq.selenium:selenium-devtools-v86:4.16.1` where the version ("v86") matches the version of the chromium-based browser you're using and the version number of the artifact is the same as Selenium's.
]]></system-err>
  </testcase>
  <testcase name="Validar que si se presenta uno o más campos sin diligenciar, no se habilite el boton registrar #2" classname="Validar que se cumplan los requerimientos del usuario para la funcionalidad &quot;Registro de Usuario&quot;" time="10.678">
    <system-out><![CDATA[
@FuncionalidadRegistroDeUsuarios @ValidacionCamposObligatorios
Scenario Outline: Validar que si se presenta uno o mÃ¡s campos sin diligenciar, no se habilite el boton registrar   &amp#27;[90m# src/test/resources/features/01.RegistroDeUsuarios/RegistroDeUsuarios.feature:92&amp#27;[0m
  &amp#27;[32mGiven &amp#27;[0m&amp#27;[32m&amp#27;[0m&amp#27;[32m&amp#27;[1mJuan PÃ©rez&amp#27;[0m&amp#27;[32m tiene acceso al aplicativo&amp#27;[0m                                                                      &amp#27;[90m# starter.stepdefinations.registroDeUsuario.SuccessfulRegistrationSteps.openWebApplication(java.lang.String)&amp#27;[0m
  &amp#27;[32mAnd &amp#27;[0m&amp#27;[32mingresa al formulario de registro de usuario nuevo&amp#27;[0m                                                           &amp#27;[90m# starter.stepdefinations.registroDeUsuario.SuccessfulRegistrationSteps.goToRegistrationForm()&amp#27;[0m
  &amp#27;[32mWhen &amp#27;[0m&amp#27;[32mdiligencia el formulario de registro con los datos de &amp#27;[0m&amp#27;[32m&amp#27;[1m&amp#27;[0m&amp#27;[32m, &amp#27;[0m&amp#27;[32m&amp#27;[1mjuan-perez@example.com&amp#27;[0m&amp#27;[32m, &amp#27;[0m&amp#27;[32m&amp#27;[1mContraseÃ±a1!&amp#27;[0m&amp#27;[32m y &amp#27;[0m&amp#27;[32m&amp#27;[1mContraseÃ±a1!&amp#27;[0m &amp#27;[90m# starter.stepdefinations.registroDeUsuario.ValidationConditionsPasswordsSteps.fillRegistrationFormOutline(java.lang.String,java.lang.String,java.lang.String,java.lang.String)&amp#27;[0m
  &amp#27;[32mThen &amp#27;[0m&amp#27;[32mcomprueba el estado del botÃ³n registrar&amp#27;[0m                                                                     &amp#27;[90m# starter.stepdefinations.registroDeUsuario.ValidationUserRequirementsSteps.validateSignUpButtonState(io.cucumber.datatable.DataTable)&amp#27;[0m
    | false |
]]></system-out>
    <system-err><![CDATA[ene. 09, 2025 10:38:22 P. M. org.openqa.selenium.devtools.CdpVersionFinder findNearestMatch
WARNING: Unable to find CDP implementation matching 131
ene. 09, 2025 10:38:22 P. M. org.openqa.selenium.chromium.ChromiumDriver lambda$new$5
WARNING: Unable to find version of CDP to use for 131.0.6778.265. You may need to include a dependency on a specific version of the CDP using something similar to `org.seleniumhq.selenium:selenium-devtools-v86:4.16.1` where the version ("v86") matches the version of the chromium-based browser you're using and the version number of the artifact is the same as Selenium's.
]]></system-err>
  </testcase>
  <testcase name="Validar que si se presenta uno o más campos sin diligenciar, no se habilite el boton registrar #3" classname="Validar que se cumplan los requerimientos del usuario para la funcionalidad &quot;Registro de Usuario&quot;" time="10.335">
    <system-out><![CDATA[
@FuncionalidadRegistroDeUsuarios @ValidacionCamposObligatorios
Scenario Outline: Validar que si se presenta uno o mÃ¡s campos sin diligenciar, no se habilite el boton registrar &amp#27;[90m# src/test/resources/features/01.RegistroDeUsuarios/RegistroDeUsuarios.feature:93&amp#27;[0m
  &amp#27;[32mGiven &amp#27;[0m&amp#27;[32m&amp#27;[0m&amp#27;[32m&amp#27;[1mJuan PÃ©rez&amp#27;[0m&amp#27;[32m tiene acceso al aplicativo&amp#27;[0m                                                                    &amp#27;[90m# starter.stepdefinations.registroDeUsuario.SuccessfulRegistrationSteps.openWebApplication(java.lang.String)&amp#27;[0m
  &amp#27;[32mAnd &amp#27;[0m&amp#27;[32mingresa al formulario de registro de usuario nuevo&amp#27;[0m                                                         &amp#27;[90m# starter.stepdefinations.registroDeUsuario.SuccessfulRegistrationSteps.goToRegistrationForm()&amp#27;[0m
  &amp#27;[32mWhen &amp#27;[0m&amp#27;[32mdiligencia el formulario de registro con los datos de &amp#27;[0m&amp#27;[32m&amp#27;[1mJuan PÃ©rez&amp#27;[0m&amp#27;[32m, &amp#27;[0m&amp#27;[32m&amp#27;[1m&amp#27;[0m&amp#27;[32m, &amp#27;[0m&amp#27;[32m&amp#27;[1mContraseÃ±a1!&amp#27;[0m&amp#27;[32m y &amp#27;[0m&amp#27;[32m&amp#27;[1mContraseÃ±a1!&amp#27;[0m           &amp#27;[90m# starter.stepdefinations.registroDeUsuario.ValidationConditionsPasswordsSteps.fillRegistrationFormOutline(java.lang.String,java.lang.String,java.lang.String,java.lang.String)&amp#27;[0m
  &amp#27;[32mThen &amp#27;[0m&amp#27;[32mcomprueba el estado del botÃ³n registrar&amp#27;[0m                                                                   &amp#27;[90m# starter.stepdefinations.registroDeUsuario.ValidationUserRequirementsSteps.validateSignUpButtonState(io.cucumber.datatable.DataTable)&amp#27;[0m
    | false |
]]></system-out>
    <system-err><![CDATA[ene. 09, 2025 10:38:32 P. M. org.openqa.selenium.devtools.CdpVersionFinder findNearestMatch
WARNING: Unable to find CDP implementation matching 131
ene. 09, 2025 10:38:32 P. M. org.openqa.selenium.chromium.ChromiumDriver lambda$new$5
WARNING: Unable to find version of CDP to use for 131.0.6778.265. You may need to include a dependency on a specific version of the CDP using something similar to `org.seleniumhq.selenium:selenium-devtools-v86:4.16.1` where the version ("v86") matches the version of the chromium-based browser you're using and the version number of the artifact is the same as Selenium's.
]]></system-err>
  </testcase>
  <testcase name="Validar que si se presenta uno o más campos sin diligenciar, no se habilite el boton registrar #4" classname="Validar que se cumplan los requerimientos del usuario para la funcionalidad &quot;Registro de Usuario&quot;" time="10.802">
    <system-out><![CDATA[
@FuncionalidadRegistroDeUsuarios @ValidacionCamposObligatorios
Scenario Outline: Validar que si se presenta uno o mÃ¡s campos sin diligenciar, no se habilite el boton registrar &amp#27;[90m# src/test/resources/features/01.RegistroDeUsuarios/RegistroDeUsuarios.feature:94&amp#27;[0m
  &amp#27;[32mGiven &amp#27;[0m&amp#27;[32m&amp#27;[0m&amp#27;[32m&amp#27;[1mJuan PÃ©rez&amp#27;[0m&amp#27;[32m tiene acceso al aplicativo&amp#27;[0m                                                                    &amp#27;[90m# starter.stepdefinations.registroDeUsuario.SuccessfulRegistrationSteps.openWebApplication(java.lang.String)&amp#27;[0m
  &amp#27;[32mAnd &amp#27;[0m&amp#27;[32mingresa al formulario de registro de usuario nuevo&amp#27;[0m                                                         &amp#27;[90m# starter.stepdefinations.registroDeUsuario.SuccessfulRegistrationSteps.goToRegistrationForm()&amp#27;[0m
  &amp#27;[32mWhen &amp#27;[0m&amp#27;[32mdiligencia el formulario de registro con los datos de &amp#27;[0m&amp#27;[32m&amp#27;[1mJuan PÃ©rez&amp#27;[0m&amp#27;[32m, &amp#27;[0m&amp#27;[32m&amp#27;[1mjuan-perez@example.com&amp#27;[0m&amp#27;[32m, &amp#27;[0m&amp#27;[32m&amp#27;[1m&amp#27;[0m&amp#27;[32m y &amp#27;[0m&amp#27;[32m&amp#27;[1mContraseÃ±a1!&amp#27;[0m &amp#27;[90m# starter.stepdefinations.registroDeUsuario.ValidationConditionsPasswordsSteps.fillRegistrationFormOutline(java.lang.String,java.lang.String,java.lang.String,java.lang.String)&amp#27;[0m
  &amp#27;[32mThen &amp#27;[0m&amp#27;[32mcomprueba el estado del botÃ³n registrar&amp#27;[0m                                                                   &amp#27;[90m# starter.stepdefinations.registroDeUsuario.ValidationUserRequirementsSteps.validateSignUpButtonState(io.cucumber.datatable.DataTable)&amp#27;[0m
    | false |
]]></system-out>
    <system-err><![CDATA[ene. 09, 2025 10:38:43 P. M. org.openqa.selenium.devtools.CdpVersionFinder findNearestMatch
WARNING: Unable to find CDP implementation matching 131
ene. 09, 2025 10:38:43 P. M. org.openqa.selenium.chromium.ChromiumDriver lambda$new$5
WARNING: Unable to find version of CDP to use for 131.0.6778.265. You may need to include a dependency on a specific version of the CDP using something similar to `org.seleniumhq.selenium:selenium-devtools-v86:4.16.1` where the version ("v86") matches the version of the chromium-based browser you're using and the version number of the artifact is the same as Selenium's.
]]></system-err>
  </testcase>
  <testcase name="Validar que si se presenta uno o más campos sin diligenciar, no se habilite el boton registrar #5" classname="Validar que se cumplan los requerimientos del usuario para la funcionalidad &quot;Registro de Usuario&quot;" time="10.601">
    <system-out><![CDATA[
@FuncionalidadRegistroDeUsuarios @ValidacionCamposObligatorios
Scenario Outline: Validar que si se presenta uno o mÃ¡s campos sin diligenciar, no se habilite el boton registrar &amp#27;[90m# src/test/resources/features/01.RegistroDeUsuarios/RegistroDeUsuarios.feature:95&amp#27;[0m
  &amp#27;[32mGiven &amp#27;[0m&amp#27;[32m&amp#27;[0m&amp#27;[32m&amp#27;[1mJuan PÃ©rez&amp#27;[0m&amp#27;[32m tiene acceso al aplicativo&amp#27;[0m                                                                    &amp#27;[90m# starter.stepdefinations.registroDeUsuario.SuccessfulRegistrationSteps.openWebApplication(java.lang.String)&amp#27;[0m
  &amp#27;[32mAnd &amp#27;[0m&amp#27;[32mingresa al formulario de registro de usuario nuevo&amp#27;[0m                                                         &amp#27;[90m# starter.stepdefinations.registroDeUsuario.SuccessfulRegistrationSteps.goToRegistrationForm()&amp#27;[0m
  &amp#27;[32mWhen &amp#27;[0m&amp#27;[32mdiligencia el formulario de registro con los datos de &amp#27;[0m&amp#27;[32m&amp#27;[1mJuan PÃ©rez&amp#27;[0m&amp#27;[32m, &amp#27;[0m&amp#27;[32m&amp#27;[1mjuan-perez@example.com&amp#27;[0m&amp#27;[32m, &amp#27;[0m&amp#27;[32m&amp#27;[1mContraseÃ±a1!&amp#27;[0m&amp#27;[32m y &amp#27;[0m&amp#27;[32m&amp#27;[1m&amp#27;[0m &amp#27;[90m# starter.stepdefinations.registroDeUsuario.ValidationConditionsPasswordsSteps.fillRegistrationFormOutline(java.lang.String,java.lang.String,java.lang.String,java.lang.String)&amp#27;[0m
  &amp#27;[32mThen &amp#27;[0m&amp#27;[32mcomprueba el estado del botÃ³n registrar&amp#27;[0m                                                                   &amp#27;[90m# starter.stepdefinations.registroDeUsuario.ValidationUserRequirementsSteps.validateSignUpButtonState(io.cucumber.datatable.DataTable)&amp#27;[0m
    | false |
]]></system-out>
    <system-err><![CDATA[ene. 09, 2025 10:38:54 P. M. org.openqa.selenium.devtools.CdpVersionFinder findNearestMatch
WARNING: Unable to find CDP implementation matching 131
ene. 09, 2025 10:38:54 P. M. org.openqa.selenium.chromium.ChromiumDriver lambda$new$5
WARNING: Unable to find version of CDP to use for 131.0.6778.265. You may need to include a dependency on a specific version of the CDP using something similar to `org.seleniumhq.selenium:selenium-devtools-v86:4.16.1` where the version ("v86") matches the version of the chromium-based browser you're using and the version number of the artifact is the same as Selenium's.
]]></system-err>
  </testcase>
  <testcase name="Validar que se pueda logear exitosamente un usuario en el sistema" classname="Validar que se cumplan los requerimientos del usuario para la funcionalidad &quot;Login de Usuario&quot;" time="5.401">
    <system-out><![CDATA[
@FuncionalidadLoginDeUsuarios @LoginExitoso
Scenario: Validar que se pueda logear exitosamente un usuario en el sistema &amp#27;[90m# src/test/resources/features/02.LoginDeUsuarios/LoginDeUsuarios.feature:10&amp#27;[0m
  &amp#27;[32mGiven &amp#27;[0m&amp#27;[32m&amp#27;[0m&amp#27;[32m&amp#27;[1mJuan PÃ©rez&amp#27;[0m&amp#27;[32m tiene acceso al aplicativo&amp#27;[0m                               &amp#27;[90m# starter.stepdefinations.registroDeUsuario.SuccessfulRegistrationSteps.openWebApplication(java.lang.String)&amp#27;[0m
  &amp#27;[32mWhen &amp#27;[0m&amp#27;[32minicia sesion con las credenciales requeridas&amp#27;[0m                        &amp#27;[90m# starter.stepdefinations.loginDeUsuario.SuccessfulLoginSteps.sendLoginForm(io.cucumber.datatable.DataTable)&amp#27;[0m
    | Correo                 | Contrasena   |
    | juan-perez@example.com | ContraseÃ±a1! |
  &amp#27;[32mThen &amp#27;[0m&amp#27;[32mel sistema muestra el nombre del usuario en la pantalla principal&amp#27;[0m    &amp#27;[90m# starter.stepdefinations.loginDeUsuario.SuccessfulLoginSteps.validateSuccessLogin(io.cucumber.datatable.DataTable)&amp#27;[0m
    | Juan PÃ©rez |
]]></system-out>
    <system-err><![CDATA[ene. 09, 2025 10:39:05 P. M. org.openqa.selenium.devtools.CdpVersionFinder findNearestMatch
WARNING: Unable to find CDP implementation matching 131
ene. 09, 2025 10:39:05 P. M. org.openqa.selenium.chromium.ChromiumDriver lambda$new$5
WARNING: Unable to find version of CDP to use for 131.0.6778.265. You may need to include a dependency on a specific version of the CDP using something similar to `org.seleniumhq.selenium:selenium-devtools-v86:4.16.1` where the version ("v86") matches the version of the chromium-based browser you're using and the version number of the artifact is the same as Selenium's.
]]></system-err>
  </testcase>
  <testcase name="Validar que si se presenta uno o más campos sin diligenciar, no se habilite el boton iniciar sesion #1" classname="Validar que se cumplan los requerimientos del usuario para la funcionalidad &quot;Login de Usuario&quot;" time="9.047">
    <system-out><![CDATA[
@FuncionalidadLoginDeUsuarios @ValidacionCamposObligatoriosLogin
Scenario Outline: Validar que si se presenta uno o mÃ¡s campos sin diligenciar, no se habilite el boton iniciar sesion &amp#27;[90m# src/test/resources/features/02.LoginDeUsuarios/LoginDeUsuarios.feature:27&amp#27;[0m
  &amp#27;[32mGiven &amp#27;[0m&amp#27;[32m&amp#27;[0m&amp#27;[32m&amp#27;[1mJuan PÃ©rez&amp#27;[0m&amp#27;[32m tiene acceso al aplicativo&amp#27;[0m                                                                         &amp#27;[90m# starter.stepdefinations.registroDeUsuario.SuccessfulRegistrationSteps.openWebApplication(java.lang.String)&amp#27;[0m
  &amp#27;[32mWhen &amp#27;[0m&amp#27;[32minicia sesion con los datos de &amp#27;[0m&amp#27;[32m&amp#27;[1m&amp#27;[0m&amp#27;[32m y &amp#27;[0m&amp#27;[32m&amp#27;[1m&amp#27;[0m                                                                             &amp#27;[90m# starter.stepdefinations.loginDeUsuario.ValidationFieldsEmptySteps.sendLoginFormOutline(java.lang.String,java.lang.String)&amp#27;[0m
  &amp#27;[32mThen &amp#27;[0m&amp#27;[32mcomprueba el estado del botÃ³n iniciar sesion&amp#27;[0m                                                                   &amp#27;[90m# starter.stepdefinations.loginDeUsuario.ValidationFieldsEmptySteps.validateStateLoginButton(io.cucumber.datatable.DataTable)&amp#27;[0m
    | false |
]]></system-out>
    <system-err><![CDATA[ene. 09, 2025 10:39:10 P. M. org.openqa.selenium.devtools.CdpVersionFinder findNearestMatch
WARNING: Unable to find CDP implementation matching 131
ene. 09, 2025 10:39:10 P. M. org.openqa.selenium.chromium.ChromiumDriver lambda$new$5
WARNING: Unable to find version of CDP to use for 131.0.6778.265. You may need to include a dependency on a specific version of the CDP using something similar to `org.seleniumhq.selenium:selenium-devtools-v86:4.16.1` where the version ("v86") matches the version of the chromium-based browser you're using and the version number of the artifact is the same as Selenium's.
]]></system-err>
  </testcase>
  <testcase name="Validar que si se presenta uno o más campos sin diligenciar, no se habilite el boton iniciar sesion #2" classname="Validar que se cumplan los requerimientos del usuario para la funcionalidad &quot;Login de Usuario&quot;" time="9.258">
    <system-out><![CDATA[
@FuncionalidadLoginDeUsuarios @ValidacionCamposObligatoriosLogin
Scenario Outline: Validar que si se presenta uno o mÃ¡s campos sin diligenciar, no se habilite el boton iniciar sesion &amp#27;[90m# src/test/resources/features/02.LoginDeUsuarios/LoginDeUsuarios.feature:28&amp#27;[0m
  &amp#27;[32mGiven &amp#27;[0m&amp#27;[32m&amp#27;[0m&amp#27;[32m&amp#27;[1mJuan PÃ©rez&amp#27;[0m&amp#27;[32m tiene acceso al aplicativo&amp#27;[0m                                                                         &amp#27;[90m# starter.stepdefinations.registroDeUsuario.SuccessfulRegistrationSteps.openWebApplication(java.lang.String)&amp#27;[0m
  &amp#27;[32mWhen &amp#27;[0m&amp#27;[32minicia sesion con los datos de &amp#27;[0m&amp#27;[32m&amp#27;[1mjuan-perez@example.com&amp#27;[0m&amp#27;[32m y &amp#27;[0m&amp#27;[32m&amp#27;[1m&amp#27;[0m                                                       &amp#27;[90m# starter.stepdefinations.loginDeUsuario.ValidationFieldsEmptySteps.sendLoginFormOutline(java.lang.String,java.lang.String)&amp#27;[0m
  &amp#27;[32mThen &amp#27;[0m&amp#27;[32mcomprueba el estado del botÃ³n iniciar sesion&amp#27;[0m                                                                   &amp#27;[90m# starter.stepdefinations.loginDeUsuario.ValidationFieldsEmptySteps.validateStateLoginButton(io.cucumber.datatable.DataTable)&amp#27;[0m
    | false |
]]></system-out>
    <system-err><![CDATA[ene. 09, 2025 10:39:19 P. M. org.openqa.selenium.devtools.CdpVersionFinder findNearestMatch
WARNING: Unable to find CDP implementation matching 131
ene. 09, 2025 10:39:19 P. M. org.openqa.selenium.chromium.ChromiumDriver lambda$new$5
WARNING: Unable to find version of CDP to use for 131.0.6778.265. You may need to include a dependency on a specific version of the CDP using something similar to `org.seleniumhq.selenium:selenium-devtools-v86:4.16.1` where the version ("v86") matches the version of the chromium-based browser you're using and the version number of the artifact is the same as Selenium's.
]]></system-err>
  </testcase>
  <testcase name="Validar que si se presenta uno o más campos sin diligenciar, no se habilite el boton iniciar sesion #3" classname="Validar que se cumplan los requerimientos del usuario para la funcionalidad &quot;Login de Usuario&quot;" time="9.132">
    <system-out><![CDATA[
@FuncionalidadLoginDeUsuarios @ValidacionCamposObligatoriosLogin
Scenario Outline: Validar que si se presenta uno o mÃ¡s campos sin diligenciar, no se habilite el boton iniciar sesion &amp#27;[90m# src/test/resources/features/02.LoginDeUsuarios/LoginDeUsuarios.feature:29&amp#27;[0m
  &amp#27;[32mGiven &amp#27;[0m&amp#27;[32m&amp#27;[0m&amp#27;[32m&amp#27;[1mJuan PÃ©rez&amp#27;[0m&amp#27;[32m tiene acceso al aplicativo&amp#27;[0m                                                                         &amp#27;[90m# starter.stepdefinations.registroDeUsuario.SuccessfulRegistrationSteps.openWebApplication(java.lang.String)&amp#27;[0m
  &amp#27;[32mWhen &amp#27;[0m&amp#27;[32minicia sesion con los datos de &amp#27;[0m&amp#27;[32m&amp#27;[1m&amp#27;[0m&amp#27;[32m y &amp#27;[0m&amp#27;[32m&amp#27;[1mContraseÃ±a1!&amp#27;[0m                                                                 &amp#27;[90m# starter.stepdefinations.loginDeUsuario.ValidationFieldsEmptySteps.sendLoginFormOutline(java.lang.String,java.lang.String)&amp#27;[0m
  &amp#27;[32mThen &amp#27;[0m&amp#27;[32mcomprueba el estado del botÃ³n iniciar sesion&amp#27;[0m                                                                   &amp#27;[90m# starter.stepdefinations.loginDeUsuario.ValidationFieldsEmptySteps.validateStateLoginButton(io.cucumber.datatable.DataTable)&amp#27;[0m
    | false |
]]></system-out>
    <system-err><![CDATA[ene. 09, 2025 10:39:28 P. M. org.openqa.selenium.devtools.CdpVersionFinder findNearestMatch
WARNING: Unable to find CDP implementation matching 131
ene. 09, 2025 10:39:28 P. M. org.openqa.selenium.chromium.ChromiumDriver lambda$new$5
WARNING: Unable to find version of CDP to use for 131.0.6778.265. You may need to include a dependency on a specific version of the CDP using something similar to `org.seleniumhq.selenium:selenium-devtools-v86:4.16.1` where the version ("v86") matches the version of the chromium-based browser you're using and the version number of the artifact is the same as Selenium's.
]]></system-err>
  </testcase>
  <testcase name="Validar el mensaje de error al tratar de loguearse con contraseñas incorrectas" classname="Validar que se cumplan los requerimientos del usuario para la funcionalidad &quot;Login de Usuario&quot;" time="5.012">
    <system-out><![CDATA[
@FuncionalidadLoginDeUsuarios @LoginFallido
Scenario: Validar el mensaje de error al tratar de loguearse con contraseÃ±as incorrectas &amp#27;[90m# src/test/resources/features/02.LoginDeUsuarios/LoginDeUsuarios.feature:33&amp#27;[0m
  &amp#27;[32mGiven &amp#27;[0m&amp#27;[32m&amp#27;[0m&amp#27;[32m&amp#27;[1mJuan PÃ©rez&amp#27;[0m&amp#27;[32m tiene acceso al aplicativo&amp#27;[0m                                            &amp#27;[90m# starter.stepdefinations.registroDeUsuario.SuccessfulRegistrationSteps.openWebApplication(java.lang.String)&amp#27;[0m
  &amp#27;[32mWhen &amp#27;[0m&amp#27;[32minicia sesion con las credenciales requeridas&amp#27;[0m                                     &amp#27;[90m# starter.stepdefinations.loginDeUsuario.SuccessfulLoginSteps.sendLoginForm(io.cucumber.datatable.DataTable)&amp#27;[0m
    | Correo                 | Contrasena   |
    | juan-perez@example.com | Incorrecta1! |
  &amp#27;[32mThen &amp#27;[0m&amp#27;[32mel sistema muestra un mensaje de error em la pantalla de login&amp#27;[0m                    &amp#27;[90m# starter.stepdefinations.loginDeUsuario.FailedLoginSteps.validateFailedLogin(io.cucumber.datatable.DataTable)&amp#27;[0m
    | Password doesn't match |
]]></system-out>
    <system-err><![CDATA[ene. 09, 2025 10:39:37 P. M. org.openqa.selenium.devtools.CdpVersionFinder findNearestMatch
WARNING: Unable to find CDP implementation matching 131
ene. 09, 2025 10:39:37 P. M. org.openqa.selenium.chromium.ChromiumDriver lambda$new$5
WARNING: Unable to find version of CDP to use for 131.0.6778.265. You may need to include a dependency on a specific version of the CDP using something similar to `org.seleniumhq.selenium:selenium-devtools-v86:4.16.1` where the version ("v86") matches the version of the chromium-based browser you're using and the version number of the artifact is the same as Selenium's.
]]></system-err>
  </testcase>
  <testcase name="Validar que se pueda cerrar sesión correctamente del sistema" classname="Validar que se cumplan los requerimientos del usuario para la funcionalidad &quot;Login de Usuario&quot;" time="5.822">
    <system-out><![CDATA[
@FuncionalidadLoginDeUsuarios @CierreSesion
Scenario: Validar que se pueda cerrar sesiÃ³n correctamente del sistema &amp#27;[90m# src/test/resources/features/02.LoginDeUsuarios/LoginDeUsuarios.feature:43&amp#27;[0m
  &amp#27;[32mGiven &amp#27;[0m&amp#27;[32m&amp#27;[0m&amp#27;[32m&amp#27;[1mJuan PÃ©rez&amp#27;[0m&amp#27;[32m tiene acceso al aplicativo&amp#27;[0m                          &amp#27;[90m# starter.stepdefinations.registroDeUsuario.SuccessfulRegistrationSteps.openWebApplication(java.lang.String)&amp#27;[0m
  &amp#27;[32mAnd &amp#27;[0m&amp#27;[32minicia sesion con las credenciales requeridas&amp#27;[0m                    &amp#27;[90m# starter.stepdefinations.loginDeUsuario.SuccessfulLoginSteps.sendLoginForm(io.cucumber.datatable.DataTable)&amp#27;[0m
    | Correo                 | Contrasena   |
    | juan-perez@example.com | ContraseÃ±a1! |
  &amp#27;[32mWhen &amp#27;[0m&amp#27;[32mel usuario cierra sesion de si perfil&amp#27;[0m                           &amp#27;[90m# starter.stepdefinations.loginDeUsuario.SuccessfulLogoutSteps.sendLoginForm()&amp#27;[0m
  &amp#27;[32mThen &amp#27;[0m&amp#27;[32mel sistema muestra la pantalla de login&amp#27;[0m                         &amp#27;[90m# starter.stepdefinations.loginDeUsuario.SuccessfulLogoutSteps.validateSuccessLogin(io.cucumber.datatable.DataTable)&amp#27;[0m
    | Sign in |
]]></system-out>
    <system-err><![CDATA[ene. 09, 2025 10:39:42 P. M. org.openqa.selenium.devtools.CdpVersionFinder findNearestMatch
WARNING: Unable to find CDP implementation matching 131
ene. 09, 2025 10:39:42 P. M. org.openqa.selenium.chromium.ChromiumDriver lambda$new$5
WARNING: Unable to find version of CDP to use for 131.0.6778.265. You may need to include a dependency on a specific version of the CDP using something similar to `org.seleniumhq.selenium:selenium-devtools-v86:4.16.1` where the version ("v86") matches the version of the chromium-based browser you're using and the version number of the artifact is the same as Selenium's.
]]></system-err>
  </testcase>
</testsuite>